L1[x_] :=-0.954464285714 + 2.004357142857 x^1 

-1.00 -4.4670 -2.958821 1.508179
-0.50 -0.4520 -1.956643 1.504643
0.00 0.5510 -0.954464 1.505464
0.50 0.0480 0.047714 0.000286
1.00 -0.4470 1.049893 1.496893
1.50 0.5490 2.052071 1.503071
2.00 4.5520 3.054250 1.497750


L2[x_] :=-0.951642857143 + 2.008119047619 x^1 + -0.003761904762 x^2 

-1.00 -4.4670 -2.963524 1.503476
-0.50 -0.4520 -1.956643 1.504643
0.00 0.5510 -0.951643 1.502643
0.50 0.0480 0.051476 0.003476
1.00 -0.4470 1.052714 1.499714
1.50 0.5490 2.052071 1.503071
2.00 4.5520 3.049548 1.502452


L3[x_] :=0.551023809524 + 0.004563492063 x^1 + -3.009095238095 x^2 + 2.003555555556 x^3 

-1.00 -4.4670 -4.466190 0.000810
-0.50 -0.4520 -0.453976 0.001976
0.00 0.5510 0.551024 0.000024
0.50 0.0480 0.051476 0.003476
1.00 -0.4470 -0.449952 0.002952
1.50 0.5490 0.549405 0.000405
2.00 4.5520 4.552214 0.000214


