E:21.923506709
E:21.403709885
E:20.513201644
E:19.908486289
E:22.362270820
E:24.491225408
E:28.000000000
28
E:1.500387325
E:4.730625147
E:7.252570434
E:2.555354506
E:-4.641368287
-6
E:18.981364280
E:0.120917038
E:-3.809566439
E:-4.793305645
-7
E:13.323220922
E:12.922888636
E:13.529568189
E:13.823125483
E:13.673469388
E:12.472985624
E:3.724361716
E:-3.395925866
E:-1.571735647
E:-4.950001356
E:-5.798265490
-12
E:22.053139175
E:22.554984434
E:23.885634611
E:24.353325688
E:15.665911866
7
E:17.378320306
E:0.942470508
E:-6.767978844
E:-6.564343294
E:-9.000000000
-9
E:6.720890283
E:2.679987956
E:3.054780386
E:4.916572158
13
E:12.184590485
E:12.621018208
E:7.051133197
E:14.052252819
E:14.370993667
E:16.000000000
16
E:16.032221637
E:15.277678613
E:15.582498109
E:18.754461170
E:20.229327871
E:16.439746191
E:17.723626359
E:18.490863127
E:-3.032483471
E:-13.000000000
-9
E:13.762359780
E:14.385944393
E:13.309066300
E:13.793989134
E:13.543567873
E:10.393795918
E:13.000000000
13
E:14.311494079
E:13.593462300
E:8.773198371
E:6.067145266
E:2.622266594
E:-1.239202590
-19
E:20.746945862
E:25.698017272
E:22.969369807
E:25.408742035
E:24.865544811
E:12.000000000
12
E:14.204434599
E:17.297408357
E:16.505189465
13
E:nan
E:16.176369188
E:16.754857796
E:13.914843508
E:5.740616714
E:11.262062684
E:3.244906218
E:-0.179069930
E:-7.658594809
E:-6.223339051
E:-14.000000000
-12
E:11.768936951
E:11.560433482
E:10.132887631
13
E:14.028983948
E:5.733438986
E:9.588891606
E:3.900149127
E:4.740978947
E:-11.146078110
-19
E:19.490572024
E:21.058927276
E:21.464132734
E:22.022394154
E:28.000000000
E:21.753307299
E:22.291587266
E:23.769182008
E:25.532200238
E:27.662325620
E:25.826446388
34
E:13.025431070
E:13.641199109
E:8.954240843
E:10.919608864
E:9.517952136
E:10.125000000
E:6.227936397
E:-4.180123740
E:-3.176711446
E:-7.000000000
-13
E:13.035802197
E:-0.274460093
E:-4.815578133
E:-6.620485143
-6
E:14.473645379
E:13.188929088
E:11.634643637
E:7.241778431
E:2.949552615
-7
E:12.544770648
E:12.827306578
E:13.384187196
E:10.776272259
E:12.394825356
E:12.663994169
E:-17.000000000
E:-2.047744648
E:-2.000000000
-4
E:8.001739334
E:4.393116890
E:9.943529271
E:10.337479258
E:8.988220496
E:5.645260549
-9
E:7.311601306
E:11.140241904
E:13.621494762
E:9.582980940
E:6.715437200
7
E:24.856647208
E:23.761838747
E:25.047509851
E:27.109312511
E:30.260486197
E:33.289189959
E:13.508405652
E:10.229431217
E:15.987730664
E:-1.070898451
E:-0.251564420
E:-2.984497000
-14
E:21.712710431
E:22.215500535
E:23.234096843
E:23.642449300
E:23.474173336
E:19.913702624
E:12.000000000
12
E:6.775834157
E:-2.587082187
E:-6.129188774
-5
E:13.326845662
E:13.403809929
E:13.458182268
E:12.154617948
E:11.716784919
E:13.000000000
13
E:18.293413394
E:18.082415302
E:18.136441350
E:17.832790939
E:20.883677068
E:10.017143030
E:13.634087906
E:14.199107274
E:14.101001829
23
E:13.819709575
E:14.074170243
E:14.880207890
E:20.694441806
E:25.013706869
E:20.037037696
E:19.771709210
E:19.216404813
E:23.526783813
E:24.951829028
23
E:7.636778279
E:-4.613662075
E:-3.278346193
-1
E:9.975719128
E:10.225478176
E:6.437006098
E:0.653575185
E:-12.000000000
-16
E:2.273234717
E:-2.279722569
-2
E:17.908117785
E:17.458093563
E:18.691405930
E:19.467957284
E:19.445135440
E:16.795952777
E:15.856589016
E:15.044989452
E:13.067385339
E:14.470691844
E:8.898182528
-1
E:15.124776406
E:14.907247294
E:15.686262270
E:16.891264291
E:11.941704020
16
E:13.034336723
E:-4.352837644
E:-0.541572059
E:-5.556893795
E:-6.019604058
21
E:18.715778708
E:20.643006092
E:19.110847944
E:5.101113018
E:-5.877408939
E:-24.000000000
-21
E:9.443409422
E:8.395295658
E:7.724145288
E:6.423283638
E:2.598379437
E:-3.849288326
E:10.831431787
E:11.318012208
E:8.784631423
E:4.811467012
E:-5.118943530
E:-1.936931237
-18
E:11.400099219
E:12.196296400
E:3.797762596
E:6.183290961
E:5.312022916
9
E:19.069455250
E:19.838409997
E:20.854949952
E:22.542633638
E:23.445767826
25
E:6.383811239
E:6.222707028
E:3.494076348
E:-3.727435236
E:-5.618386146
-4
E:16.410210127
E:13.587187975
E:18.946323846
E:21.173944702
E:22.233663333
E:23.000000000
E:9.677457548
E:11.744320358
E:17.303841542
E:19.120051636
E:12.471487615
E:8.000000000
8
E:14.625030223
E:15.024518099
E:14.611031396
E:13.725032314
E:11.963027455
16
E:11.289856790
E:15.353778343
E:14.211990658
E:11.205024358
E:9.237593162
E:9.000000000
9
E:1.980878178
E:2.452500294
E:-7.470965140
E:-6.000000000
-12
E:14.371757223
E:16.756385858
E:17.212668551
E:16.137207031
E:15.028514203
E:17.441450286
E:17.147335854
15
E:5.157171507
E:3.181689700
E:2.644027064
E:0.551975894
E:-7.432882667
-10
E:12.364575921
E:10.189209941
E:10.159758135
E:6.984457258
E:-4.000000000
-4
E:15.461071078
E:10.765196816
E:10.663349841
E:15.720372044
14
E:16.605179747
E:16.499276931
E:15.754718097
E:12.660894773
E:8.489134939
E:13.483293793
E:13.965784494
E:15.227990738
E:14.170699793
E:14.314779140
E:16.819444444
15
E:17.371238311
E:17.122205788
E:20.786398866
E:20.195016398
E:22.000000000
22
E:-2.222025155
E:-3.808720394
E:-8.000000000
-10
E:11.789786046
E:10.479080382
E:-4.175573065
E:-4.851722884
E:-8.000000000
-16
E:14.979515167
E:14.990896283
E:13.730460944
E:6.918576574
E:12.632158455
E:8.778048000
E:4.466961818
E:2.134730894
E:-4.267332835
E:-6.463359550
E:-8.000000000
-14
E:12.330033447
E:9.885953853
E:9.133619473
E:6.605688009
E:-16.000000000
-20
E:14.398134156
E:13.968980848
E:15.199709373
7
E:13.631981344
E:4.020331942
E:3.609146720
E:-0.539705580
E:-6.513319880
E:-10.000000000
E:10.486624713
E:12.459606497
E:12.885616576
E:12.019824857
E:11.681388510
E:6.311884581
20
E:17.104364886
E:6.263027456
E:-3.071369031
E:-4.054530933
E:-5.921092759
E:-18.000000000
-25
E:10.917363730
E:10.699069501
E:8.238533532
E:7.801387874
6
E:13.030717323
E:12.335621478
E:7.009726765
E:12.295401054
E:2.754308971
E:6.320371544
E:21.028260625
E:19.843666949
E:18.425892308
E:17.196261996
E:17.675196875
16
E:19.117827035
E:-3.684129550
E:-2.703741784
E:-3.339898754
E:-2.875168271
20
E:15.584206595
E:17.098483895
E:16.787736093
E:15.998944327
E:14.813198685
E:2.603431012
E:-3.087246990
E:-4.587690171
E:-6.832739498
-4
E:6.910650048
E:-1.355613605
E:-1.302000375
E:-4.000000000
-8
E:16.602613972
E:16.285165277
E:16.616125883
E:11.658621440
E:10.663069188
15
E:23.783742519
E:28.795605394
E:30.643265596
E:32.411274010
E:33.000000000
E:4.357576810
E:5.296228735
E:-4.589191309
E:-5.063594629
5
E:15.506976474
E:11.571460198
E:17.050651827
E:17.811244410
E:18.995981317
E:18.518518519
20
E:12.915732765
E:12.970227151
E:16.968776939
E:16.989659342
E:11.311197233
E:12.227967747
E:5.118864804
E:-4.027626110
E:-1.950013099
E:-7.287610372
-21
E:14.757311399
E:3.748479384
E:4.940207088
E:8.947186372
E:2.789561550
20
E:14.859413961
E:17.613052241
13
E:-0.152495657
E:-3.033120918
E:-7.900211895
E:-6.000000000
-7
E:3.671607427
E:-3.810385422
E:-3.957397210
E:-7.093662345
E:-8.000000000
-7
E:10.663140707
E:-1.390776910
E:0.468668430
E:-5.146515378
E:-5.414009098
E:-2.000000000
E:19.480361871
E:19.855739546
E:19.490311788
E:5.012279352
13
E:13.967349863
E:3.446618147
E:4.747920684
E:0.965275168
E:-5.296937012
E:-17.000000000
-16
E:11.037472191
E:11.386091571
E:2.006840026
E:4.998315264
E:3.415401602
E:-3.000000000
-9
E:16.699931953
E:16.464448683
E:16.775174965
E:17.702564822
E:16.971501585
E:22.000000000
22
E:12.971743530
E:13.809186337
E:12.378150623
E:12.961313910
E:12.058480217
E:11.984739211
E:10.654523642
E:10.769728676
11
E:13.418789140
E:15.237630365
E:15.451064342
E:15.279158419
17
E:12.779236266
E:2.191006073
E:0.444776093
E:2.033433701
E:4.664670453
E:10.000000000
10
E:15.098464268
E:15.976260380
E:15.921358628
E:-3.223181736
E:-6.223048176
E:-7.442013686
E:-6.000000000
-8
E:14.274997383
E:1.690028088
E:5.927935710
E:0.970992428
E:4.816051312
E:-9.260066640
-22
E:14.337863001
E:-5.476167227
E:-5.860336930
E:-4.999921921
E:-6.000000000
E:1.870384804
E:1.633691999
E:-3.058505903
E:-3.502309015
E:-4.207222948
-14
E:15.446829292
7
E:6.453135427
E:4.407233570
E:6.597973156
E:7.875380625
E:8.225368040
E:7.386879781
E:12.000000000
12
E:15.237916692
E:15.396783237
E:15.538056119
E:14.560396885
E:14.000000000
14
E:12.508614865
E:11.949071434
E:0.399392002
E:-4.844070947
E:-7.000000000
-10
E:10.776760618
E:11.327853431
E:14.256834135
E:12.391912780
E:6.495143238
E:6.042210432
E:6.561102697
E:-4.846937560
10
E:11.410658497
E:12.552900703
E:7.422424265
9
E:12.456080211
E:3.575144949
E:-1.540132913
E:-7.037750219
E:-3.000000000
-6
E:8.666500063
E:6.908405758
E:1.571570600
E:-6.000000000
-10
E:19.284915611
E:19.491984726
E:19.482434387
E:20.741969169
E:20.430533505
E:14.075131383
13
E:17.485506844
E:15.898600945
E:11.673183884
E:0.945216685
E:0.197835696
-8
E:18.334980637
E:18.642122273
E:17.726144429
E:23.475094333
E:26.355371901
E:15.823965865
E:4.582558884
E:4.451267857
E:-2.900351872
E:-6.000000000
-6
E:0.729043334
E:5.216190528
E:-6.107822261
E:-7.000000000
-7
E:15.699135313
E:15.600031410
E:16.715773690
E:17.432144542
E:18.888888889
17
E:15.478399047
E:-0.950239768
E:-3.432458080
E:-4.154074570
E:-1.908375090
E:-0.810662064
-7
E:13.495583859
E:6.002680206
E:5.284401854
E:3.178246790
E:7.058955638
E:6.240262810
E:10.000000000
10
E:1.388616756
E:0.562646079
E:-6.311616411
E:-8.204098166
-6
E:10.910898481
E:2.539709705
E:0.655228946
E:-2.405119119
E:-7.000000000
-10
E:5.970598086
E:0.257105963
E:-1.443715817
E:-3.647930627
E:-0.190678859
E:-3.675073094
E:-9.000000000
E:11.683013001
E:10.843451770
E:9.928774422
E:7.060427579
E:3.926146705
11
E:6.346235407
E:3.362499758
E:-0.223266607
E:-4.205547919
E:-8.570819123
-7
E:5.868073170
E:0.108249293
E:-4.453884321
E:-5.867743130
E:-14.000000000
-21
E:5.592235203
E:7.962911392
E:2.020982422
E:0.626813443
E:-8.000000000
-7
E:11.037571339
E:3.469159091
E:0.343515011
E:-1.076443599
E:0.203342047
E:-5.000000000
E:5.046384969
E:-7.435579831
E:-4.467521256
-2
E:19.328818211
E:0.958204473
E:3.846679705
E:-2.647005688
E:-0.868898129
E:-1.440625695
2
E:2.245139658
E:6.224504113
E:-5.195762426
E:-6.457030693
E:-14.495563815
-21
E:18.698919463
E:20.615738421
E:16.007940511
E:21.255488994
E:22.727684729
E:23.000000000
23
E:9.503746116
E:1.720597554
E:8.895626978
E:1.446408450
E:3.282127438
E:-2.000000000
-3
E:15.368271040
E:15.122513288
E:14.280528454
E:14.243125688
E:8.632023251
E:2.779496173
E:2.077420317
E:0.155421183
E:-3.433933277
E:-2.000000000
-6
E:10.024152361
E:10.126589426
E:6.608130904
E:10.226766661
E:13.454330882
12
E:19.752133974
E:19.587296828
E:20.539488053
E:9.100231951
E:7.000000000
7
E:5.296527141
E:0.029049878
E:-7.241596818
-4
E:15.765873267
E:15.184952026
E:11.674390363
E:8.777340168
E:8.823384918
14
E:13.772585166
E:-3.048693730
E:-1.579505840
E:-5.896753790
E:-7.000000000
-7
E:2.370580527
E:3.432132390
E:6.033219840
E:-0.062142236
E:5.087619276
E:6.498388169
E:8.126037297
8
E:11.451492306
E:14.649004692
E:10.014736820
E:-5.207720656
E:-14.000000000
-14
E:8.612257311
E:8.631241649
E:-3.719256868
E:-3.062531548
E:3.447800553
7
E:13.728955353
E:-0.180637539
E:-4.314087879
E:-10.560798181
E:-10.520538560
E:-10.443755673
-19
E:6.690130103
E:0.501129838
E:-5.106475019
E:-5.000000000
E:18.040379949
E:17.780129101
E:17.050473887
E:16.661213836
14
E:15.405274587
E:13.244899876
E:14.717729295
E:16.587176116
13
E:12.502581695
E:13.369261829
E:14.921493038
E:15.199557524
E:11.069519043
12
E:9.076434219
E:9.475717353
E:5.661078047
E:16.341651086
E:18.148882195
E:21.155869740
E:13.421387940
E:8.447002127
E:9.435724082
E:4.810775950
E:8.125217371
E:-14.000000000
-15
E:15.213977095
E:8.214837517
E:9.618662236
E:9.973299209
E:9.434556476
E:10.433223110
E:7.000000000
7
E:0.597223084
E:-3.017286263
E:-3.845151212
E:-7.068834282
E:-2.000000000
-24
E:11.184093072
E:12.106704928
E:11.981809781
E:12.406968743
E:14.608374137
E:15.000000000
15
E:13.298122471
E:13.339991052
E:13.056132244
E:14.908816098
E:10.943413628
E:9.233663807
E:10.191027836
E:6.608391966
E:15.338660003
E:14.192381437
E:10.710905350
E:-23.000000000
-36
E:13.729759239
E:12.635602372
E:12.033677610
E:10.548463197
E:2.530741222
E:-2.006293826
E:13.449755540
E:15.575793378
E:14.841269712
E:15.376388553
14
E:18.759793397
E:17.178434089
E:21.444655536
E:26.946619126
22
E:2.234968359
E:-0.491973963
E:-1.833335565
E:0.524441114
E:-1.557384856
E:12.114657284
E:10.846567446
E:11.872570772
E:23.124421916
E:25.414763193
E:28.000000000
28
E:14.521175214
E:19.642086661
E:21.172282246
E:23.754956657
E:24.687500000
E:14.722431120
E:0.449468497
E:-6.128067363
E:-7.674303136
-7
E:13.803988854
E:16.479301703
E:15.667914756
E:15.556551527
E:15.652744760
E:16.091135880
E:19.000000000
19
E:16.009410483
E:15.063776264
E:11.952710776
E:9.478462821
E:6.083546446
E:2.407675914
9
E:17.617225239
E:18.076770722
E:20.172156882
E:17.674690584
E:14.503854470
E:3.324462229
E:-3.798201325
E:-5.988830172
E:-7.093839031
-18
E:8.763020487
E:11.016288621
E:10.276991301
E:9.529679515
1
E:7.515435119
E:5.350987991
E:4.607834428
E:2.567476020
E:-1.042915494
E:-8.000000000
-8
E:16.159650152
E:18.557461120
E:19.432573126
E:20.338528730
21
E:6.233676143
E:-0.863432897
E:-6.294911576
E:-10.715435071
-7
E:12.766942185
E:12.063591188
E:-2.053305515
E:-2.382297038
E:-3.000000000
-6
E:19.669035624
E:21.097873971
E:21.693455957
E:22.404793058
E:23.360000000
E:13.176701464
E:-1.578550710
E:-4.878072877
E:-4.780541440
E:-8.339030838
16
E:13.049776346
E:-3.802164718
E:-4.689432085
E:-3.357740474
E:-4.483982579
5
E:26.390910275
E:26.403828447
E:26.981534144
E:24.405789417
E:20.132587400
10
E:14.797102735
E:-5.971267101
E:-10.000000000
-8
E:20.239291665
E:0.277085787
E:7.112679212
E:-9.787146791
E:-7.000000000
-7
E:9.465789878
E:7.236492654
E:5.472633939
E:6.473218620
E:5.481477959
E:14.000000000
E:14.900864633
E:15.045338566
E:13.306520638
E:11.751846251
E:14.000000000
14
E:18.166257115
E:18.714884670
E:16.922772096
E:16.499682684
E:15.681233462
20
E:19.296185817
E:4.068975607
E:3.756477204
E:0.214935175
E:0.480831838
E:-6.000000000
-14
E:14.908124599
E:2.736801532
E:-1.999115684
E:-11.000000000
-14
E:14.433899485
E:3.327119376
E:2.274771594
E:5.481928870
E:4.943310811
E:3.504111205
E:1.546388889
E:7.440063764
E:1.047824060
E:0.543274051
E:-2.161223549
E:-2.285673080
E:-3.709239341
7
E:7.956104124
E:3.222596140
E:-8.656279329
-3
E:13.922789927
E:15.526353333
E:17.827500921
E:21.735389883
E:24.000000000
24
E:16.135380883
E:14.989434538
E:14.978091142
E:11.505145030
E:17.191357218
E:15.985207101
E:15.373158779
E:17.234808637
E:17.290943410
E:15.326991995
E:9.703775149
E:14.000000000
14
E:14.163563661
E:14.347489906
E:12.742343573
E:14.357219391
E:10.401022644
16
E:24.988935187
E:25.756455668
E:26.489928683
E:26.116550682
E:15.527303581
E:12.522302855
E:16.737334186
E:16.880823970
E:19.798816568
18
E:13.737203858
E:6.213323816
E:4.136984990
E:2.251526162
E:-0.437994954
E:-1.976469417
-5
E:18.715704921
E:18.455339455
E:-3.921459101
E:-4.162751816
E:-4.228524727
E:0.000000000
-2
E:16.324026993
E:0.644412994
E:0.300596551
E:0.577907471
E:-1.853755481
E:-21.000000000
-27
E:16.496748696
E:15.378179861
E:-0.612831126
E:-3.812383624
E:-0.695899552
12
E:4.591517237
E:1.456719483
E:-0.414975365
E:-1.460590026
E:-2.889729503
E:-4.169602814
E:8.652541896
E:-5.604903205
E:-7.442935355
-7
E:15.241345337
E:15.017165111
E:14.484888412
17
E:7.450908468
E:-3.634492329
E:-5.560004099
E:-7.962246634
-8
E:5.873316212
E:-0.831452371
E:1.019939020
4
E:10.316465933
E:-0.698047646
E:-1.670690648
E:3.834706215
E:-3.000000000
-4
E:18.791593630
E:1.088815122
E:5.658317154
E:-6.510422757
E:-12.000000000
-18
E:23.342648498
E:25.161011519
E:26.494874423
E:26.942996280
E:25.409617769
E:21.000000000
E:6.657850895
E:4.844573600
E:5.692354252
E:6.587954983
E:5.622501726
7
E:0.184649890
E:2.323682170
E:-3.840041866
E:-4.485538304
E:-5.000000000
-7
E:15.928106931
E:3.283274492
E:7.615916761
E:12.807683110
E:9.799641465
E:11.984023324
22
E:9.911637400
E:-4.967472232
E:-7.871458658
E:-14.000000000
-22
E:-1.811268425
E:-1.228336156
E:7.835408416
E:6.221051925
E:4.875577436
7
E:6.514618239
E:4.972560810
E:-7.371869314
E:-8.155366819
E:-8.278092206
E:-10.171037073
E:5.421698763
E:7.830489267
E:5.974248686
E:3.726965460
E:0.619558476
15
E:14.025038660
E:12.877876595
E:15.772388599
10
E:6.954870735
E:4.039171723
E:-0.556933525
E:6.631475421
E:11.989837033
E:30.000000000
E:18.310233146
E:17.847354840
E:17.540895889
E:8.421303735
E:2.775925041
E:1.305119369
-8
E:13.569369782
E:0.245080638
E:-1.124305050
E:-3.873379573
E:-13.669028112
E:-16.000000000
-17
E:20.792743290
E:21.217721109
E:20.581775751
E:15.643232991
23
E:14.180329893
E:1.298929814
E:-1.950900054
E:-3.048918893
E:-6.400623319
9
E:12.075992247
E:12.294458496
E:11.746211689
E:-0.101482076
E:-2.825650687
E:18.820504306
E:17.894371547
E:18.024491559
E:19.050008245
E:20.793802247
E:18.000000000
18
E:13.442851430
E:13.066365627
E:12.971458742
E:13.097993648
E:14.554285535
E:14.652096479
19
E:3.620745800
E:4.170756803
E:6.809007491
E:5.647335755
E:13.149733284
E:13.593750000
E:14.000000000
E:5.773533515
E:4.702775771
E:2.844732735
E:0.812753310
E:0.411436311
E:-5.217582312
-14
E:19.749842614
E:19.042656294
E:18.939031347
E:19.982421032
E:20.347274712
E:21.000000000
21
E:4.633445145
E:1.775897567
E:-3.086371770
E:-7.900773873
E:-9.322832918
-14
E:19.908298669
E:19.954720699
E:18.642065303
E:19.368062261
7
E:nan
E:9.042894252
E:19.307545052
E:19.036903871
E:20.898643499
10
E:22.806971100
E:23.095322051
E:23.121301681
E:22.384824487
E:18.999798890
E:14.387240727
E:2.353285809
E:3.074196185
E:0.644027856
E:-4.264807569
-10
E:5.369208809
E:-4.511982303
E:-3.685034147
-2
E:6.263344603
E:5.359850265
E:2.952669871
E:1.899293282
E:2.043323847
E:0.144374390
E:-0.045000708
-10
E:1.339862555
E:3.589390312
E:-2.215478415
E:-3.201131227
E:-2.094503989
E:-2.396053149
E:-6.000000000
-6
E:7.538628924
E:4.149689187
E:-4.668390907
E:-2.552812177
E:-5.512398560
E:18.246285152
E:17.596212687
E:16.972436647
E:21.066973327
E:23.152413496
E:25.000000000
25
E:12.857213783
E:13.695987687
E:15.128422992
E:14.689159711
10
E:1.860889841
E:-2.144162984
E:-4.114220696
-4
E:14.381708770
E:13.933622524
E:8.263837555
E:17.053483730
E:19.018371568
E:16.775178465
E:7.000000000
E:-0.269926716
E:1.118991978
E:-5.380545349
E:-5.438685608
E:-8.000000000
-16
E:13.369447672
E:14.118738300
E:13.523226322
E:15.976787551
13
E:14.201619355
E:17.016305490
E:16.446975156
E:19.265441055
E:14.932552040
E:22.000000000
22
E:11.533725428
E:9.894823113
E:11.134612902
E:10.036983495
E:9.790179119
E:9.878036045
E:5.363685254
E:1.164905725
E:2.535850705
E:-0.354631009
E:0.419938651
E:-1.643684828
-6
E:14.578795903
E:6.249922913
E:-0.454699712
E:-3.441486361
E:-8.815887499
E:-18.000000000
-18
E:16.775999683
E:13.465739457
E:18.479227694
5
E:16.045207200
E:0.204693823
E:-3.585944490
E:-4.362787796
22
E:9.372479389
E:9.257270366
E:5.839632959
E:6.135982334
E:-2.057750502
-9
E:nan
E:12.378113943
E:11.444065193
E:11.720906730
E:8.301052168
E:14.807692308
E:17.180796752
E:18.483172704
E:20.010533800
E:21.082431799
E:18.760658164
23
E:13.877581846
E:13.843357333
E:16.593204119
E:17.069279674
E:16.111399648
E:8.000000000
8
E:14.833813730
E:0.431684108
E:-6.319982048
E:-7.646039453
-8
E:20.755620060
E:nan
E:-5.727836287
-5
E:16.253995019
E:16.185555130
E:17.331194311
E:20.126476068
E:23.138336593
E:18.000000000
E:13.642797524
E:6.520636312
E:-5.364146242
E:-5.414121725
E:-10.627331430
E:-15.000000000
-18
E:19.827797580
E:20.110514567
E:19.891701906
E:17.029880676
E:10.000000000
10
E:16.038854767
E:-0.249843251
E:-4.456617732
-4
E:7.943976827
E:6.239631224
E:6.712988368
E:2.366844395
E:-5.453909594
-9
E:8.509610685
E:4.936577624
E:-0.922186186
E:-5.676689925
-5
E:7.379482992
E:8.086126656
E:6.040560782
E:5.525378716
E:5.184824529
E:3.679098250
E:3.968634259
E:21.810588019
E:19.997261540
E:22.882446832
E:27.108265311
E:22.107297830
30
E:16.867427973
E:17.540953338
E:17.202895956
E:15.199072388
6
E:14.689918996
E:14.403631523
E:15.048753448
E:16.392586694
E:11.515180773
E:10.812415554
E:10.037591813
E:6.579155739
E:6.501974531
E:23.560030617
E:28.000000000
28
E:13.817813475
E:15.052054354
E:15.447117335
E:15.094120494
E:17.552054930
E:3.964237205
E:8.508992190
E:8.152718466
E:4.615669139
E:-1.376028159
22
E:7.549875348
E:8.588196798
E:6.044211755
E:6.921270821
E:6.735653707
11
E:17.486440764
E:17.662306317
E:17.520449281
E:16.895580579
E:16.686067597
E:15.138595852
E:20.216188841
E:19.046287064
E:19.228714371
12
E:21.591472478
E:23.027440120
E:24.255117479
E:24.517567243
E:25.352941176
25
E:3.118148206
E:1.960926461
E:1.059206611
E:-0.912343831
E:0.360000349
-7
E:19.498987090
E:-0.507706489
E:-1.700397679
E:-2.672922615
E:-10.000000000
-10
E:8.214765543
E:5.476600671
E:0.638771916
E:-1.586364377
E:-9.082931435
-5
E:16.481800349
E:4.879514179
E:-5.583464203
E:-5.807578116
-2
E:1.791099607
E:-5.230048792
E:-6.824376990
E:-6.780438682
E:-6.783520222
E:-8.000000000
-12
E:8.162762049
E:-1.951053205
E:-3.834823164
E:-2.839278110
E:20.010379981
E:21.139780497
E:26.216477965
E:27.844203869
E:29.743677126
27
E:12.965310741
E:13.055139432
E:13.348526082
E:1.117068815
E:-1.675081813
E:-6.515820529
-6
E:14.659677593
E:15.652383382
E:15.756498427
18
E:19.504224365
E:20.796639167
E:22.476392176
E:26.576007326
E:29.122837370
E:6.002895786
E:5.103245554
E:2.446409500
E:-0.718106595
E:-3.789961393
E:-8.000000000
-13
E:14.541135083
E:14.804419948
E:15.622555340
E:15.938831114
E:14.540730082
E:12.431603903
22
E:3.454102911
E:4.130454613
E:5.511112600
E:2.435950154
E:-3.621125279
E:-7.766388909
-16
E:10.360996122
E:-2.898337360
E:-3.634415350
E:-4.635861563
E:-3.000000000
-9
E:19.937812982
E:3.034626204
E:-6.785160937
E:-10.000000000
E:11.646718609
E:13.265786426
E:13.818981325
E:12.915362511
E:5.725918393
E:3.384800160
-9
E:7.018883170
E:3.242958491
E:-0.359033669
E:-6.718085376
E:-8.000000000
-14
E:17.893949898
E:17.925920910
E:17.776818608
E:17.749890867
E:13.913384286
10
E:11.963826923
E:10.187593255
E:10.079147273
E:14.912724679
E:16.041525682
E:17.944888889
E:12.000000000
12
E:16.922596287
E:-3.620397051
E:-6.238129603
E:-11.520050890
E:-10.504525474
-12
E:13.464571515
E:1.566462619
E:1.360215233
E:-2.833255002
E:-5.753293306
E:-8.182045509
E:13.813074029
E:12.833891470
E:12.368151134
E:12.447833432
E:13.131442615
12
E:13.264117589
E:0.690198314
E:0.462329969
E:0.077750976
E:-0.084635511
E:-6.900881441
-10
E:12.965801613
E:3.113476645
E:-5.081762164
E:-3.827257874
-10
E:7.669817843
E:-1.879982892
E:-2.815428813
-2
E:10.174029488
E:7.094602064
E:3.291310295
E:9.298676882
14
E:12.919188006
E:11.354380533
E:10.374580075
E:6.164012416
E:4.076202918
E:0.475542550
E:16.210342836
E:3.697314179
E:7.261309661
E:6.276740031
E:4.392595034
E:1.889465546
-7
E:13.375287402
E:13.149142925
E:14.580052194
E:14.058047184
E:15.053371300
13
E:10.147885602
E:-1.295654834
E:1.017966325
E:-0.475581290
E:-4.265215447
-7
E:10.942231699
E:5.704144456
E:3.867252014
E:2.568814155
E:0.779238846
E:-4.276579539
E:-11.000000000
-17
E:3.605002013
E:-2.745157540
E:-6.585801774
E:-9.727426872
E:-8.200578110
E:16.823092008
E:17.522672001
E:16.108960782
E:14.596849030
E:5.922585859
25
E:13.494109734
E:12.960185059
E:13.655107166
E:7.718858920
E:7.372958327
E:11.000000000
11
E:16.122413368
E:15.751476511
E:17.299662347
E:21.457989658
E:22.851840426
E:24.000000000
E:-0.953904273
E:-1.094987040
E:-1.602655512
E:-4.147638708
E:-15.000000000
-25
E:14.329765328
E:16.533590277
E:18.823378213
E:21.209077912
E:16.935483871
18
E:4.419914349
E:-4.274796367
E:-3.462376050
E:-5.689049968
-12
E:12.319747907
E:8.341160141
E:7.279478883
E:6.678653520
7
E:10.784456769
E:10.143733772
E:9.286829786
E:4.849703777
E:5.660405034
12
E:2.795579470
E:3.210821391
E:-2.576695955
E:3.956191693
E:2.899631310
E:-0.528142772
E:23.092043246
E:23.925223332
E:24.928951772
E:28.580764051
E:30.814535614
E:30.000000000
30
E:9.378991929
E:9.942423212
E:10.895586680
E:10.734848874
E:13.609741320
E:10.122640107
-4
E:10.392979383
E:-1.608744017
E:-2.838939005
E:-2.771963951
E:-5.369137927
E:-5.684393380
6
E:17.845091616
E:14.819940381
E:17.191145243
E:17.893478496
E:19.770889187
E:10.556672000
-21
E:14.395996079
E:13.954495679
E:16.605900526
E:21.317632589
E:17.970658167
E:18.364340357
E:19.758431107
E:20.225017581
E:20.747231604
E:20.000000000
20
-7
E:14.160343222
E:15.682345717
E:15.768572543
E:16.200810561
9
E:7.139072013
E:3.405039567
E:-6.343419086
-6
E:11.171963373
E:9.977914277
E:1.149947003
E:1.259223150
E:11.199993374
E:8.991750487
E:7.535824096
E:3.544148958
E:5.050868787
14
E:14.659326580
E:14.440299621
E:13.865334244
E:14.899201928
14
E:6.311586899
E:4.804907172
E:-2.886042721
E:-5.602333407
E:-5.976653086
E:-8.938073098
-8
E:13.935818801
E:10.870102336
E:11.843772753
E:13.822921890
E:7.983534761
E:10.485165777
E:10.949221894
E:4.735273403
E:2.395781627
E:5.086947095
E:4.678618685
17
E:12.511697902
E:12.585896453
E:7.715127683
E:7.291743844
E:9.442267447
13
E:16.033958079
E:1.996311881
E:5.446312952
E:4.084261778
E:0.989711410
E:0.395481160
-12
E:-1.586130957
E:-5.460832673
-2
E:14.281172503
E:2.423962731
E:1.989748786
E:-4.844532099
E:-10.316522930
-20
E:15.563143248
E:-4.101721009
E:-2.334724919
E:-1.425398101
E:-0.277899081
E:-5.458004102
E:8.211019792
E:-3.357495178
-3
E:15.494937407
E:-8.634115129
-7
E:20.790164821
E:21.673594019
E:22.465099742
E:21.174146468
22
E:13.699745420
E:9.985663095
E:12.907358159
E:9.091264879
E:2.222344986
10
E:21.553829130
E:20.859383388
E:22.537870467
E:21.288477356
E:27.456059190
E:29.000000000
E:2.800464552
E:3.576740638
E:3.250393696
E:-5.430284924
E:-6.000000000
-9
E:15.976545947
E:14.713763703
E:-4.244608222
E:-5.644413650
E:-6.442253798
11
E:19.387234606
E:20.378577267
E:20.893777381
E:21.768078639
23
E:3.108617572
E:-1.485624591
E:-6.711457496
E:-6.434979993
-2
E:0.469958321
E:-5.644500571
E:-5.823180156
E:-3.000000000
-5
E:20.932317134
E:22.896251905
E:10.149790400
E:-0.459398918
E:24.000000000
E:3.942513318
E:1.975293386
E:-0.830700897
E:-1.666197083
E:-6.171607812
E:-8.000000000
-14
E:7.087078033
E:-2.760344214
E:-3.413289198
E:-3.193765578
-6
E:12.005066053
E:13.233137581
E:13.196499574
E:11.536331551
E:8.137103499
E:5.717692308
E:-20.000000000
-19
E:18.190757222
E:13.748313069
E:10.842121418
E:5.409097531
E:4.675836255
E:7.000000000
7
E:22.621059529
E:19.434876909
E:17.147942462
E:16.202788853
E:11.947809649
14
E:nan
E:12.513795133
E:17.815325147
E:18.377033828
18
E:6.154404817
E:3.613098739
E:-0.764763292
E:-3.714935784
E:-6.000000000
E:6.599548456
E:-0.305707860
E:-2.004854691
E:-1.496884640
-7
E:12.975131575
E:7.558970584
E:2.866116726
E:-1.014189552
E:-7.152308198
E:-6.000000000
-6
E:9.804225624
E:-2.743931972
E:-4.000955171
E:-3.267190958
E:-4.023699075
-3
E:15.016428089
E:-2.074171505
E:-4.020879629
E:-7.598358973
E:-8.420459400
-13
E:10.125929443
E:10.305930823
E:11.358579457
E:11.195590262
E:11.559620911
E:10.394698604
7
E:11.030842981
E:11.293952834
E:-0.380790484
E:1.452886197
E:3.904248702
E:8.735697131
E:6.321185185
14
E:9.881346880
E:5.333140876
E:6.983055350
E:14.306244759
E:14.288737057
E:8.927925844
E:-4.000000000
-4
E:10.609219721
E:-2.736761107
E:-2.220906632
E:-1.838577704
E:-5.057082545
E:-12.000000000
E:19.444852812
E:17.420091874
E:18.670423558
E:18.013262774
E:14.765203862
E:22.000000000
22
E:13.835945506
E:19.484613631
E:11.806537445
E:9.365987538
E:3.630960369
14
E:13.706123871
E:10.487790451
E:8.771580241
E:3.459451228
E:0.626794523
E:14.000000000
E:4.226001640
E:-1.888543414
E:-5.112498971
-4
E:18.755676453
E:19.232317839
E:18.453216540
E:24.998451491
E:26.257142857
25
E:0.135007461
E:-8.747128242
E:-7.000000000
-11
E:9.888644097
E:3.372333041
E:-7.454974945
E:-7.469881584
E:-6.000000000
-7
E:14.551447662
E:15.173731932
E:11.802049145
E:15.343129543
7
E:4.745051515
E:-0.846823617
E:-1.041293661
E:-2.466219839
E:-6.000000000
-8
E:10.732116450
E:10.238703461
E:9.949173540
E:8.654858914
E:7.508470897
E:9.261688553
E:7.393838871
E:4.009856809
E:6.046655794
E:-2.259387339
-7
E:0.079130118
E:1.941198221
E:3.352652945
E:3.802674621
E:0.331980789
E:-5.000000000
-7
E:17.568598431
E:19.902163149
E:20.087785153
E:20.239711036
E:19.911049088
E:22.000000000
22
E:12.328528887
E:13.345959502
E:12.321857204
E:9.505264225
E:11.134602418
E:15.590827929
E:19.000000000
E:15.329549293
E:15.799114078
E:15.989969939
E:15.972740839
E:18.456103291
21
E:15.762064417
E:20.902440000
E:23.136490642
E:25.315988416
E:14.447774195
E:-8.257144397
-7
E:5.537439228
E:3.549911050
E:3.615574361
E:1.402761224
E:-1.256423274
E:-7.167250392
E:-5.000000000
-9
E:13.210154545
E:0.844643683
E:-1.228520768
E:-2.371690052
E:-5.000000000
-7
E:9.369003427
E:4.844219217
E:4.146868464
E:0.224437430
E:12.504213626
E:11.359146191
2
E:13.441727616
E:12.862529557
E:10.874656174
E:10.428540543
8
E:13.777300811
E:10.345968803
E:6.075230564
E:2.880779342
E:2.915762437
E:-1.839166402
E:13.528956542
E:-3.272226949
E:-6.482691196
-3
E:10.708622901
E:11.378113687
E:10.924157453
E:11.698552214
E:11.242578110
E:9.768489017
-8
E:13.378338951
E:7.666160920
E:2.546130020
E:-3.479893702
E:-4.434188697
E:-4.510704422
-13
E:11.723967407
E:13.216723898
E:13.285481979
E:3.090784403
8
E:15.762533364
E:15.914410689
E:16.148210031
E:14.033063981
E:2.171843161
E:9.594166667
-3
E:4.387754596
E:-4.138973232
E:-4.868015147
E:-5.237662544
-3
E:21.707645721
E:21.370242887
E:20.343196332
E:22.155680405
E:23.248233750
E:22.000000000
E:19.353661792
E:18.773971940
E:23.377770941
E:25.085444238
E:26.090827309
-16
E:13.506605206
E:0.339893240
E:0.968273567
E:-4.655572678
E:-0.235706336
-7
E:16.684300243
E:13.546790970
E:12.169681942
E:-2.148518411
11
E:14.741242442
E:11.974309542
E:4.171446524
E:-1.171041836
E:-4.236670630
-10
E:15.257283237
E:18.952950561
E:25.481650267
E:27.340596008
E:28.000000000
E:6.439546000
E:5.451678795
E:-2.526861979
E:-6.000000000
-7
E:21.505279202
E:23.200807104
E:23.627571130
E:12.233506944
-18
E:17.735741987
E:17.906940745
E:18.133568726
E:19.865620210
26
E:-0.302584934
E:-2.311869537
E:-3.797022214
E:-2.000000000
-4
E:14.158462764
E:-0.135706018
E:2.686634665
E:3.917636815
E:-0.157852955
-2
E:16.488002698
E:19.441659241
E:20.671936798
E:22.434793329
E:15.000000000
E:0.237752362
E:-3.875915339
E:-2.396435261
E:-5.283871836
-4
E:22.648657958
E:22.222728375
E:20.498067345
E:22.545391240
E:24.061425695
E:22.000000000
-23
E:22.623051123
E:24.397183812
E:25.259687107
E:25.678453245
E:27.000000000
-10
E:18.002936408
E:18.414290186
E:18.862753613
E:18.743935326
E:21.000000000
E:16.276747032
E:16.153591702
E:17.590399105
14
E:11.335931778
E:1.251478779
E:2.250402322
E:1.795170240
E:-5.980045516
-17
E:16.284644688
E:15.628916430
E:15.998193584
E:16.174914017
E:16.313856480
E:11.025169285
-17
E:16.186364353
E:16.209610546
E:15.155333427
E:14.073985002
E:8.650481865
E:6.860917500
E:12.450609539
E:-1.891684499
E:-6.427803486
E:-7.521537088
E:-6.000000000
E:1.917889763
E:1.280943824
E:4.234720442
E:4.510882966
E:1.880108777
E:-4.379801443
-6
E:21.887842826
E:22.242733861
E:21.821557167
E:21.082451734
14
E:14.928159941
E:15.600332682
E:16.433203441
13
E:13.519155824
E:12.710694354
E:13.891113841
E:16.203123941
E:15.308166848
E:14.565012720
18
E:15.739617470
E:16.087739670
E:2.690918291
E:-11.640670783
E:-8.000000000
-9
E:11.399694780
E:10.837358175
E:4.908202735
E:-2.738675591
E:-3.637594041
E:-6.000000000
-14
E:12.702821526
E:10.434059887
E:7.283305302
E:9.085971071
E:3.941612161
E:14.000000000
14
E:-0.408613313
E:-3.621230248
E:-6.708557135
E:-6.830185065
-7
E:18.241098102
E:21.594232138
E:23.024308242
E:20.173175905
E:28.309928110
E:28.033920000
E:16.119196242
E:16.311019344
E:16.189256519
E:13.923004795
23
E:12.472112283
E:0.128912711
E:0.309908457
E:0.670310370
E:0.199301256
11
E:2.459043719
E:-0.257960427
E:-1.687666630
E:-8.962159899
-6
E:11.232078372
E:-3.253700515
E:-0.436729684
E:-6.645193135
E:-15.181158224
-24
E:18.525795206
E:17.873757123
E:20.790898006
E:20.207419917
E:15.289843540
E:17.128082339
E:4.880530354
E:4.210677039
E:0.033681987
E:6.084884423
E:-7.436887948
-13
E:0.755474823
E:-3.554347358
E:-4.012133072
E:-5.030958061
E:-5.574542367
E:-17.000000000
-24
E:1.102597869
E:-6.961672344
E:-5.000000000
E:9.323852322
E:8.692576579
E:7.945611993
E:8.321798931
E:5.766213596
E:-2.525265225
-7
E:20.157144002
E:22.289449391
E:20.952523574
E:20.381915395
E:20.534979424
23
E:14.188378932
E:14.886987845
E:15.815777041
E:9.815138811
E:-3.619623658
E:-2.322132730
E:-3.101101510
E:-4.924522769
7
E:17.748665294
E:17.408511549
E:20.346525876
E:21.405011657
E:18.739406216
E:19.970962099
18
E:6.010968463
E:7.521919813
E:-0.061221792
E:4.162446302
E:0.294688727
E:-0.739039700
-14
E:17.379462768
E:16.223097023
E:16.569555202
E:15.350204725
E:21.933973828
E:23.711005831
E:17.343079924
E:16.252273716
E:5.728557948
E:9.855949147
E:7.957082182
E:-8.021043779
-24
E:18.344402659
E:19.696710772
E:16.606811855
14
E:3.406681434
E:3.297556002
E:5.830003786
E:5.641703759
E:0.122022163
E:-3.179704774
-9
E:15.592217820
E:-0.257845689
E:0.353428808
E:2.925043756
E:2.543675897
E:-6.485368728
10
E:15.268125421
E:18.703323429
E:18.922551975
E:19.629540762
E:19.949652778
E:21.000000000
E:-0.746089287
E:-1.000000000
-6
E:4.395666177
E:-4.362936044
-3
E:9.143124674
E:7.368640954
E:5.110155707
E:0.021837798
E:-6.000000000
-10
E:14.859299313
E:14.276137276
E:0.452761099
E:-6.283208517
-5
E:11.441095394
E:14.858507646
E:15.780070968
E:12.335351026
E:3.484571554
14
E:18.521545832
E:18.230743395
E:19.934510585
E:19.412956452
E:5.806045318
E:-0.854221687
-15
E:16.303290986
E:11.692772710
E:10.204074304
E:12.328183487
E:-1.227066817
E:-4.000000000
E:21.215704872
E:9.411167212
E:-0.058034681
E:0.493452850
E:9.434146470
E:15.193493374
E:18.000000000
18
E:9.803201885
E:9.046106781
E:10.769289243
E:8.036529320
E:8.674707881
E:7.428571429
10
E:16.693929255
E:3.187167118
E:5.809202247
E:-8.198545608
E:-11.000000000
-14
E:3.504160603
E:8.365307216
E:-1.219432790
E:4.077461995
E:3.583820101
E:-1.167049137
E:-3.316012279
E:-5.412982462
E:-7.563332347
E:-14.000000000
-16
E:11.745773806
E:0.288276676
E:-7.263211638
E:-7.674199995
E:-8.798063792
-7
E:4.947156307
E:6.685326210
E:-8.281441797
E:-18.000000000
E:4.606292763
E:8.980523509
E:10.018960547
E:8.297375872
E:7.316688914
8
E:8.046622282
E:7.642725717
E:8.494889925
E:8.675585234
E:7.189815270
E:2.572369856
E:-0.807813123
8
E:12.884427829
E:14.282468924
E:13.560733795
E:13.906240116
8
E:5.884797173
E:3.748581274
E:-1.572353940
E:-3.295828867
E:-5.044288805
E:-5.448790148
1
E:14.788387038
E:15.717086768
E:18.100142617
E:16.762149151
E:12.113473769
E:9.051020408
E:-12.000000000
-14
E:17.414771553
E:18.815232939
E:17.365780534
E:18.136161781
E:13.557059041
E:8.089070895
E:4.798416174
E:5.429936831
E:3.215925633
E:2.853999188
E:1.517805373
19
E:9.405465025
E:6.095729209
E:7.668779163
E:11.999871642
12
E:16.809263114
E:16.080303887
E:17.853344331
E:19.447753906
E:20.000000000
E:8.203406252
E:-4.130597489
E:-7.988521121
E:-14.000000000
-18
E:12.992464889
E:10.275891747
E:9.265412643
7
E:6.541974238
E:5.017982211
E:1.430708870
E:-8.482177715
-5
E:14.860027510
E:-5.337385328
E:-10.475121668
E:-15.802035280
E:-26.000000000
E:11.188071387
E:-4.552929444
E:-3.046196071
E:-7.115766147
E:-10.138617641
E:-6.000000000
-6
E:12.726466804
E:11.451548150
E:10.540056016
E:3.665297661
E:4.103776714
E:1.974303834
7
E:16.488462412
E:9.382369666
E:9.958480654
E:-1.448346708
E:-4.337043806
-10
E:10.624504463
E:10.823302621
E:11.054047324
7
E:7.351916005
E:0.232031221
E:-2.879496053
E:-3.000000000
-6
E:14.977760528
E:15.753125358
E:19.189645022
E:18.817415891
22
E:10.169718929
E:14.117225734
E:15.173142875
E:14.693487037
E:10.717714710
E:9.199817101
E:14.249333380
E:-1.988529599
E:0.231488068
E:-5.268694546
E:-7.000000000
-7
E:-0.147569743
E:-3.343315006
E:-5.430296326
E:-5.988929972
E:-6.000000000
-12
E:14.605680102
E:5.494931356
E:0.040655141
E:-3.508845824
E:-1.161050300
E:-13.000000000
-18
E:13.338164864
E:16.429175350
E:17.114749413
E:18.231216376
18
E:14.847445337
E:16.639678568
E:18.068246193
E:20.137389417
E:21.063895476
21
E:5.167206572
E:-3.093209340
E:-4.442218286
E:-4.493303677
E:-5.000000000
E:7.551060909
E:2.078856969
E:-3.987081650
E:-6.038863250
E:-8.864518907
-17
E:14.040280474
E:4.487068220
E:6.385050988
E:0.000711925
E:6.202017144
E:3.704390038
-21
E:2.411331862
E:3.864669096
E:1.041295414
E:-3.415672297
E:-1.500087617
E:-6.000000000
E:5.173592550
E:-0.376247728
E:3.013762026
E:13.225187927
E:-1.991839367
E:-8.651484478
29
E:16.735258960
E:19.244777183
E:18.070257366
E:16.796437132
E:13.000000000
E:13.933261676
E:0.344037013
E:-1.845500356
E:-1.415210912
E:-1.304208649
E:-3.142773217
6
E:14.423019808
E:16.385530366
E:14.794229754
E:16.555384792
E:19.308542860
E:21.858122449
21
E:11.294614231
E:-0.252517349
E:-4.544457465
E:-5.882979356
E:-5.761389679
E:-12.000000000
-12
E:13.516606379
E:6.170867204
E:2.142243679
E:-1.092848539
E:-7.505138972
-7
E:16.687920308
E:16.397811606
E:15.693694090
E:11.679036571
E:11.323265962
E:-0.375313832
E:1.462400000
E:21.195341796
E:20.636775605
E:21.349844861
E:18.554855098
7
E:3.706159800
E:-3.622395737
-3
E:0.138295323
E:0.022834812
E:1.278602303
E:-3.613509174
E:-7.454002089
-14
E:18.456930079
E:17.244709052
E:16.314118299
E:8.353855051
5
E:0.647708617
E:2.720681368
E:1.491829618
E:0.486313096
13
E:8.873406684
E:5.142864534
E:0.564931851
E:-3.865381639
E:-7.388579726
-7
E:19.090573559
E:17.152807953
E:3.065712330
E:-4.774842918
-4
E:8.809432817
E:9.286750492
E:6.452288835
E:-1.955751506
E:-6.553371750
E:-10.000000000
E:20.373782092
E:20.939796353
E:20.217063262
E:17.534829654
E:7.397728382
E:-3.000000000
-7
E:9.814567263
E:7.883836505
E:8.194905766
E:7.828647301
E:8.437517404
8
E:0.656961130
E:0.297150864
E:1.243802880
E:-0.095380798
E:-4.865666536
-7
E:11.697558183
E:11.616115939
E:12.653853390
E:12.631624455
11
E:13.824142061
E:12.974939825
E:-1.079402447
E:-5.750500277
-2
E:14.283657096
E:14.542344630
E:14.003968825
E:12.962941467
E:13.103107322
E:12.051821369
E:-0.697970893
E:-3.224751831
E:-8.331494962
E:-19.000000000
-19
E:19.997901183
E:21.974883287
E:22.472687841
E:23.783407815
23
E:5.661768512
E:6.154488749
E:4.955564631
E:2.045400935
E:-5.626604040
E:-4.000000000
-8
E:7.474646917
E:9.137985797
E:10.010204994
E:8.322678086
7
E:10.770892236
E:10.837321688
E:11.587957877
E:18.600128419
E:22.043522245
E:22.563655201
19
E:12.587328610
E:13.080627788
E:12.816862636
E:12.743472849
E:-1.014063722
9
E:13.460914424
E:0.711942707
E:-6.539782320
E:-4.666058762
-3
E:14.396467022
E:4.579851037
E:1.869076788
E:-5.793511072
-5
E:1.185313698
E:2.954172524
E:-5.238052123
E:-5.459844296
E:-12.000000000
-15
E:-0.000243941
E:-2.163593186
E:-5.360132490
E:-5.006095620
E:-7.809776112
-15
E:14.168730670
E:15.470935246
E:14.085633030
E:13.952874777
E:12.610311338
E:9.123067612
7
E:12.552403110
E:6.579158131
E:2.364788932
E:-14.000000000
E:15.703413082
E:13.580727708
E:19.680117936
E:25.925207756
23
E:1.977784121
E:-4.403958736
E:-5.968773699
E:-5.816244307
-6
E:17.750874437
E:17.604211038
E:17.820125134
E:19.057114910
E:19.833440609
E:17.250000000
E:23.000000000
E:14.385357155
E:15.736358802
E:11.217265728
E:11.179378827
E:11.072273222
E:15.530282392
E:16.870838901
E:18.000000000
18
E:10.451110232
E:-0.377434413
E:-5.835561110
E:-5.968620996
-11
E:21.642261797
E:21.691342835
E:23.248720832
E:21.103599425
E:8.704647614
E:-6.000000000
-12
E:20.640237439
E:20.364091595
E:19.512123391
E:23.671523325
E:25.221574344
E:1.686935556
E:-2.176431570
E:-4.561762433
E:0.000000000
-3
E:1.351919715
E:0.606329884
E:0.660567199
E:-3.069259513
E:-6.812313514
E:-6.000000000
-5
E:4.489347783
E:3.808380718
E:-4.100046111
E:-5.823600546
-8
E:6.468962565
E:7.521501088
E:4.242171934
E:-2.215084832
E:-9.283224374
-22
E:19.697567296
E:9.261139793
E:8.310343170
E:5.026745311
E:6.949861228
E:7.411552944
-2
E:20.603668581
E:4.168629001
E:-4.168167196
E:-6.819489818
E:-0.673559484
21
E:14.467595295
E:17.448466562
E:17.495036408
E:16.730823742
E:15.658141388
E:21.000000000
E:9.423108667
E:7.509371261
E:-8.539440282
E:-2.000000000
-4
E:17.096581610
E:16.690157118
E:17.366111984
7
E:15.353687727
E:13.657744226
E:11.132540647
E:11.284739583
E:17.633189492
E:20.930450479
E:24.000000000
24
E:21.401143792
E:21.339569847
E:20.784185449
E:15.680192484
E:16.196709019
E:1.598893478
E:-4.763062888
E:-10.111655188
E:-7.000000000
-7
E:20.536611112
E:21.052165980
E:21.770998331
E:22.521679039
E:21.556196825
E:14.895646566
12
E:21.429323933
E:19.433728659
E:14.622019442
7
E:-0.907913220
E:-3.256336509
-2
E:0.715697437
E:-1.580046905
E:-1.545706392
E:-3.491968265
E:-3.605676222
-6
E:13.463225888
E:-4.824408476
E:-3.578554198
-2
E:2.969021012
E:3.582079019
E:4.071719075
E:2.815597430
E:0.940375396
E:-0.156179800
E:-0.663661225
-6
E:15.656959839
E:5.311527955
E:6.620378206
E:2.794026041
15
E:20.179142718
E:20.579667371
E:20.154517982
E:20.831725270
E:21.700095403
E:26.699147435
E:21.166805143
E:20.765274059
E:22.559107978
E:23.480951654
E:23.999114604
E:17.218755569
25
E:14.691295985
E:14.379324541
E:16.743009684
E:18.012183513
13
E:11.477727780
E:2.006371827
E:-2.536927804
E:-0.717573501
E:-1.450487082
E:-12.000000000
-15
E:19.151750362
E:5.405065177
E:1.552391493
E:-2.771665144
E:10.603421160
E:10.977411164
E:10.757354828
E:10.205377162
E:8.840081165
7
E:19.027749966
E:20.219574639
E:20.793815017
E:22.403099799
E:25.550894277
26
E:17.834462947
E:3.980415995
E:-4.764977973
E:-5.478366874
E:-2.373981213
E:-1.028459774
E:-4.513003259
-26
E:12.814283305
E:12.713976166
E:11.832961215
E:3.061205456
E:2.787382486
E:-5.598428414
E:-10.000000000
-10
E:11.227637703
E:-1.463689492
E:-4.371122528
E:-7.784758367
E:-6.000000000
E:12.968368005
E:13.960091096
E:14.483119137
E:12.721006610
E:4.763965227
E:1.642890097
E:2.645682233
14
E:15.206362083
E:0.535403917
E:0.072683233
E:-6.086472966
E:-9.000000000
-11
E:16.875076180
E:17.699744058
E:20.271042728
E:20.947732681
E:19.624266086
E:17.572867919
E:23.000000000
23
E:2.479170546
E:6.233800494
E:7.997978518
E:6.604926537
E:7.472523477
E:21.617046694
E:22.429498490
E:24.092516847
E:25.126041835
E:25.000000000
25
E:15.871130078
E:16.992635008
E:-3.783959047
E:-0.260074265
E:-2.443337919
E:-6.037181782
-14
E:13.834908291
E:13.018336315
E:11.708624199
E:15.882083737
E:18.318354815
E:20.369140625
E:14.313045297
E:14.214698502
E:15.254895315
E:16.261540533
E:18.611140595
E:18.062500000
E:8.000000000
8
E:13.858644576
E:13.533626098
E:14.262340805
E:13.242338972
E:6.851991371
E:4.356467369
E:-2.000000000
-18
E:19.578736792
E:20.778370243
E:20.804046107
E:22.333824849
E:23.812028795
E:24.000000000
24
E:20.396661414
E:20.857173619
E:22.244995819
E:21.953900337
E:16.432592321
E:16.597866250
E:16.589234252
E:11.578919178
E:10.491214041
E:8.674065621
13
E:4.267879350
E:6.915231164
E:3.683308214
E:5.992785682
E:-11.000000000
-13
E:20.389373542
E:18.494464805
E:18.279023961
E:12.329979012
E:26.959429001
E:5.620812774
E:4.853589583
E:3.902293317
E:1.628899994
E:4.118672127
E:5.000000000
5
E:12.294008116
E:9.459564309
E:7.200810214
E:-1.755635457
7
E:8.790275706
E:0.334078928
E:2.444232474
E:-3.509808841
E:-4.000000000
-8
E:14.186632210
E:2.983214727
E:-5.101973943
E:-5.949900119
E:-6.000000000
-7
E:11.675743850
E:-1.981570341
E:-3.544939343
E:-3.550797235
E:-4.125926701
E:-4.000000000
-10
E:0.202567032
E:4.286144963
E:5.505398939
E:9.153754237
E:0.037683176
E:0.000000000
-6
E:18.276328296
E:19.372589416
E:20.059954665
E:21.461279440
E:18.421875000
22
E:24.771578937
E:25.813412175
E:27.178568783
E:27.717071704
E:27.252296235
E:30.000000000
E:22.685969485
E:21.913421977
E:13.567590690
E:11.882650926
E:-22.000000000
-22
E:17.746386789
E:16.862350969
E:14.048898141
E:11.246549999
E:21.140198251
18
E:4.108330767
E:6.802572250
E:1.472146368
E:5.161961553
E:-1.015694641
2
E:10.380573734
E:10.560193360
E:5.956019897
E:-4.174171476
E:-8.215880494
-7
E:12.163694404
E:12.683773636
E:-1.243631213
E:1.035837842
E:-15.000000000
E:14.678326716
E:17.060933940
E:18.497211010
14
E:11.815880052
E:8.830323813
E:9.853107902
8
E:17.055612998
E:9.634383609
E:12.172513293
E:8.574668146
E:5.179617231
E:-0.458281331
10
E:16.072111258
E:18.183508385
E:18.638907950
E:19.569910061
E:17.181755381
E:13.348056915
E:0.173886520
E:-2.232725086
E:-0.590720295
E:-8.060088287
-18
E:2.699136248
E:3.712266547
E:-1.677335348
E:-2.811364035
E:-4.984406995
E:-6.276861745
-7
E:9.964152309
E:9.150919992
E:11.669050337
E:14.814745844
E:15.059829362
E:15.000000000
15
E:13.646967842
E:13.439464227
E:14.237288527
E:18.604590259
14
E:11.867251068
E:-0.877668383
E:-1.960388000
E:2.785608730
10
E:4.360470766
E:6.085036291
E:3.286771641
E:-1.866982152
E:-3.000000000
-8
E:9.001509846
E:9.021408510
E:7.829301085
E:7.915593917
E:-0.827843298
E:-8.199923106
E:15.553005887
E:15.383899386
E:15.266555690
E:15.483859881
E:15.268645793
E:15.928888713
E:22.000000000
22
E:21.998882436
E:22.407245497
E:22.271661275
E:24.460792252
E:13.614579111
E:4.056016552
E:2.879520997
E:-2.644719155
E:-7.254416622
E:-3.000000000
-5
E:22.743666825
E:22.507646108
E:21.381197850
E:18.889797113
E:17.263318121
26
E:13.975070061
E:2.782516117
E:4.222706870
E:3.267178957
E:-1.335989055
-14
E:11.166247849
E:2.821355981
E:3.835688860
E:6.104503625
E:4.474097301
E:6.418584003
E:1.470594981
12
E:3.238843400
E:-0.989541979
E:-4.349517811
E:-7.184372962
E:-10.000000000
-8
E:15.376195185
E:17.159062207
E:13.299039917
E:19.879977631
E:5.658385156
E:4.901207412
E:0.226799527
E:-5.023706617
E:-3.828049436
E:-8.981723518
-14
E:10.534904625
E:-1.304546113
E:0.558217799
E:-2.862768797
E:-0.928216842
E:-5.000000000
-7
E:12.868243872
E:14.738420663
E:6.315851434
E:7.464540067
E:9.318139566
E:9.765231314
E:-7.000000000
-7
E:8.656516055
E:10.561132700
E:10.394334907
E:9.957659085
7
E:9.291898873
E:5.980522425
E:5.430881534
E:1.422549996
E:1.354872421
E:0.204538421
7
E:11.978153839
E:0.091569329
E:-1.727137396
E:-1.367715396
E:-1.840336807
E:-6.605997308
-6
E:6.950952378
E:9.076290226
E:9.527053858
E:2.304622645
E:-3.353672820
E:-6.000000000
E:17.554814506
E:-1.301392318
E:-3.189568408
E:-5.905655962
E:-14.000000000
-14
E:18.771694293
E:-0.657802578
E:3.365885769
E:-4.743638746
E:-1.844427785
E:-3.300636425
-4
E:16.390385558
E:16.213073972
E:6.472741315
E:-0.107411524
E:21.000000000
21
E:11.339884822
E:12.822004461
E:10.691003670
E:11.347854594
E:13.459358025
12
E:11.586465676
E:12.327352669
E:-2.568532142
E:-3.086457250
E:-6.538726162
E:-16.000000000
E:5.690852042
E:1.879503699
E:-6.437322437
E:-6.339258138
E:-5.000000000
-7
E:4.930911828
E:-0.668695461
E:1.440128646
8
E:0.872613876
E:-5.357544479
E:-5.655632445
E:-1.000000000
-3
E:15.792674304
E:-0.962350812
E:3.894308746
E:5.299750273
E:-6.017592836
E:-0.865982727
12
E:17.907448227
E:-6.091806150
E:-7.797679410
-7
E:16.048306735
E:4.587580258
E:0.112892639
E:-3.944919585
E:-5.295475105
-12
E:18.548252122
E:11.259116729
E:11.100025048
E:12.847194471
E:7.000000000
7
E:4.186143717
E:3.061399199
E:5.128045438
E:7.236358480
E:-4.477750696
E:11.780863431
E:-4.993601727
E:-3.324149414
E:-4.863806161
E:-1.737729654
6
E:7.014461888
E:10.232649367
E:4.514647634
E:8.036714013
E:7.715584353
E:4.383521559
-3
E:12.462006527
E:5.898962836
E:4.369795796
E:1.242873194
E:-9.740148732
E:-21.000000000
-22
E:2.438077104
E:3.430617103
E:-0.817245177
E:-11.035514147
-10
E:14.049575079
E:13.476118224
E:14.301597644
E:11.189641412
E:7.747395470
E:0.790756327
13
E:6.980511194
E:13.973867903
E:13.678409327
E:20.791862185
E:21.500000000
E:23.000000000
E:14.193204232
E:17.029107290
E:14.989664217
E:0.724703575
E:1.219500570
E:-7.000000000
-18
E:16.714543049
E:16.496031205
E:16.481460124
E:16.969929210
E:17.335627409
E:17.756223718
18
E:14.925310572
E:5.849531301
E:9.059800669
E:4.778702272
E:11.760827716
E:8.002349703
6
E:15.932916982
E:13.020941946
E:5.113551658
E:6.034980675
E:9.421005220
E:1.678627451
7
E:19.191074957
E:12.567135629
E:23.255095038
E:24.237600956
E:22.679302156
E:27.485832954
E:14.061163525
E:13.017781232
E:13.926636255
E:7.792761676
E:9.060188685
E:11.296522001
8
E:15.560885658
E:17.254085443
E:17.588028876
E:21.791378244
E:23.452793309
24
E:17.780441016
E:9.966427316
E:-2.139474467
E:-2.547339418
E:-2.993856498
-14
E:11.833558720
E:1.427401127
E:-4.173248586
E:-4.754722163
E:-4.819743499
-13
E:15.980077242
E:6.530115916
E:4.998768474
E:6.808476593
E:-1.935433138
-9
E:16.324002968
E:15.664609921
E:15.738815877
E:17.117824330
E:16.394263614
E:18.013482037
E:22.000000000
E:14.100894925
E:7.017993648
E:18.437988337
E:20.245953330
E:23.598465662
8
E:19.734319046
E:20.222067961
E:20.116788349
E:8.964651492
E:9.468237994
8
E:12.464774421
E:14.068899898
E:13.455157064
E:13.173506895
E:12.752725601
E:14.000000000
14
E:5.743580267
E:-3.937532520
E:-5.509705929
E:-5.387148820
-11
E:14.106261615
E:12.995654536
E:5.781407554
E:13.210041705
E:17.088920624
E:16.991469524
E:18.097107457
E:15.733411396
5
E:4.887135228
E:-2.040501801
-2
E:6.397810684
E:2.232287605
E:3.691185418
E:-3.527529293
E:-0.592904380
9
E:14.298656124
E:14.765375786
E:15.188137235
13
E:12.420809317
E:11.634511393
E:7.691625763
E:-1.590936428
E:2.875396016
3
E:15.690531266
E:20.655703557
E:17.482994491
E:16.349457421
E:15.510837190
E:15.755025769
E:17.712423737
E:19.266498752
E:20.789354472
E:21.137033371
E:21.657142857
26
E:5.764272558
E:-6.473220116
E:-7.599766909
E:-12.000000000
-14
E:6.012088704
E:6.535684972
E:-4.681553374
E:-5.610260468
E:-6.361375626
10
E:13.694463114
E:-0.730024223
E:0.554716463
E:-3.675044434
E:-5.117648890
-20
E:16.511306991
E:17.132268468
E:17.853428030
E:18.427058779
E:19.000000000
E:24.393328927
E:21.987555954
E:23.590463256
E:8.981376037
E:-5.339918355
-22
E:19.346596244
E:20.339911245
E:21.168833730
E:21.442097084
E:24.623355245
E:27.000000000
27
E:16.266382049
E:16.262916709
E:16.029910826
E:19.108375657
E:22.381760000
E:24.000000000
E:19.175283582
E:20.095340878
E:21.530758848
16
E:19.131747737
7
E:5.557934647
E:7.011703458
E:-2.217839164
E:-3.466751791
E:-7.838424101
E:-19.000000000
-16
E:11.097215462
E:10.625351464
E:-0.712468075
E:0.719444061
E:-2.200865862
E:0.029624566
12
E:18.703191630
E:20.578545021
E:21.163484446
E:24.091229635
E:22.881068644
E:18.105624143
E:21.233042170
E:26.531658132
E:27.889277083
E:30.370255395
E:31.868444176
E:32.000000000
32
E:1.310415296
E:-1.854125347
E:-2.767684814
E:-1.915078877
E:-1.873097588
E:-1.628975512
7
E:19.548930879
E:21.616061685
E:22.481384544
E:18.463530860
E:27.000000000
E:16.776583442
E:17.195885466
E:16.056576876
20
E:12.657975623
E:15.217146051
E:11.671555665
E:3.586047999
E:-1.782968936
E:-7.000000000
-10
E:11.506149612
E:11.536487382
E:-3.050593452
E:-1.073170878
E:6.767374527
E:2.175331084
10
E:12.215721301
E:11.312511902
E:-1.898777356
E:-3.466639500
-3
E:15.602629781
E:17.045323413
E:17.130879133
E:11.552803364
E:9.504963425
E:5.571428571
E:8.584260147
E:0.580349040
E:-6.536592500
E:-9.455907912
E:-16.000000000
-14
E:16.648894053
E:14.734755632
E:14.363735139
E:13.990684035
E:16.576917532
E:18.067779361
4
E:14.015471010
E:15.463129558
E:17.199748484
E:18.698987007
E:20.000000000
20
E:3.597829042
E:2.440386642
E:-1.114987622
E:0.298405381
11
E:15.095393832
E:-1.780758852
E:-3.166412156
E:-0.421045547
E:10.672289379
5
E:11.962053058
E:5.204722783
E:-4.000000000
-13
E:11.764742949
7
E:3.432050747
E:-5.673469399
E:-5.000000000
-11
E:16.180675115
E:-1.040514834
E:-2.737260909
E:-5.587730734
E:1.748763188
E:-4.797724145
E:-21.000000000
E:13.156619958
E:13.770995350
7
E:11.670562172
E:0.028978068
E:3.667044496
E:4.054815570
E:4.507427464
E:-7.000000000
-18
E:16.969783764
E:18.023039293
E:14.822932586
E:16.533379105
E:16.331850496
E:14.503244314
E:22.000000000
22
E:12.624667077
E:10.534190757
E:9.914204834
E:-1.719774886
E:5.167324112
E:-12.000000000
-15
E:2.126903791
E:0.188077600
E:-2.648248176
E:-3.000000000
6
-6
E:7.069073388
E:3.422276317
E:5.707808523
E:-6.000000000
E:14.219680715
6
E:8.248613420
E:0.215440153
E:5.701221914
E:4.643058167
E:-1.088416996
E:11.000000000
11
E:12.205402852
E:6.019971272
E:2.740888365
E:7.294955344
E:3.828668055
E:-7.000000000
-15
E:15.256546480
E:15.762402993
E:15.165198089
7
E:11.167892431
E:12.489942942
E:12.209076250
5
E:12.091255976
E:12.010549747
E:14.591247300
E:14.567484904
E:15.000000000
E:12.409020216
E:-2.313315080
E:-4.436327085
E:-1.000000000
-5
E:10.448546717
12
E:12.110429502
E:12.303567053
E:12.490362784
E:11.114287530
E:-6.508978818
E:-18.000000000
7
-16
E:4.019022818
E:-5.102077842
-5
E:5.035197063
E:5.373782949
E:6.931868415
E:-0.221726372
E:2.668706912
E:1.522804261
E:-4.000000000
-7
E:9.225637280
E:-1.636956672
E:-2.778532402
E:-4.275196672
E:-7.000000000
E:11.037635426
10
E:9.514373222
E:-1.980631743
E:-2.104195409
E:-1.852130388
E:4.270470499
E:6.120203539
12
E:3.245141794
E:-6.029314274
E:-8.919405838
-8
E:13.349366343
E:3.872398400
E:-3.220348738
E:-2.967685224
E:-9.000000000
5
-17
E:15.037593950
E:14.150797467
E:3.862901176
E:3.287716690
E:-18.000000000
