------------------------------------------------------------
Prb_scr:18.881509
Action:62
------------------------------------------------------------
Prb_scr:15.539602
Action:1600
Prb_scr:16.173550
Action:52
------------------------------------------------------------
Prb_scr:11.353284
Action:54
Prb_scr:8.553990
Action:1544
Prb_scr:-4.690476
Action:1233
Prb_scr:-1000000000.000000
Action:0
Gm
------------------------------------------------------------
Prb_scr:6.237990
Action:1461
Prb_scr:8.545676
Action:73
Prb_scr:3.958260
Action:2400
Prb_scr:-1.262775
Action:64
Prb_scr:-3.834384
Action:7500
Prb_scr:-1000000000.000000
Action:0
Gm
------------------------------------------------------------
Prb_scr:14.610093
Action:63
Prb_scr:12.643528
Action:76
------------------------------------------------------------
Prb_scr:13.188231
Action:1137
Prb_scr:9.279388
Action:6446
Prb_scr:8.853582
Action:26
Prb_scr:5.552891
Action:3255
------------------------------------------------------------
Prb_scr:12.643860
Action:67
------------------------------------------------------------
Prb_scr:10.919558
Action:1200
Prb_scr:2.538863
Action:4611
Prb_scr:-0.483899
Action:4713
Prb_scr:-1000000000.000000
Action:0
Gm
------------------------------------------------------------
Prb_scr:14.093219
Action:71
Prb_scr:15.634858
Action:31
Prb_scr:14.147154
Action:22
------------------------------------------------------------
Prb_scr:-2.287471
Action:6227
Prb_scr:-7.160582
Action:5324
Prb_scr:-1000000000.000000
Action:0
Gm
------------------------------------------------------------
Prb_scr:17.165477
Action:74
------------------------------------------------------------
Prb_scr:13.090945
Action:62
Prb_scr:11.469727
Action:76
------------------------------------------------------------
Prb_scr:23.390246
Action:1200
Prb_scr:23.178127
Action:1771
------------------------------------------------------------
Prb_scr:16.115045
Action:67
------------------------------------------------------------
Prb_scr:12.278718
Action:42
Prb_scr:2.910966
Action:1326
------------------------------------------------------------
Prb_scr:11.583098
Action:4121
Prb_scr:14.196106
Action:76
------------------------------------------------------------
Prb_scr:-1.815966
Action:1127
Prb_scr:-2.173314
Action:17
Prb_scr:-3.510596
Action:14
Prb_scr:-1000000000.000000
Action:0
Gm
------------------------------------------------------------
Prb_scr:5.988109
Action:5261
Prb_scr:7.631369
Action:17
Prb_scr:2.523565
Action:2500
Prb_scr:3.417115
Action:2247
Prb_scr:-1000000000.000000
Action:0
Gm
------------------------------------------------------------
Prb_scr:3.433813
Action:1136
Prb_scr:14.512273
Action:47
Prb_scr:16.236810
Action:43
Prb_scr:20.140726
Action:66
Prb_scr:7.072394
Action:23
------------------------------------------------------------
Prb_scr:19.454653
Action:67
Prb_scr:19.868696
Action:76
------------------------------------------------------------
Prb_scr:16.865824
Action:64
Prb_scr:14.630375
Action:77
Prb_scr:16.313635
Action:47
Prb_scr:8.330604
Action:4200
Prb_scr:1.232212
Action:36
Prb_scr:-1000000000.000000
Action:0
Gm
------------------------------------------------------------
Prb_scr:18.086434
Action:67
Prb_scr:19.415884
Action:77
------------------------------------------------------------
Prb_scr:13.961399
Action:2500
Prb_scr:4.510988
Action:4757
Prb_scr:8.006287
Action:35
Prb_scr:3.948405
Action:5242
Prb_scr:1.098689
Action:4600
------------------------------------------------------------
Prb_scr:8.611440
Action:4465
Prb_scr:0.367677
Action:5200
Prb_scr:-12.683997
Action:3673
GG
------------------------------------------------------------
Prb_scr:3.312699
Action:1100
Prb_scr:-3.854072
Action:6217
Prb_scr:-4.959537
Action:1527
Prb_scr:-1000000000.000000
Action:0
Gm
------------------------------------------------------------
Prb_scr:13.736941
Action:35
------------------------------------------------------------
Prb_scr:16.045240
Action:71
Prb_scr:14.925862
Action:11
Prb_scr:3.529427
Action:6100
Prb_scr:4.080035
Action:6614
Prb_scr:-1000000000.000000
Action:0
Gm
------------------------------------------------------------
Prb_scr:18.983240
Action:66
Prb_scr:6.869248
Action:2472
Prb_scr:0.141249
Action:6400
Prb_scr:3.789122
Action:26
Prb_scr:8.567494
Action:51
Prb_scr:-2.213473
Action:45
------------------------------------------------------------
Prb_scr:11.248628
Action:71
Prb_scr:13.903918
Action:42
Prb_scr:13.992421
Action:17
Prb_scr:14.504063
Action:26
Prb_scr:13.835270
Action:23
Prb_scr:14.546763
Action:15
------------------------------------------------------------
Prb_scr:21.638663
Action:3600
------------------------------------------------------------
Prb_scr:13.984407
Action:73
Prb_scr:-6.409215
Action:5425
Prb_scr:-1000000000.000000
Action:0
Gm
------------------------------------------------------------
Prb_scr:5.324581
Action:5100
Prb_scr:6.393416
Action:25
Prb_scr:-0.228503
Action:36
Prb_scr:-4.272200
Action:14
Prb_scr:-8.647295
Action:4556
Prb_scr:-1000000000.000000
Action:0
Gm
------------------------------------------------------------
Prb_scr:0.763251
Action:7133
Prb_scr:0.969850
Action:37
Prb_scr:-6.602235
Action:4355
Prb_scr:-9.849189
Action:46
Prb_scr:-4.502119
Action:25
------------------------------------------------------------
Prb_scr:19.406866
Action:72
Prb_scr:-2.518685
Action:1343
Prb_scr:-3.873999
Action:61
Prb_scr:-3.395521
Action:14
Prb_scr:-7.920862
Action:5200
Prb_scr:-1000000000.000000
Action:0
Gm
------------------------------------------------------------
Prb_scr:13.424139
Action:61
Prb_scr:-2.366344
Action:1241
Prb_scr:-1.683271
Action:2200
Prb_scr:2.020573
Action:27
Prb_scr:0.872042
Action:1500
Prb_scr:-1.280075
Action:5200
------------------------------------------------------------
Prb_scr:12.331713
Action:65
Prb_scr:1.393002
Action:6400
Prb_scr:-4.269108
Action:3121
Prb_scr:-1000000000.000000
Action:0
Gm
------------------------------------------------------------
Prb_scr:10.366047
Action:2100
Prb_scr:-0.688796
Action:1243
Prb_scr:-6.769814
Action:5632
Prb_scr:-7.495910
Action:2645
------------------------------------------------------------
Prb_scr:14.728532
Action:72
------------------------------------------------------------
Prb_scr:-1.526716
Action:1625
Prb_scr:1.576609
Action:15
Prb_scr:-3.528423
Action:5232
Prb_scr:-3.284679
Action:5357
------------------------------------------------------------
Prb_scr:10.412321
Action:75
------------------------------------------------------------
Prb_scr:3.737135
Action:5236
Prb_scr:5.721807
Action:16
Prb_scr:0.728202
Action:17
Prb_scr:1.601378
Action:22
Prb_scr:-2.781344
Action:14
Prb_scr:-1000000000.000000
Action:0
Gm
------------------------------------------------------------
Prb_scr:20.598648
Action:42
Prb_scr:13.401593
Action:4655
Prb_scr:-0.282628
Action:7653
------------------------------------------------------------
Prb_scr:14.652541
Action:45
Prb_scr:14.329594
Action:67
Prb_scr:0.875923
Action:6400
Prb_scr:0.792348
Action:25
Prb_scr:-5.828561
Action:6643
Prb_scr:-1.356160
Action:4600
------------------------------------------------------------
Prb_scr:17.494321
Action:65
Prb_scr:16.898024
Action:67
Prb_scr:16.056353
Action:1600
------------------------------------------------------------
Prb_scr:8.606819
Action:77
Prb_scr:12.814457
Action:1500
Prb_scr:0.519361
Action:2600
Prb_scr:-1000000000.000000
Action:0
Gm
------------------------------------------------------------
Prb_scr:26.255142
Action:77
Prb_scr:26.011229
Action:1527
------------------------------------------------------------
Prb_scr:16.986824
Action:5562
------------------------------------------------------------
Prb_scr:11.085257
Action:2154
Prb_scr:5.449491
Action:72
Prb_scr:-1000000000.000000
Action:0
Gm
------------------------------------------------------------
Prb_scr:14.339158
Action:56
Prb_scr:16.059847
Action:1700
Prb_scr:16.598345
Action:2461
Prb_scr:15.072878
Action:1300
Prb_scr:14.292284
Action:74
------------------------------------------------------------
Prb_scr:10.732663
Action:46
Prb_scr:8.152731
Action:71
Prb_scr:-5.870869
Action:3647
Prb_scr:-4.072394
Action:27
Prb_scr:-8.195235
Action:5633
------------------------------------------------------------
Prb_scr:10.528732
Action:75
Prb_scr:9.642428
Action:2200
Prb_scr:10.672643
Action:2700
------------------------------------------------------------
Prb_scr:16.550842
Action:55
Prb_scr:15.380995
Action:72
Prb_scr:-6.588114
Action:4526
Prb_scr:-9.974689
Action:22
Prb_scr:-10.250748
Action:3464
------------------------------------------------------------
Prb_scr:7.468551
Action:3265
Prb_scr:8.370151
Action:26
Prb_scr:9.587500
Action:67
Prb_scr:3.510682
Action:13
Prb_scr:-3.366895
Action:7400
Prb_scr:-1000000000.000000
Action:0
Gm
------------------------------------------------------------
Prb_scr:2.475635
Action:4100
Prb_scr:-4.516965
Action:4243
Prb_scr:-1.876814
Action:1400
Prb_scr:-3.525402
Action:4400
Prb_scr:-1000000000.000000
Action:0
Gm
------------------------------------------------------------
Prb_scr:16.911923
Action:67
Prb_scr:1.778516
Action:5400
Prb_scr:-3.765000
Action:6113
Prb_scr:-2.766291
Action:23
Prb_scr:-1000000000.000000
Action:0
Gm
------------------------------------------------------------
Prb_scr:13.291277
Action:61
Prb_scr:13.168595
Action:75
Prb_scr:-9.003815
Action:3467
GG
------------------------------------------------------------
Prb_scr:4.153287
Action:6126
Prb_scr:1.778897
Action:34
Prb_scr:1.931573
Action:47
Prb_scr:-5.885937
Action:21
Prb_scr:-1000000000.000000
Action:0
Gm
------------------------------------------------------------
Prb_scr:3.420190
Action:4417
Prb_scr:2.995665
Action:6114
Prb_scr:-1.496050
Action:13
Prb_scr:-1.670620
Action:4300
Prb_scr:-3.705014
Action:42
------------------------------------------------------------
Prb_scr:21.316806
Action:2700
Prb_scr:21.497979
Action:61
Prb_scr:21.927673
Action:77
------------------------------------------------------------
Prb_scr:15.333114
Action:71
Prb_scr:18.213799
Action:47
Prb_scr:20.155181
Action:21
Prb_scr:21.174085
Action:62
Prb_scr:23.172953
Action:66
------------------------------------------------------------
Prb_scr:17.756424
Action:72
Prb_scr:-0.223458
Action:4400
Prb_scr:11.872299
Action:27
Prb_scr:10.496965
Action:16
Prb_scr:8.731774
Action:11
Prb_scr:-1.914425
Action:7343
------------------------------------------------------------
Prb_scr:14.532191
Action:74
------------------------------------------------------------
Prb_scr:16.055346
Action:4600
Prb_scr:15.970268
Action:65
Prb_scr:15.892619
Action:1300
Prb_scr:16.677870
Action:11
Prb_scr:17.541462
Action:14
Prb_scr:15.165680
Action:56
Prb_scr:19.000000
Action:3300
------------------------------------------------------------
Prb_scr:20.679463
Action:3500
Prb_scr:19.349065
Action:1355
Prb_scr:19.888726
Action:73
Prb_scr:19.463596
Action:2300
Prb_scr:18.292338
Action:5300
Prb_scr:7.000000
Action:4700
------------------------------------------------------------
Prb_scr:4.338055
Action:2265
Prb_scr:11.241919
Action:26
Prb_scr:9.195992
Action:62
Prb_scr:0.431553
Action:44
Prb_scr:-9.025046
Action:4114
------------------------------------------------------------
Prb_scr:15.527449
Action:56
------------------------------------------------------------
Prb_scr:12.038097
Action:6400
Prb_scr:12.277194
Action:67
Prb_scr:15.954227
Action:21
Prb_scr:15.681009
Action:5272
Prb_scr:17.298370
Action:54
Prb_scr:-1000000000.000000
Action:0
Gm
------------------------------------------------------------
Prb_scr:16.995298
Action:46
Prb_scr:3.553418
Action:6400
Prb_scr:2.558049
Action:27
Prb_scr:3.055827
Action:44
Prb_scr:-6.256258
Action:7100
Prb_scr:-12.072294
Action:3375
GG
------------------------------------------------------------
Prb_scr:13.146123
Action:57
Prb_scr:13.223614
Action:66
Prb_scr:3.150720
Action:5400
Prb_scr:1.823582
Action:24
Prb_scr:-0.945926
Action:3100
Prb_scr:-6.749918
Action:7242
GG
------------------------------------------------------------
Prb_scr:-4.352135
Action:4262
Prb_scr:0.264204
Action:36
Prb_scr:2.038374
Action:33
Prb_scr:0.149157
Action:31
Prb_scr:-7.329332
Action:7600
Prb_scr:-1000000000.000000
Action:0
Gm
------------------------------------------------------------
Prb_scr:15.418952
Action:76
Prb_scr:12.730916
Action:3674
Prb_scr:1.554706
Action:3700
Prb_scr:4.665416
Action:6226
Prb_scr:-1000000000.000000
Action:0
Gm
------------------------------------------------------------
Prb_scr:10.849439
Action:54
Prb_scr:13.425157
Action:3200
Prb_scr:13.506040
Action:42
Prb_scr:14.531154
Action:52
------------------------------------------------------------
Prb_scr:17.720566
Action:1700
------------------------------------------------------------
Prb_scr:12.061759
Action:77
------------------------------------------------------------
Prb_scr:23.757676
Action:63
------------------------------------------------------------
Prb_scr:19.080979
Action:31
Prb_scr:17.018316
Action:5600
Prb_scr:19.999715
Action:46
Prb_scr:15.707498
Action:7651
Prb_scr:12.421296
Action:2262
------------------------------------------------------------
Prb_scr:9.522550
Action:3136
Prb_scr:-0.167583
Action:25
Prb_scr:-3.692437
Action:4333
Prb_scr:-4.184856
Action:6515
------------------------------------------------------------
Prb_scr:11.995128
Action:76
------------------------------------------------------------
Prb_scr:7.359279
Action:1100
Prb_scr:0.237189
Action:4146
Prb_scr:-0.121320
Action:45
Prb_scr:-10.129929
Action:5444
Prb_scr:-1000000000.000000
Action:0
Gm
------------------------------------------------------------
Prb_scr:13.113023
Action:46
Prb_scr:12.710153
Action:3137
Prb_scr:12.597937
Action:22
Prb_scr:11.035783
Action:1774
Prb_scr:10.138200
Action:2300
------------------------------------------------------------
Prb_scr:18.075270
Action:71
Prb_scr:-1.253537
Action:4672
Prb_scr:-10.868276
Action:3337
Prb_scr:-13.755177
Action:2313
------------------------------------------------------------
Prb_scr:17.179596
Action:76
------------------------------------------------------------
Prb_scr:13.275955
Action:45
Prb_scr:7.364967
Action:7100
Prb_scr:10.024685
Action:4100
Prb_scr:10.627682
Action:35
Prb_scr:5.110247
Action:6465
Prb_scr:2.726147
Action:2500
------------------------------------------------------------
Prb_scr:21.933090
Action:55
------------------------------------------------------------
Prb_scr:7.358513
Action:64
Prb_scr:8.327016
Action:2700
------------------------------------------------------------
Prb_scr:16.241065
Action:66
Prb_scr:-0.090297
Action:1100
Prb_scr:-4.985269
Action:1400
Prb_scr:-1.939119
Action:43
Prb_scr:4.229660
Action:67
Prb_scr:1.580556
Action:1300
Prb_scr:16.000000
Action:5300
------------------------------------------------------------
Prb_scr:13.647861
Action:4100
Prb_scr:2.805418
Action:2245
Prb_scr:-2.197483
Action:4200
Prb_scr:-1000000000.000000
Action:0
Gm
------------------------------------------------------------
Prb_scr:0.388345
Action:3441
Prb_scr:-3.189837
Action:5561
Prb_scr:-7.067680
Action:1252
Prb_scr:-17.867860
Action:57
GG
------------------------------------------------------------
Prb_scr:17.734770
Action:1500
------------------------------------------------------------
Prb_scr:13.906955
Action:5500
Prb_scr:11.537006
Action:5112
Prb_scr:4.869395
Action:16
Prb_scr:-5.548875
Action:7572
------------------------------------------------------------
Prb_scr:12.376247
Action:1500
Prb_scr:12.620504
Action:3500
Prb_scr:4.297434
Action:25
Prb_scr:-4.255198
Action:3237
Prb_scr:-1000000000.000000
Action:0
Gm
------------------------------------------------------------
Prb_scr:12.025419
Action:57
Prb_scr:2.546157
Action:4135
Prb_scr:7.437107
Action:51
Prb_scr:-3.122893
Action:4600
Prb_scr:-0.748470
Action:23
Prb_scr:-7.999157
Action:52
------------------------------------------------------------
Prb_scr:17.580323
Action:65
Prb_scr:13.274872
Action:1437
Prb_scr:10.693833
Action:4125
------------------------------------------------------------
Prb_scr:13.563377
Action:75
------------------------------------------------------------
Prb_scr:6.992296
Action:54
Prb_scr:-4.439631
Action:2245
Prb_scr:-4.196597
Action:32
Prb_scr:-5.236384
Action:2647
Prb_scr:-1000000000.000000
Action:0
Gm
------------------------------------------------------------
Prb_scr:5.205886
Action:1400
Prb_scr:-3.666925
Action:5517
Prb_scr:-5.274670
Action:5226
Prb_scr:-1000000000.000000
Action:0
Gm
------------------------------------------------------------
Prb_scr:15.231945
Action:76
------------------------------------------------------------
Prb_scr:1.540891
Action:3642
Prb_scr:-4.184741
Action:1511
Prb_scr:-5.725313
Action:51
Prb_scr:-0.074509
Action:3500
Prb_scr:-1000000000.000000
Action:0
Gm
------------------------------------------------------------
Prb_scr:16.960922
Action:72
------------------------------------------------------------
Prb_scr:18.426586
Action:77
Prb_scr:16.815120
Action:3265
Prb_scr:18.983023
Action:56
Prb_scr:17.998266
Action:42
Prb_scr:16.331215
Action:5200
------------------------------------------------------------
Prb_scr:8.870178
Action:67
------------------------------------------------------------
Prb_scr:14.138278
Action:1700
------------------------------------------------------------
Prb_scr:10.108205
Action:75
Prb_scr:11.518834
Action:45
Prb_scr:11.992593
Action:62
------------------------------------------------------------
Prb_scr:21.865095
Action:2700
------------------------------------------------------------
Prb_scr:11.795258
Action:75
Prb_scr:10.441967
Action:1265
Prb_scr:0.508727
Action:1100
Prb_scr:-0.689357
Action:24
Prb_scr:-2.611060
Action:4400
Prb_scr:12.000000
Action:7300
------------------------------------------------------------
Prb_scr:15.635453
Action:74
Prb_scr:0.567919
Action:1467
Prb_scr:-3.740864
Action:2661
Prb_scr:-9.405221
Action:4453
------------------------------------------------------------
Prb_scr:10.228082
Action:75
Prb_scr:-3.373350
Action:2100
Prb_scr:-6.607543
Action:3466
------------------------------------------------------------
Prb_scr:0.080315
Action:3426
Prb_scr:3.009016
Action:25
Prb_scr:-2.931220
Action:4600
Prb_scr:-6.816196
Action:6233
Prb_scr:-1000000000.000000
Action:0
Gm
------------------------------------------------------------
Prb_scr:15.498830
Action:63
Prb_scr:11.511134
Action:4400
Prb_scr:-0.470148
Action:6400
Prb_scr:8.928274
Action:47
Prb_scr:-0.470974
Action:4335
------------------------------------------------------------
Prb_scr:19.752880
Action:71
------------------------------------------------------------
Prb_scr:13.697014
Action:77
Prb_scr:15.865535
Action:67
------------------------------------------------------------
Prb_scr:8.346810
Action:76
------------------------------------------------------------
Prb_scr:9.140780
Action:32
Prb_scr:8.435015
Action:1600
Prb_scr:7.032187
Action:45
Prb_scr:5.486015
Action:1200
Prb_scr:8.315000
Action:25
Prb_scr:-3.780828
Action:1122
------------------------------------------------------------
Prb_scr:14.148862
Action:61
Prb_scr:12.931673
Action:74
------------------------------------------------------------
Prb_scr:14.418407
Action:65
------------------------------------------------------------
Prb_scr:22.400398
Action:4300
Prb_scr:22.882115
Action:52
Prb_scr:23.976948
Action:47
Prb_scr:24.264215
Action:76
------------------------------------------------------------
Prb_scr:15.553056
Action:61
Prb_scr:14.687012
Action:1500
Prb_scr:8.901423
Action:2667
Prb_scr:7.581826
Action:43
Prb_scr:6.236828
Action:77
Prb_scr:-0.670135
Action:34
------------------------------------------------------------
Prb_scr:6.638593
Action:6400
Prb_scr:-0.181947
Action:7127
Prb_scr:-2.927656
Action:15
Prb_scr:-3.974758
Action:16
Prb_scr:-1000000000.000000
Action:0
Gm
------------------------------------------------------------
Prb_scr:10.160048
Action:77
------------------------------------------------------------
Prb_scr:0.903057
Action:6124
Prb_scr:-5.146603
Action:26
GG
------------------------------------------------------------
Prb_scr:5.285390
Action:5400
Prb_scr:8.786921
Action:46
Prb_scr:7.344694
Action:3511
Prb_scr:7.957002
Action:2437
Prb_scr:10.000000
Action:25
------------------------------------------------------------
Prb_scr:12.061030
Action:74
Prb_scr:14.234373
Action:3752
Prb_scr:14.244900
Action:33
------------------------------------------------------------
Prb_scr:12.281112
Action:56
Prb_scr:14.594169
Action:66
------------------------------------------------------------
Prb_scr:3.850300
Action:1447
Prb_scr:3.867820
Action:52
Prb_scr:1.314015
Action:15
Prb_scr:-7.665786
Action:46
Prb_scr:-1000000000.000000
Action:0
Gm
------------------------------------------------------------
Prb_scr:2.074101
Action:4243
Prb_scr:7.306746
Action:37
Prb_scr:-3.487677
Action:5557
Prb_scr:3.257851
Action:4500
Prb_scr:11.000000
Action:73
------------------------------------------------------------
Prb_scr:5.157937
Action:1100
Prb_scr:8.159481
Action:31
Prb_scr:-5.044015
Action:4554
Prb_scr:-1000000000.000000
Action:0
Gm
------------------------------------------------------------
Prb_scr:11.257816
Action:3141
Prb_scr:12.140409
Action:67
Prb_scr:13.011718
Action:71
------------------------------------------------------------
Prb_scr:5.261091
Action:2100
Prb_scr:7.222591
Action:27
Prb_scr:7.037304
Action:36
Prb_scr:6.892123
Action:5200
Prb_scr:4.822115
Action:41
Prb_scr:-1000000000.000000
Action:0
Gm
------------------------------------------------------------
Prb_scr:17.697256
Action:2500
Prb_scr:17.197378
Action:72
------------------------------------------------------------
Prb_scr:16.126379
Action:74
Prb_scr:11.732044
Action:7126
Prb_scr:0.056859
Action:4200
Prb_scr:-5.392965
Action:7751
Prb_scr:-1000000000.000000
Action:0
Gm
------------------------------------------------------------
Prb_scr:19.091807
Action:27
Prb_scr:18.951947
Action:36
------------------------------------------------------------
Prb_scr:10.032491
Action:73
Prb_scr:-5.689368
Action:1324
Prb_scr:-6.908656
Action:16
Prb_scr:-1000000000.000000
Action:0
Gm
------------------------------------------------------------
Prb_scr:1.293989
Action:4125
Prb_scr:-0.892411
Action:1100
Prb_scr:-5.232805
Action:5653
GG
------------------------------------------------------------
Prb_scr:10.383879
Action:62
Prb_scr:0.270101
Action:2400
Prb_scr:-4.564168
Action:5311
Prb_scr:-4.707953
Action:57
Prb_scr:-1000000000.000000
Action:0
Gm
------------------------------------------------------------
Prb_scr:5.173928
Action:5100
Prb_scr:2.709466
Action:4100
Prb_scr:3.940311
Action:5632
Prb_scr:8.464446
Action:2667
------------------------------------------------------------
Prb_scr:12.168938
Action:4400
Prb_scr:11.762472
Action:77
------------------------------------------------------------
Prb_scr:0.826635
Action:4436
Prb_scr:-4.873715
Action:1637
Prb_scr:-3.293102
Action:55
Prb_scr:-5.026006
Action:75
Prb_scr:-6.699801
Action:4600
------------------------------------------------------------
Prb_scr:3.949552
Action:1447
Prb_scr:-2.640644
Action:4400
Prb_scr:-3.963589
Action:7517
Prb_scr:-1000000000.000000
Action:0
Gm
------------------------------------------------------------
Prb_scr:6.549917
Action:57
------------------------------------------------------------
Prb_scr:17.257155
Action:42
Prb_scr:19.357057
Action:46
Prb_scr:17.009424
Action:1253
------------------------------------------------------------
Prb_scr:6.739415
Action:1400
Prb_scr:5.320361
Action:67
Prb_scr:-5.962755
Action:3255
Prb_scr:-5.687207
Action:5111
Prb_scr:-1000000000.000000
Action:0
Gm
------------------------------------------------------------
Prb_scr:11.108931
Action:62
Prb_scr:12.691359
Action:25
------------------------------------------------------------
Prb_scr:16.679534
Action:54
Prb_scr:17.677442
Action:73
Prb_scr:4.957180
Action:7400
Prb_scr:1.629713
Action:61
Prb_scr:16.679668
Action:1200
Prb_scr:-11.348125
Action:3315
------------------------------------------------------------
Prb_scr:13.188476
Action:71
Prb_scr:2.039211
Action:4100
Prb_scr:-0.833312
Action:5127
Prb_scr:-4.880486
Action:5245
Prb_scr:-1000000000.000000
Action:0
Gm
------------------------------------------------------------
Prb_scr:12.444278
Action:1231
Prb_scr:4.051115
Action:1121
Prb_scr:-1000000000.000000
Action:0
Gm
------------------------------------------------------------
Prb_scr:14.304289
Action:73
Prb_scr:16.578779
Action:3100
------------------------------------------------------------
Prb_scr:15.349796
Action:55
Prb_scr:15.822995
Action:75
Prb_scr:17.617193
Action:2700
Prb_scr:14.160485
Action:5100
Prb_scr:5.708842
Action:3264
Prb_scr:1.859314
Action:43
------------------------------------------------------------
Prb_scr:2.807580
Action:2647
Prb_scr:1.594652
Action:5600
Prb_scr:-0.465496
Action:2300
Prb_scr:-1.270025
Action:21
Prb_scr:-5.471660
Action:1400
Prb_scr:-1000000000.000000
Action:0
Gm
------------------------------------------------------------
Prb_scr:12.462223
Action:57
------------------------------------------------------------
Prb_scr:8.639422
Action:7200
Prb_scr:-1000000000.000000
Action:0
Gm
------------------------------------------------------------
Prb_scr:7.240829
Action:74
------------------------------------------------------------
Prb_scr:18.103046
Action:76
Prb_scr:4.188559
Action:6400
Prb_scr:0.178666
Action:5123
Prb_scr:1.054533
Action:25
Prb_scr:-0.261484
Action:12
Prb_scr:-1000000000.000000
Action:0
Gm
------------------------------------------------------------
Prb_scr:10.071435
Action:5100
Prb_scr:10.120565
Action:3162
Prb_scr:11.886639
Action:35
Prb_scr:10.952780
Action:16
Prb_scr:9.340394
Action:2400
Prb_scr:-1000000000.000000
Action:0
Gm
------------------------------------------------------------
Prb_scr:16.885366
Action:61
Prb_scr:17.389414
Action:75
------------------------------------------------------------
Prb_scr:13.277866
Action:52
Prb_scr:10.203921
Action:53
------------------------------------------------------------
Prb_scr:17.568627
Action:5700
------------------------------------------------------------
Prb_scr:3.909446
Action:2135
Prb_scr:4.618402
Action:56
Prb_scr:1.272027
Action:13
Prb_scr:-4.094497
Action:32
Prb_scr:-8.758199
Action:6545
------------------------------------------------------------
Prb_scr:7.498456
Action:1100
Prb_scr:-0.994165
Action:7445
Prb_scr:8.862102
Action:37
------------------------------------------------------------
Prb_scr:7.207564
Action:2263
Prb_scr:0.299534
Action:76
Prb_scr:-8.865200
Action:3652
Prb_scr:-10.851266
Action:17
Prb_scr:-1000000000.000000
Action:0
Gm
------------------------------------------------------------
Prb_scr:11.426562
Action:4132
Prb_scr:-2.473369
Action:7661
Prb_scr:1.230456
Action:11
Prb_scr:-6.483374
Action:6612
------------------------------------------------------------
Prb_scr:8.396066
Action:77
Prb_scr:11.023489
Action:3100
Prb_scr:10.606852
Action:34
Prb_scr:6.381991
Action:14
Prb_scr:-2.960264
Action:6553
Prb_scr:-1000000000.000000
Action:0
Gm
------------------------------------------------------------
Prb_scr:4.638970
Action:3135
Prb_scr:-2.800202
Action:1227
Prb_scr:-7.878656
Action:6465
Prb_scr:-1000000000.000000
Action:0
Gm
------------------------------------------------------------
Prb_scr:18.507533
Action:62
Prb_scr:7.177412
Action:1100
Prb_scr:0.241835
Action:5100
Prb_scr:2.541071
Action:13
Prb_scr:9.172297
Action:65
Prb_scr:5.157892
Action:1600
Prb_scr:-1000000000.000000
Action:0
Gm
------------------------------------------------------------
Prb_scr:21.437354
Action:44
Prb_scr:20.279253
Action:63
------------------------------------------------------------
Prb_scr:15.614450
Action:4762
------------------------------------------------------------
Prb_scr:10.916982
Action:74
Prb_scr:12.225807
Action:2700
Prb_scr:10.992702
Action:2600
Prb_scr:2.640664
Action:3500
Prb_scr:6.904813
Action:14
Prb_scr:3.292407
Action:4700
Prb_scr:-1000000000.000000
Action:0
Gm
------------------------------------------------------------
Prb_scr:16.575989
Action:62
Prb_scr:16.233313
Action:71
Prb_scr:-6.081436
Action:2675
Prb_scr:6.062822
Action:67
Prb_scr:-6.896390
Action:46
------------------------------------------------------------
Prb_scr:2.964573
Action:4127
Prb_scr:-0.836457
Action:13
Prb_scr:-1.505117
Action:65
Prb_scr:-5.047126
Action:4400
Prb_scr:-7.093005
Action:2517
------------------------------------------------------------
Prb_scr:7.097090
Action:5100
Prb_scr:-1.749985
Action:7466
Prb_scr:-4.711556
Action:3315
Prb_scr:-5.239792
Action:13
Prb_scr:-6.469874
Action:2100
------------------------------------------------------------
Prb_scr:13.931058
Action:45
Prb_scr:3.200654
Action:4400
Prb_scr:-0.261099
Action:1447
Prb_scr:3.378267
Action:35
Prb_scr:5.628896
Action:11
Prb_scr:-1000000000.000000
Action:0
Gm
------------------------------------------------------------
Prb_scr:14.194266
Action:74
Prb_scr:-0.671138
Action:3125
Prb_scr:-2.358182
Action:21
Prb_scr:-2.760962
Action:34
Prb_scr:3.383286
Action:53
------------------------------------------------------------
Prb_scr:12.584112
Action:37
------------------------------------------------------------
Prb_scr:8.565910
Action:1400
Prb_scr:8.119658
Action:77
Prb_scr:0.572205
Action:1135
Prb_scr:-1.974396
Action:2125
Prb_scr:-1000000000.000000
Action:0
Gm
------------------------------------------------------------
Prb_scr:7.940048
Action:73
Prb_scr:-0.669057
Action:1517
Prb_scr:-1000000000.000000
Action:0
Gm
------------------------------------------------------------
Prb_scr:16.032932
Action:1277
Prb_scr:17.489331
Action:32
Prb_scr:17.321693
Action:36
Prb_scr:15.036352
Action:1672
Prb_scr:22.000000
Action:2300
------------------------------------------------------------
Prb_scr:17.058563
Action:37
Prb_scr:17.970587
Action:54
Prb_scr:18.732890
Action:73
Prb_scr:-3.438160
Action:2300
Prb_scr:-9.664171
Action:32
Prb_scr:-1000000000.000000
Action:0
Gm
------------------------------------------------------------
Prb_scr:9.519502
Action:76
------------------------------------------------------------
Prb_scr:12.028359
Action:72
Prb_scr:1.908552
Action:3100
Prb_scr:3.972460
Action:27
Prb_scr:-4.143700
Action:1100
Prb_scr:-1.745004
Action:3346
Prb_scr:-4.142445
Action:4400
------------------------------------------------------------
Prb_scr:0.305730
Action:3133
Prb_scr:-6.111785
Action:15
Prb_scr:-11.591290
Action:64
Prb_scr:-1000000000.000000
Action:0
Gm
------------------------------------------------------------
Prb_scr:2.712292
Action:1136
Prb_scr:-5.244395
Action:3327
Prb_scr:-5.863504
Action:7424
Prb_scr:-5.898642
Action:16
------------------------------------------------------------
Prb_scr:15.733408
Action:37
Prb_scr:15.309092
Action:34
Prb_scr:14.929134
Action:22
------------------------------------------------------------
Prb_scr:2.430036
Action:1126
Prb_scr:-4.431158
Action:5623
Prb_scr:-5.096087
Action:1600
Prb_scr:-1000000000.000000
Action:0
Gm
------------------------------------------------------------
Prb_scr:11.752147
Action:74
------------------------------------------------------------
Prb_scr:15.571614
Action:65
------------------------------------------------------------
Prb_scr:15.588454
Action:53
Prb_scr:13.796517
Action:64
Prb_scr:9.694085
Action:2533
------------------------------------------------------------
Prb_scr:6.751918
Action:1656
Prb_scr:9.427928
Action:2600
Prb_scr:1.444641
Action:6345
Prb_scr:0.804278
Action:61
Prb_scr:-2.279805
Action:6200
------------------------------------------------------------
Prb_scr:-0.982279
Action:5224
Prb_scr:-3.149513
Action:4215
Prb_scr:-1000000000.000000
Action:0
Gm
------------------------------------------------------------
Prb_scr:-1.507389
Action:7646
Prb_scr:13.485209
Action:52
Prb_scr:9.308461
Action:7200
Prb_scr:7.696499
Action:6300
Prb_scr:-1000000000.000000
Action:0
Gm
------------------------------------------------------------
Prb_scr:17.060040
Action:74
------------------------------------------------------------
Prb_scr:12.801872
Action:66
Prb_scr:-3.309333
Action:6357
Prb_scr:-9.408363
Action:4656
Prb_scr:-1000000000.000000
Action:0
Gm
------------------------------------------------------------
Prb_scr:12.811517
Action:41
Prb_scr:12.552452
Action:67
Prb_scr:-1.554611
Action:5400
Prb_scr:1.425543
Action:5647
Prb_scr:-6.540326
Action:1400
Prb_scr:-1000000000.000000
Action:0
Gm
------------------------------------------------------------
Prb_scr:13.386111
Action:4131
Prb_scr:12.346551
Action:22
Prb_scr:5.229045
Action:5100
Prb_scr:-1000000000.000000
Action:0
Gm
------------------------------------------------------------
Prb_scr:17.150964
Action:51
------------------------------------------------------------
Prb_scr:4.226488
Action:3400
Prb_scr:0.829787
Action:1125
Prb_scr:2.328255
Action:45
Prb_scr:-4.962308
Action:3500
Prb_scr:-7.978129
Action:1237
------------------------------------------------------------
Prb_scr:9.999335
Action:74
------------------------------------------------------------
Prb_scr:5.115787
Action:4100
Prb_scr:-0.521001
Action:3633
Prb_scr:-2.456662
Action:2357
Prb_scr:-2.058514
Action:64
Prb_scr:-5.509133
Action:42
------------------------------------------------------------
Prb_scr:15.021512
Action:56
------------------------------------------------------------
Prb_scr:-0.125864
Action:4263
Prb_scr:-11.053293
Action:3662
Prb_scr:-1000000000.000000
Action:0
Gm
------------------------------------------------------------
Prb_scr:12.973783
Action:75
Prb_scr:1.577562
Action:4535
Prb_scr:-3.845418
Action:4200
Prb_scr:-6.711207
Action:6200
Prb_scr:-1000000000.000000
Action:0
Gm
------------------------------------------------------------
Prb_scr:7.182470
Action:5400
Prb_scr:2.667439
Action:7425
Prb_scr:4.288948
Action:33
------------------------------------------------------------
Prb_scr:13.777053
Action:71
Prb_scr:16.098301
Action:2700
Prb_scr:19.027231
Action:4134
Prb_scr:20.183498
Action:2300
Prb_scr:-1000000000.000000
Action:0
Gm
------------------------------------------------------------
Prb_scr:7.777247
Action:77
------------------------------------------------------------
Prb_scr:15.656365
Action:73
Prb_scr:4.641543
Action:1631
Prb_scr:-8.911448
Action:2346
Prb_scr:-8.678076
Action:6513
------------------------------------------------------------
Prb_scr:15.850370
Action:54
Prb_scr:14.707292
Action:2577
------------------------------------------------------------
Prb_scr:7.501206
Action:56
Prb_scr:2.721149
Action:5100
Prb_scr:1.908618
Action:1300
Prb_scr:1.278502
Action:52
Prb_scr:-0.628584
Action:14
Prb_scr:-6.372274
Action:43
Prb_scr:-1000000000.000000
Action:0
Gm
------------------------------------------------------------
Prb_scr:17.523183
Action:74
------------------------------------------------------------
Prb_scr:14.618998
Action:3500
Prb_scr:15.277663
Action:71
------------------------------------------------------------
Prb_scr:9.159060
Action:66
Prb_scr:-6.694297
Action:2123
Prb_scr:-7.157638
Action:1317
GG
------------------------------------------------------------
Prb_scr:13.314949
Action:66
------------------------------------------------------------
Prb_scr:5.316021
Action:2100
Prb_scr:7.411912
Action:13
Prb_scr:3.671872
Action:4200
Prb_scr:2.838650
Action:2233
Prb_scr:4.296642
Action:43
Prb_scr:-1000000000.000000
Action:0
Gm
------------------------------------------------------------
Prb_scr:20.646870
Action:72
------------------------------------------------------------
Prb_scr:22.988645
Action:65
------------------------------------------------------------
Prb_scr:14.786885
Action:72
------------------------------------------------------------
Prb_scr:20.632900
Action:5600
Prb_scr:20.131615
Action:1564
------------------------------------------------------------
Prb_scr:15.426856
Action:67
------------------------------------------------------------
Prb_scr:13.858301
Action:61
------------------------------------------------------------
Prb_scr:14.999972
Action:45
Prb_scr:14.479664
Action:77
Prb_scr:13.917995
Action:5500
Prb_scr:14.519146
Action:57
Prb_scr:12.476785
Action:1300
Prb_scr:15.388168
Action:63
------------------------------------------------------------
Prb_scr:11.973172
Action:65
Prb_scr:5.092812
Action:1100
Prb_scr:0.524358
Action:35
Prb_scr:-4.278558
Action:4100
Prb_scr:-1000000000.000000
Action:0
Gm
------------------------------------------------------------
Prb_scr:15.005375
Action:3156
Prb_scr:9.861176
Action:35
Prb_scr:8.018193
Action:66
Prb_scr:11.063235
Action:6576
------------------------------------------------------------
Prb_scr:20.435042
Action:72
Prb_scr:-1.339924
Action:4264
Prb_scr:-4.290478
Action:3200
Prb_scr:-2.816385
Action:46
Prb_scr:-5.426131
Action:3113
------------------------------------------------------------
Prb_scr:4.010288
Action:3241
Prb_scr:-6.246951
Action:1647
Prb_scr:-11.831145
Action:2314
Prb_scr:-1000000000.000000
Action:0
Gm
------------------------------------------------------------
Prb_scr:19.477756
Action:1700
Prb_scr:19.999371
Action:2700
------------------------------------------------------------
Prb_scr:19.089809
Action:61
Prb_scr:3.382879
Action:5136
Prb_scr:6.174713
Action:23
Prb_scr:-7.421222
Action:5324
Prb_scr:-6.253299
Action:3400
------------------------------------------------------------
Prb_scr:23.298069
Action:27
Prb_scr:23.239509
Action:1371
Prb_scr:24.917482
Action:75
------------------------------------------------------------
Prb_scr:4.696458
Action:1100
Prb_scr:1.585093
Action:5100
Prb_scr:-1000000000.000000
Action:0
Gm
------------------------------------------------------------
Prb_scr:10.339490
Action:64
Prb_scr:11.389172
Action:54
Prb_scr:-0.182155
Action:3200
Prb_scr:-8.718903
Action:1661
Prb_scr:-1000000000.000000
Action:0
Gm
------------------------------------------------------------
Prb_scr:14.693862
Action:66
Prb_scr:14.063196
Action:77
------------------------------------------------------------
Prb_scr:13.533413
Action:74
------------------------------------------------------------
Prb_scr:9.246246
Action:2254
Prb_scr:2.837816
Action:6200
Prb_scr:-4.696984
Action:2523
Prb_scr:-1.655514
Action:6661
------------------------------------------------------------
Prb_scr:15.434150
Action:64
------------------------------------------------------------
Prb_scr:12.634336
Action:72
Prb_scr:11.659761
Action:2500
Prb_scr:2.057251
Action:32
Prb_scr:9.005865
Action:27
------------------------------------------------------------
Prb_scr:2.907961
Action:3100
Prb_scr:3.806024
Action:35
Prb_scr:-4.400625
Action:4243
Prb_scr:-5.608040
Action:14
Prb_scr:-8.345391
Action:6573
------------------------------------------------------------
Prb_scr:16.427104
Action:62
Prb_scr:3.792386
Action:1417
Prb_scr:-9.018021
Action:5355
GG
------------------------------------------------------------
Prb_scr:1.085238
Action:3115
Prb_scr:-0.592337
Action:36
Prb_scr:-3.984941
Action:3225
Prb_scr:-6.723836
Action:13
Prb_scr:-1000000000.000000
Action:0
Gm
------------------------------------------------------------
Prb_scr:3.853345
Action:6157
Prb_scr:-1.013858
Action:25
Prb_scr:-3.661760
Action:32
Prb_scr:-7.705021
Action:6575
Prb_scr:-1000000000.000000
Action:0
Gm
------------------------------------------------------------
Prb_scr:18.561367
Action:1500
Prb_scr:16.364017
Action:5572
Prb_scr:13.497599
Action:7500
------------------------------------------------------------
Prb_scr:2.487787
Action:1100
Prb_scr:0.441002
Action:37
Prb_scr:-0.416740
Action:25
Prb_scr:-3.731579
Action:73
Prb_scr:-5.581555
Action:34
Prb_scr:-7.079077
Action:5522
------------------------------------------------------------
Prb_scr:10.398965
Action:56
Prb_scr:12.336731
Action:34
Prb_scr:9.912833
Action:3100
Prb_scr:-4.930631
Action:5566
Prb_scr:-6.759689
Action:2500
GG
------------------------------------------------------------
Prb_scr:14.205190
Action:66
Prb_scr:-3.161138
Action:4100
Prb_scr:-0.280220
Action:45
Prb_scr:0.787994
Action:55
------------------------------------------------------------
Prb_scr:4.969151
Action:4257
Prb_scr:13.862190
Action:37
Prb_scr:-7.296072
Action:7325
Prb_scr:-13.723429
Action:64
Prb_scr:-1000000000.000000
Action:0
Gm
------------------------------------------------------------
Prb_scr:-1.359311
Action:1465
Prb_scr:-5.700758
Action:7252
Prb_scr:-7.858801
Action:3316
Prb_scr:-1000000000.000000
Action:0
Gm
------------------------------------------------------------
Prb_scr:11.553251
Action:61
------------------------------------------------------------
Prb_scr:17.563743
Action:74
Prb_scr:0.530508
Action:3251
Prb_scr:12.716317
Action:33
Prb_scr:13.858915
Action:27
Prb_scr:16.970420
Action:6200
Prb_scr:-1000000000.000000
Action:0
Gm
------------------------------------------------------------
Prb_scr:1.928142
Action:5100
Prb_scr:-0.424380
Action:4627
Prb_scr:-3.153630
Action:5625
Prb_scr:-3.913355
Action:47
------------------------------------------------------------
Prb_scr:2.209951
Action:2526
Prb_scr:-3.201097
Action:1100
Prb_scr:-1000000000.000000
Action:0
Gm
------------------------------------------------------------
Prb_scr:14.067135
Action:71
------------------------------------------------------------
Prb_scr:4.741978
Action:4100
Prb_scr:5.580465
Action:5100
Prb_scr:7.412428
Action:23
Prb_scr:8.709426
Action:15
Prb_scr:7.425240
Action:32
Prb_scr:3.963655
Action:6245
------------------------------------------------------------
Prb_scr:1.552690
Action:5554
Prb_scr:8.522539
Action:52
Prb_scr:5.628936
Action:6500
Prb_scr:1.746792
Action:1600
Prb_scr:3.356143
Action:71
Prb_scr:-1000000000.000000
Action:0
Gm
------------------------------------------------------------
Prb_scr:14.037127
Action:62
------------------------------------------------------------
Prb_scr:-3.379081
Action:5525
Prb_scr:-5.858821
Action:5153
Prb_scr:-12.595921
Action:17
Prb_scr:-1000000000.000000
Action:0
Gm
------------------------------------------------------------
Prb_scr:17.951450
Action:34
------------------------------------------------------------
Prb_scr:0.162431
Action:5446
Prb_scr:0.385653
Action:2400
Prb_scr:-5.267347
Action:3253
Prb_scr:-4.253418
Action:33
Prb_scr:-1000000000.000000
Action:0
Gm
------------------------------------------------------------
Prb_scr:19.613725
Action:2200
Prb_scr:13.884894
Action:4641
Prb_scr:15.638628
Action:1334
Prb_scr:12.640334
Action:62
Prb_scr:20.000000
Action:4300
------------------------------------------------------------
Prb_scr:14.232545
Action:51
Prb_scr:15.760727
Action:1700
Prb_scr:16.448423
Action:76
------------------------------------------------------------
Prb_scr:3.448901
Action:1666
Prb_scr:3.814514
Action:2600
Prb_scr:3.217218
Action:3513
Prb_scr:0.702176
Action:7553
------------------------------------------------------------
Prb_scr:17.690731
Action:51
------------------------------------------------------------
Prb_scr:9.141978
Action:74
Prb_scr:-5.477702
Action:1135
Prb_scr:-7.261168
Action:2636
Prb_scr:-1000000000.000000
Action:0
Gm
------------------------------------------------------------
Prb_scr:-0.793896
Action:3100
Prb_scr:-1.630940
Action:6100
Prb_scr:-2.616498
Action:36
Prb_scr:-1000000000.000000
Action:0
Gm
------------------------------------------------------------
Prb_scr:1.280052
Action:4572
Prb_scr:-3.837509
Action:42
Prb_scr:-6.131537
Action:6500
Prb_scr:-9.366569
Action:4673
Prb_scr:-1000000000.000000
Action:0
Gm
------------------------------------------------------------
Prb_scr:11.075096
Action:71
------------------------------------------------------------
Prb_scr:14.781231
Action:75
------------------------------------------------------------
Prb_scr:14.542912
Action:66
------------------------------------------------------------
Prb_scr:18.278416
Action:2600
Prb_scr:-1000000000.000000
Action:0
Gm
------------------------------------------------------------
Prb_scr:2.322625
Action:2100
Prb_scr:4.571133
Action:26
Prb_scr:4.103391
Action:34
Prb_scr:2.124320
Action:27
Prb_scr:5.416863
Action:1600
Prb_scr:2.916271
Action:4100
Prb_scr:-1000000000.000000
Action:0
Gm
------------------------------------------------------------
Prb_scr:19.521999
Action:62
------------------------------------------------------------
Prb_scr:14.480656
Action:1500
Prb_scr:15.657746
Action:32
Prb_scr:7.133870
Action:2154
Prb_scr:6.412531
Action:2553
Prb_scr:-1000000000.000000
Action:0
Gm
------------------------------------------------------------
Prb_scr:19.718524
Action:64
Prb_scr:18.006483
Action:3400
Prb_scr:17.739012
Action:41
Prb_scr:12.657419
Action:44
Prb_scr:4.728915
Action:4200
Prb_scr:2.095156
Action:77
------------------------------------------------------------
Prb_scr:-2.101573
Action:5241
Prb_scr:-5.166903
Action:4657
Prb_scr:-3.898440
Action:17
Prb_scr:-14.588650
Action:3354
GG
------------------------------------------------------------
Prb_scr:7.948875
Action:1427
Prb_scr:10.111908
Action:47
Prb_scr:6.800288
Action:6400
Prb_scr:4.173644
Action:21
Prb_scr:5.436156
Action:5600
Prb_scr:8.000000
Action:3400
------------------------------------------------------------
Prb_scr:18.247845
Action:33
Prb_scr:17.612501
Action:22
------------------------------------------------------------
Prb_scr:14.480117
Action:3731
Prb_scr:15.405548
Action:1246
Prb_scr:15.575162
Action:52
Prb_scr:7.683972
Action:5300
Prb_scr:-1000000000.000000
Action:0
Gm
------------------------------------------------------------
Prb_scr:18.642770
Action:74
Prb_scr:21.638573
Action:1200
------------------------------------------------------------
Prb_scr:10.933941
Action:1444
Prb_scr:8.331461
Action:42
Prb_scr:10.087725
Action:17
Prb_scr:5.469770
Action:5400
Prb_scr:-2.492433
Action:7123
------------------------------------------------------------
Prb_scr:4.156967
Action:6100
Prb_scr:6.805074
Action:62
Prb_scr:6.058150
Action:32
Prb_scr:3.416689
Action:66
Prb_scr:-4.192804
Action:27
Prb_scr:-7.606191
Action:4500
------------------------------------------------------------
Prb_scr:13.950982
Action:66
Prb_scr:12.321627
Action:77
------------------------------------------------------------
Prb_scr:12.776790
Action:61
Prb_scr:3.333414
Action:2400
Prb_scr:-4.903760
Action:2135
Prb_scr:-7.718544
Action:5347
GG
------------------------------------------------------------
Prb_scr:14.345900
Action:76
------------------------------------------------------------
Prb_scr:16.896223
Action:64
Prb_scr:1.815679
Action:2100
Prb_scr:2.403644
Action:35
Prb_scr:5.668883
Action:5363
Prb_scr:2.971733
Action:2666
------------------------------------------------------------
Prb_scr:3.190241
Action:1425
Prb_scr:2.822190
Action:64
Prb_scr:-5.408505
Action:6100
Prb_scr:-5.853873
Action:2116
Prb_scr:-1000000000.000000
Action:0
Gm
------------------------------------------------------------
Prb_scr:6.520489
Action:57
Prb_scr:6.490215
Action:4500
Prb_scr:1.513416
Action:47
Prb_scr:-7.488226
Action:5643
Prb_scr:-1000000000.000000
Action:0
Gm
------------------------------------------------------------
Prb_scr:13.111278
Action:1125
Prb_scr:17.767003
Action:31
Prb_scr:4.902017
Action:2353
Prb_scr:5.453207
Action:42
------------------------------------------------------------
Prb_scr:7.754746
Action:4464
Prb_scr:9.620912
Action:2400
Prb_scr:14.836742
Action:36
Prb_scr:18.977425
Action:41
------------------------------------------------------------
Prb_scr:13.567777
Action:75
Prb_scr:-4.475303
Action:6317
Prb_scr:-5.262769
Action:22
Prb_scr:-7.257490
Action:41
Prb_scr:-5.588115
Action:6547
------------------------------------------------------------
Prb_scr:11.157660
Action:71
Prb_scr:11.876782
Action:1100
Prb_scr:13.707478
Action:4100
------------------------------------------------------------
Prb_scr:8.161154
Action:47
Prb_scr:4.241776
Action:1100
Prb_scr:5.400870
Action:32
Prb_scr:2.942036
Action:25
Prb_scr:-4.532355
Action:4200
Prb_scr:-9.672168
Action:4441
------------------------------------------------------------
Prb_scr:7.918822
Action:1400
Prb_scr:7.042877
Action:3133
Prb_scr:7.644133
Action:27
Prb_scr:-1.840439
Action:32
Prb_scr:-1000000000.000000
Action:0
Gm
------------------------------------------------------------
Prb_scr:11.735118
Action:71
------------------------------------------------------------
Prb_scr:11.581575
Action:73
------------------------------------------------------------
Prb_scr:-2.394039
Action:1136
Prb_scr:-6.945065
Action:2243
Prb_scr:-6.671625
Action:1400
Prb_scr:-8.568993
Action:23
Prb_scr:-1000000000.000000
Action:0
Gm
------------------------------------------------------------
Prb_scr:12.492181
Action:61
Prb_scr:12.516260
Action:64
Prb_scr:7.880303
Action:71
------------------------------------------------------------
Prb_scr:10.832239
Action:56
Prb_scr:3.139015
Action:1125
Prb_scr:1.688403
Action:2100
Prb_scr:5.210904
Action:5400
Prb_scr:9.741623
Action:47
Prb_scr:12.000000
Action:26
------------------------------------------------------------
Prb_scr:11.516613
Action:77
Prb_scr:13.512234
Action:3700
Prb_scr:13.729793
Action:5700
------------------------------------------------------------
Prb_scr:20.898125
Action:4400
Prb_scr:14.811346
Action:1662
Prb_scr:10.109092
Action:5274
Prb_scr:-8.616424
Action:2345
------------------------------------------------------------
Prb_scr:0.343618
Action:5237
Prb_scr:3.952513
Action:23
------------------------------------------------------------
Prb_scr:1.831975
Action:4117
Prb_scr:3.925060
Action:67
Prb_scr:15.959558
Action:72
Prb_scr:3.611286
Action:3300
Prb_scr:-2.969711
Action:21
------------------------------------------------------------
Prb_scr:10.092619
Action:74
Prb_scr:-1.281384
Action:1544
Prb_scr:-3.978206
Action:2500
Prb_scr:2.704473
Action:42
------------------------------------------------------------
Prb_scr:15.515259
Action:36
Prb_scr:12.076057
Action:54
Prb_scr:-1.716244
Action:5200
Prb_scr:-3.372267
Action:62
Prb_scr:-4.548306
Action:75
Prb_scr:14.229582
Action:53
Prb_scr:18.000000
Action:2200
------------------------------------------------------------
Prb_scr:1.422586
Action:1447
Prb_scr:0.089158
Action:61
Prb_scr:0.404894
Action:1300
Prb_scr:-3.117429
Action:74
Prb_scr:-8.731289
Action:6200
Prb_scr:-1000000000.000000
Action:0
Gm
------------------------------------------------------------
Prb_scr:5.783671
Action:66
Prb_scr:-6.555187
Action:5100
Prb_scr:-1000000000.000000
Action:0
Gm
------------------------------------------------------------
Prb_scr:12.810020
Action:37
Prb_scr:8.551300
Action:3100
Prb_scr:10.470903
Action:2415
Prb_scr:8.079985
Action:2200
Prb_scr:9.425740
Action:43
------------------------------------------------------------
Prb_scr:3.704574
Action:1136
Prb_scr:2.476074
Action:3556
Prb_scr:10.457176
Action:5500
Prb_scr:3.903230
Action:2263
------------------------------------------------------------
Prb_scr:15.364749
Action:73
------------------------------------------------------------
Prb_scr:21.035335
Action:51
Prb_scr:21.664067
Action:76
Prb_scr:21.615713
Action:52
Prb_scr:21.426682
Action:1700
Prb_scr:20.251114
Action:6300
------------------------------------------------------------
Prb_scr:20.030467
Action:6600
Prb_scr:17.330193
Action:4762
Prb_scr:18.646518
Action:74
------------------------------------------------------------
Prb_scr:13.314865
Action:4136
Prb_scr:10.805556
Action:67
Prb_scr:-1.779957
Action:6200
Prb_scr:-3.095965
Action:55
Prb_scr:6.408812
Action:35
------------------------------------------------------------
Prb_scr:4.241110
Action:6463
Prb_scr:8.321158
Action:73
Prb_scr:6.594018
Action:33
Prb_scr:8.035131
Action:65
Prb_scr:4.079231
Action:22
------------------------------------------------------------
Prb_scr:12.106901
Action:66
Prb_scr:5.103479
Action:72
------------------------------------------------------------
Prb_scr:13.610297
Action:74
------------------------------------------------------------
Prb_scr:19.626447
Action:1600
Prb_scr:9.620941
Action:2753
Prb_scr:19.202463
Action:61
Prb_scr:10.241628
Action:1243
Prb_scr:25.000000
Action:36
------------------------------------------------------------
Prb_scr:6.406347
Action:1567
Prb_scr:11.901193
Action:45
Prb_scr:12.443823
Action:34
Prb_scr:10.797568
Action:12
Prb_scr:8.373596
Action:66
Prb_scr:2.237457
Action:5400
------------------------------------------------------------
Prb_scr:18.677337
Action:1566
------------------------------------------------------------
Prb_scr:10.274655
Action:54
Prb_scr:10.461606
Action:77
Prb_scr:5.021431
Action:4716
Prb_scr:6.443422
Action:41
------------------------------------------------------------
Prb_scr:16.463162
Action:1700
Prb_scr:17.327143
Action:74
------------------------------------------------------------
Prb_scr:10.539173
Action:77
Prb_scr:12.068026
Action:1100
------------------------------------------------------------
Prb_scr:13.784103
Action:55
Prb_scr:0.136251
Action:6427
Prb_scr:5.386001
Action:37
------------------------------------------------------------
Prb_scr:11.005424
Action:77
Prb_scr:11.016662
Action:2600
------------------------------------------------------------
Prb_scr:3.705005
Action:7127
Prb_scr:8.834444
Action:57
Prb_scr:-1000000000.000000
Action:0
Gm
------------------------------------------------------------
Prb_scr:4.678168
Action:3463
Prb_scr:-2.744678
Action:44
Prb_scr:-6.009732
Action:5257
Prb_scr:-7.907116
Action:16
Prb_scr:-13.215963
Action:12
------------------------------------------------------------
Prb_scr:6.817544
Action:1136
Prb_scr:1.481326
Action:4100
Prb_scr:-5.315607
Action:5357
Prb_scr:-7.840250
Action:3514
------------------------------------------------------------
Prb_scr:2.259594
Action:5400
Prb_scr:-4.730323
Action:6127
Prb_scr:-8.994571
Action:5662
Prb_scr:-1000000000.000000
Action:0
Gm
------------------------------------------------------------
Prb_scr:10.223426
Action:3125
Prb_scr:7.697272
Action:4146
Prb_scr:12.163807
Action:45
Prb_scr:6.153830
Action:1400
Prb_scr:-1000000000.000000
Action:0
Gm
------------------------------------------------------------
Prb_scr:7.136455
Action:1400
Prb_scr:5.737560
Action:37
Prb_scr:5.256857
Action:43
Prb_scr:5.929200
Action:1100
Prb_scr:8.087999
Action:32
Prb_scr:0.484398
Action:4400
Prb_scr:-2.679948
Action:4100
------------------------------------------------------------
Prb_scr:7.855409
Action:51
------------------------------------------------------------
Prb_scr:14.374184
Action:55
Prb_scr:13.145470
Action:71
Prb_scr:11.905036
Action:2700
Prb_scr:-3.451821
Action:1673
Prb_scr:-1000000000.000000
Action:0
Gm
------------------------------------------------------------
Prb_scr:-2.189867
Action:2532
Prb_scr:-4.367019
Action:42
Prb_scr:-5.224406
Action:3637
------------------------------------------------------------
Prb_scr:15.373203
Action:64
Prb_scr:16.998622
Action:76
------------------------------------------------------------
Prb_scr:2.502447
Action:5657
Prb_scr:-1.330028
Action:1265
Prb_scr:0.021335
Action:53
Prb_scr:-8.947092
Action:6247
------------------------------------------------------------
Prb_scr:8.117626
Action:73
Prb_scr:-6.043965
Action:5422
Prb_scr:-6.553139
Action:4427
Prb_scr:-4.656402
Action:2600
------------------------------------------------------------
Prb_scr:10.944126
Action:71
Prb_scr:9.902072
Action:77
------------------------------------------------------------
Prb_scr:2.447171
Action:4143
Prb_scr:3.879441
Action:46
Prb_scr:2.686557
Action:33
Prb_scr:-5.217480
Action:4500
Prb_scr:-0.744713
Action:42
Prb_scr:-1000000000.000000
Action:0
Gm
------------------------------------------------------------
Prb_scr:13.007465
Action:1652
Prb_scr:14.657505
Action:57
Prb_scr:17.313484
Action:12
Prb_scr:11.669787
Action:4600
------------------------------------------------------------
Prb_scr:-2.331133
Action:7255
Prb_scr:-1000000000.000000
Action:0
Gm
------------------------------------------------------------
Prb_scr:16.801359
Action:54
Prb_scr:18.107727
Action:76
------------------------------------------------------------
Prb_scr:2.373169
Action:1236
Prb_scr:-1.502340
Action:24
Prb_scr:-5.768661
Action:7363
Prb_scr:2.590366
Action:66
Prb_scr:-0.273846
Action:4200
------------------------------------------------------------
Prb_scr:-1.337009
Action:1100
Prb_scr:-2.573912
Action:3612
Prb_scr:-1000000000.000000
Action:0
Gm
------------------------------------------------------------
Prb_scr:5.818868
Action:55
Prb_scr:-2.909246
Action:1500
Prb_scr:-3.421286
Action:1634
Prb_scr:-4.499924
Action:37
Prb_scr:0.978313
Action:4117
------------------------------------------------------------
Prb_scr:21.014062
Action:1200
------------------------------------------------------------
Prb_scr:9.620393
Action:1665
Prb_scr:3.631894
Action:2400
Prb_scr:0.499385
Action:43
Prb_scr:-3.566125
Action:64
Prb_scr:-10.691676
Action:21
Prb_scr:-1000000000.000000
Action:0
Gm
------------------------------------------------------------
Prb_scr:13.400364
Action:61
------------------------------------------------------------
Prb_scr:11.824279
Action:32
Prb_scr:12.000870
Action:76
------------------------------------------------------------
Prb_scr:12.361111
Action:64
Prb_scr:-0.879446
Action:4467
Prb_scr:-4.694786
Action:5313
Prb_scr:-7.858845
Action:7111
------------------------------------------------------------
Prb_scr:10.635524
Action:42
------------------------------------------------------------
Prb_scr:18.857858
Action:54
Prb_scr:18.949025
Action:67
------------------------------------------------------------
Prb_scr:12.860075
Action:56
Prb_scr:0.742898
Action:1100
Prb_scr:-3.476305
Action:47
Prb_scr:-7.274572
Action:7200
Prb_scr:-1000000000.000000
Action:0
Gm
------------------------------------------------------------
Prb_scr:12.595348
Action:46
Prb_scr:14.152577
Action:65
Prb_scr:1.138490
Action:1232
Prb_scr:9.962894
Action:63
Prb_scr:-9.562863
Action:4400
Prb_scr:-1000000000.000000
Action:0
Gm
------------------------------------------------------------
Prb_scr:17.554015
Action:61
Prb_scr:18.430662
Action:64
Prb_scr:-3.988281
Action:4647
Prb_scr:-3.443911
Action:42
Prb_scr:-9.351267
Action:6500
Prb_scr:-13.092632
Action:71
GG
------------------------------------------------------------
Prb_scr:12.886643
Action:51
Prb_scr:9.107010
Action:7700
------------------------------------------------------------
Prb_scr:14.062362
Action:73
Prb_scr:15.006753
Action:2700
Prb_scr:15.108565
Action:3700
------------------------------------------------------------
Prb_scr:3.527723
Action:3637
Prb_scr:-1000000000.000000
Action:0
Gm
------------------------------------------------------------
Prb_scr:1.883723
Action:6125
Prb_scr:4.061813
Action:11
Prb_scr:-3.822859
Action:2346
Prb_scr:-4.163024
Action:7400
Prb_scr:-4.539400
Action:65
------------------------------------------------------------
Prb_scr:2.544245
Action:4465
Prb_scr:-1000000000.000000
Action:0
Gm
------------------------------------------------------------
Prb_scr:0.400746
Action:7425
Prb_scr:-4.222915
Action:5212
Prb_scr:-4.923918
Action:33
Prb_scr:-1000000000.000000
Action:0
Gm
------------------------------------------------------------
Prb_scr:16.389268
Action:53
Prb_scr:-1.476986
Action:1200
Prb_scr:1.428442
Action:57
Prb_scr:-3.678287
Action:7321
Prb_scr:-5.927192
Action:3400
Prb_scr:-1000000000.000000
Action:0
Gm
------------------------------------------------------------
Prb_scr:13.583977
Action:3500
Prb_scr:8.621656
Action:3443
Prb_scr:8.300049
Action:2400
Prb_scr:5.064351
Action:2655
Prb_scr:2.705137
Action:5600
------------------------------------------------------------
Prb_scr:22.013787
Action:1700
Prb_scr:21.514840
Action:2746
------------------------------------------------------------
Prb_scr:-0.571297
Action:1262
Prb_scr:-7.841216
Action:3334
Prb_scr:-11.219922
Action:37
Prb_scr:-15.254748
Action:16
Prb_scr:-1000000000.000000
Action:0
Gm
------------------------------------------------------------
Prb_scr:11.269829
Action:66
------------------------------------------------------------
Prb_scr:11.989939
Action:54
Prb_scr:7.847966
Action:72
Prb_scr:-6.858165
Action:5133
Prb_scr:-7.541077
Action:1537
Prb_scr:-1000000000.000000
Action:0
Gm
------------------------------------------------------------
Prb_scr:8.672069
Action:1536
Prb_scr:-3.640691
Action:3100
Prb_scr:1.340748
Action:54
Prb_scr:-4.227178
Action:52
Prb_scr:-1000000000.000000
Action:0
Gm
------------------------------------------------------------
Prb_scr:14.179272
Action:67
------------------------------------------------------------
Prb_scr:11.709116
Action:46
Prb_scr:5.827100
Action:1500
Prb_scr:-2.207525
Action:2400
Prb_scr:-1.214279
Action:3400
Prb_scr:-1000000000.000000
Action:0
Gm
------------------------------------------------------------
Prb_scr:11.234742
Action:61
Prb_scr:14.300169
Action:5600
Prb_scr:14.429379
Action:64
------------------------------------------------------------
Prb_scr:-3.648910
Action:3525
Prb_scr:-7.399175
Action:1217
Prb_scr:-7.811591
Action:36
GG
------------------------------------------------------------
Prb_scr:18.443238
Action:65
Prb_scr:17.485969
Action:77
------------------------------------------------------------
Prb_scr:17.124970
Action:76
------------------------------------------------------------
Prb_scr:15.236129
Action:31
Prb_scr:15.140042
Action:21
------------------------------------------------------------
Prb_scr:11.342353
Action:44
Prb_scr:11.656502
Action:74
------------------------------------------------------------
Prb_scr:18.361183
Action:34
------------------------------------------------------------
Prb_scr:11.189200
Action:67
------------------------------------------------------------
Prb_scr:20.507560
Action:63
Prb_scr:15.876706
Action:2246
Prb_scr:12.694419
Action:6200
Prb_scr:9.152123
Action:5661
Prb_scr:5.177802
Action:64
------------------------------------------------------------
Prb_scr:16.670477
Action:1200
Prb_scr:14.511063
Action:4700
Prb_scr:10.185546
Action:1651
------------------------------------------------------------
Prb_scr:2.664300
Action:2100
Prb_scr:-3.135215
Action:2216
Prb_scr:-3.333341
Action:1514
Prb_scr:-1000000000.000000
Action:0
Gm
------------------------------------------------------------
Prb_scr:17.798171
Action:77
------------------------------------------------------------
Prb_scr:17.587790
Action:75
------------------------------------------------------------
Prb_scr:17.948901
Action:76
------------------------------------------------------------
Prb_scr:7.914181
Action:1100
Prb_scr:4.761745
Action:2100
Prb_scr:5.349391
Action:51
Prb_scr:0.550402
Action:4447
Prb_scr:4.144412
Action:36
Prb_scr:0.988022
Action:5200
------------------------------------------------------------
Prb_scr:11.403469
Action:65
Prb_scr:-1.603877
Action:3616
Prb_scr:-6.712391
Action:5274
Prb_scr:-10.432528
Action:56
Prb_scr:-1000000000.000000
Action:0
Gm
------------------------------------------------------------
Prb_scr:11.765837
Action:2600
Prb_scr:1.093081
Action:2132
Prb_scr:-2.429492
Action:5100
Prb_scr:-1000000000.000000
Action:0
Gm
------------------------------------------------------------
Prb_scr:10.555756
Action:75
------------------------------------------------------------
Prb_scr:11.933636
Action:54
Prb_scr:13.880236
Action:65
------------------------------------------------------------
Prb_scr:14.193834
Action:73
Prb_scr:15.210222
Action:1500
Prb_scr:14.991354
Action:1700
Prb_scr:15.492558
Action:64
------------------------------------------------------------
Prb_scr:14.715889
Action:53
------------------------------------------------------------
Prb_scr:15.563007
Action:72
------------------------------------------------------------
Prb_scr:12.264014
Action:1124
Prb_scr:6.772702
Action:36
Prb_scr:-2.595309
Action:7374
Prb_scr:-5.834654
Action:51
Prb_scr:7.112589
Action:54
------------------------------------------------------------
Prb_scr:3.185756
Action:1132
Prb_scr:5.220580
Action:52
Prb_scr:9.594323
Action:47
Prb_scr:7.073373
Action:31
Prb_scr:-2.171720
Action:43
Prb_scr:-2.150945
Action:5300
------------------------------------------------------------
Prb_scr:20.586023
Action:77
Prb_scr:17.898795
Action:2551
Prb_scr:14.133774
Action:3572
------------------------------------------------------------
Prb_scr:2.981071
Action:1117
Prb_scr:-2.966737
Action:5633
Prb_scr:-2.994210
Action:4600
Prb_scr:-1000000000.000000
Action:0
Gm
------------------------------------------------------------
Prb_scr:5.962875
Action:7100
Prb_scr:2.986171
Action:1157
Prb_scr:-0.200070
Action:2100
Prb_scr:-3.448510
Action:4400
Prb_scr:-1000000000.000000
Action:0
Gm
------------------------------------------------------------
Prb_scr:12.777035
Action:63
Prb_scr:-1.630594
Action:5500
Prb_scr:-3.908843
Action:1144
Prb_scr:-3.883082
Action:3642
Prb_scr:-1000000000.000000
Action:0
Gm
------------------------------------------------------------
Prb_scr:11.847627
Action:63
Prb_scr:9.855938
Action:26
Prb_scr:7.812248
Action:21
------------------------------------------------------------
Prb_scr:3.903759
Action:5444
Prb_scr:-5.776552
Action:4537
Prb_scr:4.387992
Action:57
Prb_scr:11.946293
Action:5200
------------------------------------------------------------
Prb_scr:12.751161
Action:73
------------------------------------------------------------
Prb_scr:14.408688
Action:6600
Prb_scr:12.549063
Action:72
------------------------------------------------------------
Prb_scr:13.436601
Action:64
------------------------------------------------------------
Prb_scr:14.862237
Action:53
Prb_scr:-1.708321
Action:2265
Prb_scr:1.573486
Action:3200
Prb_scr:-1.343081
Action:44
Prb_scr:-5.264428
Action:6200
Prb_scr:-1000000000.000000
Action:0
Gm
------------------------------------------------------------
Prb_scr:11.851442
Action:61
Prb_scr:9.698224
Action:72
Prb_scr:-4.387706
Action:1100
Prb_scr:-7.460493
Action:2127
Prb_scr:-6.946465
Action:2334
------------------------------------------------------------
Prb_scr:17.826200
Action:42
Prb_scr:4.099228
Action:3400
Prb_scr:0.508593
Action:5400
Prb_scr:8.344488
Action:65
Prb_scr:16.308577
Action:66
------------------------------------------------------------
Prb_scr:20.838049
Action:4667
Prb_scr:17.472587
Action:62
Prb_scr:18.862320
Action:1300
------------------------------------------------------------
Prb_scr:0.780877
Action:6100
Prb_scr:0.014023
Action:22
Prb_scr:-0.613607
Action:14
Prb_scr:-0.780675
Action:17
Prb_scr:-6.935417
Action:32
Prb_scr:-8.290943
Action:4346
------------------------------------------------------------
Prb_scr:12.435883
Action:3500
Prb_scr:8.976778
Action:14
Prb_scr:0.777154
Action:1225
Prb_scr:-5.952796
Action:2622
Prb_scr:-1000000000.000000
Action:0
Gm
------------------------------------------------------------
Prb_scr:12.796195
Action:61
Prb_scr:4.365697
Action:5100
Prb_scr:-3.469922
Action:4243
Prb_scr:-4.285432
Action:5200
Prb_scr:-5.621159
Action:35
Prb_scr:-1000000000.000000
Action:0
Gm
------------------------------------------------------------
Prb_scr:18.787455
Action:67
Prb_scr:12.092851
Action:5400
Prb_scr:4.243947
Action:62
Prb_scr:-9.549487
Action:5137
Prb_scr:-1000000000.000000
Action:0
Gm
------------------------------------------------------------
Prb_scr:9.604168
Action:3437
Prb_scr:5.318242
Action:1247
Prb_scr:2.712402
Action:54
Prb_scr:6.367752
Action:33
Prb_scr:7.214514
Action:7200
------------------------------------------------------------
Prb_scr:7.272060
Action:7443
Prb_scr:-0.026251
Action:5423
Prb_scr:-3.569465
Action:4237
Prb_scr:-1000000000.000000
Action:0
Gm
------------------------------------------------------------
Prb_scr:13.513616
Action:77
------------------------------------------------------------
Prb_scr:1.616700
Action:2551
Prb_scr:-1.482404
Action:3263
Prb_scr:1.929742
Action:57
Prb_scr:2.375259
Action:52
Prb_scr:-1.866420
Action:3400
------------------------------------------------------------
Prb_scr:13.591855
Action:72
------------------------------------------------------------
Prb_scr:13.905972
Action:71
Prb_scr:-2.467978
Action:3315
Prb_scr:4.241363
Action:65
Prb_scr:1.597027
Action:4500
Prb_scr:6.448141
Action:17
Prb_scr:-4.298413
Action:46
------------------------------------------------------------
Prb_scr:8.100850
Action:1465
Prb_scr:2.201441
Action:4575
Prb_scr:-8.573158
Action:3200
GG
------------------------------------------------------------
Prb_scr:7.177988
Action:75
------------------------------------------------------------
Prb_scr:5.429994
Action:6400
Prb_scr:4.133994
Action:6643
Prb_scr:1.165602
Action:1642
Prb_scr:3.682715
Action:11
Prb_scr:5.163261
Action:2600
------------------------------------------------------------
Prb_scr:19.600333
Action:73
------------------------------------------------------------
Prb_scr:14.850927
Action:3700
Prb_scr:3.666620
Action:4721
Prb_scr:-2.610162
Action:1463
Prb_scr:-1000000000.000000
Action:0
Gm
------------------------------------------------------------
Prb_scr:3.542762
Action:7100
Prb_scr:1.532128
Action:33
Prb_scr:8.038665
Action:45
Prb_scr:5.428452
Action:46
Prb_scr:0.438368
Action:62
Prb_scr:-3.923456
Action:5400
Prb_scr:-1000000000.000000
Action:0
Gm
------------------------------------------------------------
Prb_scr:12.223068
Action:72
Prb_scr:-2.035568
Action:4612
Prb_scr:-7.583605
Action:2500
Prb_scr:-3.402614
Action:66
Prb_scr:-7.304754
Action:2400
Prb_scr:-1000000000.000000
Action:0
Gm
------------------------------------------------------------
Prb_scr:13.308841
Action:56
Prb_scr:11.771285
Action:77
Prb_scr:12.698173
Action:44
Prb_scr:12.260127
Action:24
Prb_scr:5.582896
Action:1700
Prb_scr:1.955719
Action:3300
Prb_scr:-1000000000.000000
Action:0
Gm
------------------------------------------------------------
Prb_scr:5.419051
Action:4675
Prb_scr:-9.202577
Action:4463
Prb_scr:-19.732652
Action:56
Prb_scr:-1000000000.000000
Action:0
Gm
------------------------------------------------------------
Prb_scr:16.392393
Action:77
------------------------------------------------------------
Prb_scr:12.208459
Action:75
Prb_scr:12.594349
Action:2700
Prb_scr:11.130204
Action:1200
Prb_scr:6.504186
Action:2600
Prb_scr:6.876372
Action:42
Prb_scr:3.473680
Action:3700
Prb_scr:-1000000000.000000
Action:0
Gm
------------------------------------------------------------
Prb_scr:15.685129
Action:51
Prb_scr:1.201721
Action:7100
Prb_scr:-3.358203
Action:5263
Prb_scr:-0.777752
Action:32
------------------------------------------------------------
Prb_scr:17.691365
Action:63
Prb_scr:6.300646
Action:4400
Prb_scr:7.689390
Action:55
Prb_scr:3.419737
Action:72
Prb_scr:-5.678741
Action:2200
Prb_scr:1.610226
Action:73
Prb_scr:-0.767007
Action:3500
------------------------------------------------------------
Prb_scr:12.271593
Action:76
------------------------------------------------------------
Prb_scr:20.824525
Action:5700
Prb_scr:20.925820
Action:74
------------------------------------------------------------
Prb_scr:18.257584
Action:62
Prb_scr:1.311692
Action:5100
Prb_scr:-1.181564
Action:2400
Prb_scr:10.438367
Action:63
------------------------------------------------------------
Prb_scr:13.896251
Action:1700
------------------------------------------------------------
Prb_scr:11.174031
Action:73
Prb_scr:14.421466
Action:1600
Prb_scr:-0.779387
Action:35
Prb_scr:-1000000000.000000
Action:0
Gm
------------------------------------------------------------
Prb_scr:2.502195
Action:4243
Prb_scr:10.016167
Action:37
Prb_scr:-4.233816
Action:2200
Prb_scr:-4.468613
Action:2364
Prb_scr:-7.877997
Action:65
------------------------------------------------------------
Prb_scr:7.827447
Action:4647
Prb_scr:3.208607
Action:5621
Prb_scr:6.519650
Action:35
Prb_scr:6.402430
Action:23
Prb_scr:1.053167
Action:7200
------------------------------------------------------------
Prb_scr:14.742348
Action:2463
Prb_scr:16.151382
Action:26
Prb_scr:13.190509
Action:3400
Prb_scr:4.774016
Action:3255
Prb_scr:1.496549
Action:4200
------------------------------------------------------------
Prb_scr:10.585613
Action:1242
Prb_scr:13.378319
Action:1677
------------------------------------------------------------
Prb_scr:11.121201
Action:72
Prb_scr:-0.116526
Action:3237
Prb_scr:-5.017318
Action:43
Prb_scr:-1000000000.000000
Action:0
Gm
------------------------------------------------------------
Prb_scr:2.216426
Action:6125
Prb_scr:5.383713
Action:22
Prb_scr:-4.853586
Action:5100
Prb_scr:-6.709151
Action:5216
Prb_scr:-7.532914
Action:36
------------------------------------------------------------
Prb_scr:11.398395
Action:2100
Prb_scr:4.553134
Action:5100
Prb_scr:-1000000000.000000
Action:0
Gm
------------------------------------------------------------
Prb_scr:2.239488
Action:6231
Prb_scr:2.690953
Action:32
Prb_scr:-4.713778
Action:1224
Prb_scr:-6.254063
Action:2226
------------------------------------------------------------
Prb_scr:13.548321
Action:7200
Prb_scr:12.068063
Action:5300
Prb_scr:12.827730
Action:71
Prb_scr:12.888296
Action:75
------------------------------------------------------------
Prb_scr:2.264302
Action:7646
Prb_scr:-5.681096
Action:3313
Prb_scr:-7.266875
Action:6122
Prb_scr:-1000000000.000000
Action:0
Gm
------------------------------------------------------------
Prb_scr:14.510811
Action:2500
Prb_scr:11.372455
Action:1272
Prb_scr:5.648401
Action:2600
Prb_scr:5.496235
Action:1700
Prb_scr:1.132879
Action:3600
Prb_scr:-1000000000.000000
Action:0
Gm
------------------------------------------------------------
Prb_scr:15.048166
Action:1500
Prb_scr:6.959963
Action:4372
Prb_scr:-1.145952
Action:2721
Prb_scr:-6.696274
Action:3135
------------------------------------------------------------
Prb_scr:15.117550
Action:1700
Prb_scr:14.529636
Action:3765
------------------------------------------------------------
Prb_scr:14.688594
Action:75
Prb_scr:-2.204049
Action:1525
Prb_scr:-10.150919
Action:4263
GG
------------------------------------------------------------
Prb_scr:19.534478
Action:76
------------------------------------------------------------
Prb_scr:6.236773
Action:2133
Prb_scr:5.524944
Action:1100
Prb_scr:12.020243
Action:63
Prb_scr:-1000000000.000000
Action:0
Gm
------------------------------------------------------------
Prb_scr:13.384833
Action:72
Prb_scr:-2.330889
Action:2427
Prb_scr:-3.800843
Action:26
Prb_scr:-7.902007
Action:3517
Prb_scr:-1000000000.000000
Action:0
Gm
------------------------------------------------------------
Prb_scr:-2.178383
Action:5426
Prb_scr:-3.027962
Action:1400
Prb_scr:-0.190866
Action:21
Prb_scr:-7.424842
Action:3400
Prb_scr:-1000000000.000000
Action:0
Gm
------------------------------------------------------------
Prb_scr:9.082383
Action:72
Prb_scr:8.941126
Action:5121
Prb_scr:18.160322
Action:1100
Prb_scr:19.486703
Action:1300
Prb_scr:15.416874
Action:4300
Prb_scr:-1000000000.000000
Action:0
Gm
------------------------------------------------------------
Prb_scr:14.235407
Action:57
Prb_scr:13.029217
Action:72
------------------------------------------------------------
Prb_scr:9.318311
Action:77
------------------------------------------------------------
Prb_scr:14.228658
Action:65
------------------------------------------------------------
Prb_scr:18.038323
Action:1243
Prb_scr:20.864235
Action:67
------------------------------------------------------------
Prb_scr:13.602757
Action:74
------------------------------------------------------------
Prb_scr:19.670183
Action:64
------------------------------------------------------------
Prb_scr:1.636206
Action:3136
Prb_scr:-1.328272
Action:1367
Prb_scr:-3.071668
Action:2300
Prb_scr:-10.596069
Action:43
Prb_scr:-1000000000.000000
Action:0
Gm
------------------------------------------------------------
Prb_scr:16.984799
Action:2775
------------------------------------------------------------
Prb_scr:13.410334
Action:66
------------------------------------------------------------
Prb_scr:15.643507
Action:64
Prb_scr:9.111972
Action:2400
Prb_scr:16.489730
Action:56
Prb_scr:3.229616
Action:7100
Prb_scr:-8.080189
Action:4462
GG
------------------------------------------------------------
Prb_scr:3.444478
Action:5537
Prb_scr:-3.139147
Action:6100
Prb_scr:-3.860315
Action:7223
Prb_scr:-4.775285
Action:15
Prb_scr:-1000000000.000000
Action:0
Gm
------------------------------------------------------------
Prb_scr:9.312578
Action:3137
Prb_scr:4.738552
Action:23
Prb_scr:12.047117
Action:5500
Prb_scr:14.107360
Action:63
Prb_scr:8.500625
Action:4400
Prb_scr:-1000000000.000000
Action:0
Gm
------------------------------------------------------------
Prb_scr:12.550254
Action:62
------------------------------------------------------------
Prb_scr:3.465738
Action:1100
Prb_scr:0.092551
Action:6143
Prb_scr:-0.321672
Action:1513
Prb_scr:-1000000000.000000
Action:0
Gm
------------------------------------------------------------
Prb_scr:3.372314
Action:3262
Prb_scr:5.049555
Action:2200
Prb_scr:6.846903
Action:3400
------------------------------------------------------------
Prb_scr:9.606114
Action:3400
Prb_scr:8.520468
Action:67
Prb_scr:9.101173
Action:1100
Prb_scr:2.675444
Action:32
Prb_scr:-0.466375
Action:5200
Prb_scr:-1000000000.000000
Action:0
Gm
------------------------------------------------------------
Prb_scr:11.340706
Action:27
Prb_scr:8.737691
Action:72
Prb_scr:-2.721881
Action:1200
Prb_scr:0.604566
Action:31
Prb_scr:-5.850283
Action:2153
Prb_scr:-7.735248
Action:75
------------------------------------------------------------
Prb_scr:14.029267
Action:5135
Prb_scr:9.188382
Action:3267
Prb_scr:-4.005136
Action:6427
Prb_scr:14.000000
Action:63
------------------------------------------------------------
Prb_scr:12.791172
Action:74
Prb_scr:-3.396110
Action:6135
Prb_scr:-6.160136
Action:5153
Prb_scr:-1000000000.000000
Action:0
Gm
------------------------------------------------------------
Prb_scr:15.101718
Action:74
------------------------------------------------------------
Prb_scr:8.526998
Action:1273
Prb_scr:10.229640
Action:37
Prb_scr:7.276156
Action:5200
Prb_scr:0.000533
Action:53
Prb_scr:-0.891731
Action:4671
------------------------------------------------------------
Prb_scr:2.575616
Action:1400
Prb_scr:0.738993
Action:1112
Prb_scr:-3.716319
Action:1617
Prb_scr:-4.942167
Action:7223
------------------------------------------------------------
Prb_scr:13.866917
Action:55
Prb_scr:15.150784
Action:3500
Prb_scr:14.573086
Action:6700
Prb_scr:14.471288
Action:1600
Prb_scr:15.311061
Action:53
------------------------------------------------------------
Prb_scr:1.058513
Action:1121
Prb_scr:-1.865598
Action:12
Prb_scr:-4.903848
Action:1444
Prb_scr:-5.237800
Action:22
Prb_scr:-1000000000.000000
Action:0
Gm
------------------------------------------------------------
Prb_scr:0.068968
Action:7137
Prb_scr:-4.674313
Action:6333
Prb_scr:-5.716315
Action:1100
Prb_scr:-1000000000.000000
Action:0
Gm
------------------------------------------------------------
Prb_scr:8.876079
Action:71
Prb_scr:9.687183
Action:24
Prb_scr:2.030713
Action:4131
Prb_scr:-3.028650
Action:21
Prb_scr:-1000000000.000000
Action:0
Gm
------------------------------------------------------------
Prb_scr:16.168621
Action:76
------------------------------------------------------------
Prb_scr:14.217473
Action:1466
Prb_scr:12.526367
Action:27
Prb_scr:8.343322
Action:6400
Prb_scr:11.507842
Action:77
------------------------------------------------------------
Prb_scr:18.008259
Action:21
Prb_scr:17.400970
Action:5551
Prb_scr:15.760857
Action:3253
Prb_scr:17.969513
Action:75
Prb_scr:18.000000
Action:1200
------------------------------------------------------------
Prb_scr:21.200910
Action:2600
Prb_scr:15.717386
Action:1556
Prb_scr:9.060555
Action:2200
Prb_scr:17.216843
Action:73
Prb_scr:17.499656
Action:1300
Prb_scr:-1000000000.000000
Action:0
Gm
------------------------------------------------------------
Prb_scr:12.525442
Action:64
Prb_scr:-0.267250
Action:5447
Prb_scr:5.418687
Action:27
Prb_scr:2.878612
Action:11
Prb_scr:-1.592824
Action:22
Prb_scr:-1000000000.000000
Action:0
Gm
------------------------------------------------------------
Prb_scr:7.759070
Action:7136
Prb_scr:10.754853
Action:3100
Prb_scr:10.953282
Action:4447
Prb_scr:3.882333
Action:6100
Prb_scr:5.000000
Action:22
------------------------------------------------------------
Prb_scr:5.643404
Action:75
Prb_scr:-1.921618
Action:2100
Prb_scr:-5.723618
Action:3612
Prb_scr:-6.278904
Action:15
Prb_scr:-1000000000.000000
Action:0
Gm
------------------------------------------------------------
Prb_scr:11.038602
Action:42
Prb_scr:11.442698
Action:72
------------------------------------------------------------
Prb_scr:-0.796829
Action:5100
Prb_scr:-4.469856
Action:4446
Prb_scr:-1000000000.000000
Action:0
Gm
------------------------------------------------------------
Prb_scr:6.733404
Action:6100
Prb_scr:-1.065402
Action:4164
Prb_scr:-6.063854
Action:1544
Prb_scr:-8.006888
Action:7465
------------------------------------------------------------
Prb_scr:9.290211
Action:47
Prb_scr:6.437224
Action:2400
Prb_scr:8.060691
Action:45
Prb_scr:5.519649
Action:42
Prb_scr:-7.719849
Action:3123
Prb_scr:-1000000000.000000
Action:0
Gm
------------------------------------------------------------
Prb_scr:7.966274
Action:4100
Prb_scr:9.812969
Action:37
Prb_scr:0.843840
Action:7100
Prb_scr:-1.288619
Action:6100
Prb_scr:-1000000000.000000
Action:0
Gm
------------------------------------------------------------
Prb_scr:1.421376
Action:6117
Prb_scr:-4.101451
Action:2362
GG
------------------------------------------------------------
Prb_scr:2.767959
Action:5400
Prb_scr:0.913351
Action:7133
Prb_scr:-5.352269
Action:3200
GG
------------------------------------------------------------
Prb_scr:2.151875
Action:4131
Prb_scr:-3.109253
Action:36
GG
------------------------------------------------------------
Prb_scr:3.799751
Action:7100
Prb_scr:-1.462245
Action:7216
Prb_scr:2.631920
Action:17
Prb_scr:-1000000000.000000
Action:0
Gm
------------------------------------------------------------
Prb_scr:6.914046
Action:7135
Prb_scr:3.748067
Action:65
Prb_scr:-8.647481
Action:3252
Prb_scr:-1000000000.000000
Action:0
Gm
------------------------------------------------------------
Prb_scr:4.490910
Action:5100
Prb_scr:2.528251
Action:5223
Prb_scr:-2.546999
Action:4626
Prb_scr:-5.957543
Action:5563
------------------------------------------------------------
Prb_scr:14.741706
Action:61
Prb_scr:16.946462
Action:14
Prb_scr:17.239918
Action:15
Prb_scr:5.540820
Action:4226
Prb_scr:7.839723
Action:74
------------------------------------------------------------
Prb_scr:14.804834
Action:75
------------------------------------------------------------
Prb_scr:20.572115
Action:2500
Prb_scr:20.898991
Action:72
Prb_scr:21.204159
Action:5267
------------------------------------------------------------
Prb_scr:15.866612
Action:63
Prb_scr:2.435217
Action:5100
Prb_scr:-6.871057
Action:3634
Prb_scr:-6.035390
Action:37
Prb_scr:-1000000000.000000
Action:0
Gm
------------------------------------------------------------
Prb_scr:14.009572
Action:35
Prb_scr:15.364680
Action:66
------------------------------------------------------------
Prb_scr:13.505926
Action:61
------------------------------------------------------------
Prb_scr:5.916454
Action:54
Prb_scr:-1.308147
Action:1514
Prb_scr:-0.267291
Action:27
Prb_scr:-3.291432
Action:45
Prb_scr:-5.870802
Action:1600
Prb_scr:-1000000000.000000
Action:0
Gm
------------------------------------------------------------
Prb_scr:16.263919
Action:77
Prb_scr:16.867682
Action:3741
Prb_scr:15.246947
Action:4200
Prb_scr:16.867577
Action:36
Prb_scr:9.926071
Action:3345
------------------------------------------------------------
Prb_scr:18.734212
Action:3400
Prb_scr:17.142661
Action:1777
------------------------------------------------------------
Prb_scr:17.892981
Action:67
------------------------------------------------------------
Prb_scr:10.015846
Action:1464
Prb_scr:11.454678
Action:37
Prb_scr:11.057852
Action:43
Prb_scr:11.854238
Action:36
Prb_scr:11.188234
Action:41
Prb_scr:-3.420465
Action:2400
------------------------------------------------------------
Prb_scr:18.048592
Action:57
Prb_scr:20.220787
Action:2500
Prb_scr:15.989375
Action:2335
Prb_scr:15.573872
Action:75
------------------------------------------------------------
Prb_scr:12.034460
Action:76
------------------------------------------------------------
Prb_scr:5.891334
Action:3253
Prb_scr:14.329269
Action:61
Prb_scr:12.840290
Action:26
Prb_scr:12.290462
Action:25
Prb_scr:-1000000000.000000
Action:0
Gm
------------------------------------------------------------
Prb_scr:21.010786
Action:2767
Prb_scr:20.328718
Action:4274
------------------------------------------------------------
Prb_scr:20.085606
Action:74
Prb_scr:22.097734
Action:6300
Prb_scr:22.091894
Action:65
Prb_scr:21.973439
Action:32
Prb_scr:15.482606
Action:5241
Prb_scr:10.425341
Action:1200
------------------------------------------------------------
Prb_scr:-1.718961
Action:3544
Prb_scr:-1.705200
Action:16
Prb_scr:-1.431363
Action:13
Prb_scr:-10.506369
Action:6357
Prb_scr:-1000000000.000000
Action:0
Gm
------------------------------------------------------------
Prb_scr:4.994424
Action:1400
Prb_scr:2.955850
Action:5217
Prb_scr:1.258099
Action:5400
Prb_scr:-1.299184
Action:6200
Prb_scr:-1000000000.000000
Action:0
Gm
------------------------------------------------------------
Prb_scr:16.393892
Action:72
------------------------------------------------------------
Prb_scr:13.498321
Action:1600
Prb_scr:12.483482
Action:42
Prb_scr:11.889858
Action:2526
------------------------------------------------------------
Prb_scr:12.168883
Action:64
Prb_scr:5.603080
Action:4100
Prb_scr:1.629166
Action:2400
Prb_scr:-1000000000.000000
Action:0
Gm
------------------------------------------------------------
Prb_scr:11.823338
Action:64
Prb_scr:14.582743
Action:2131
Prb_scr:9.864424
Action:33
Prb_scr:-3.741543
Action:1453
Prb_scr:-1000000000.000000
Action:0
Gm
------------------------------------------------------------
Prb_scr:11.002597
Action:74
Prb_scr:4.125607
Action:1500
Prb_scr:-6.168842
Action:5637
Prb_scr:0.927713
Action:41
Prb_scr:-5.292759
Action:4600
Prb_scr:-1000000000.000000
Action:0
Gm
------------------------------------------------------------
Prb_scr:16.329585
Action:57
Prb_scr:19.158156
Action:44
Prb_scr:18.574452
Action:67
------------------------------------------------------------
Prb_scr:22.254050
Action:3400
Prb_scr:13.942016
Action:7643
------------------------------------------------------------
Prb_scr:7.143968
Action:54
Prb_scr:5.265820
Action:76
Prb_scr:6.026398
Action:1500
Prb_scr:5.610063
Action:1200
Prb_scr:4.218236
Action:2500
Prb_scr:-1.510279
Action:5700
Prb_scr:-1000000000.000000
Action:0
Gm
------------------------------------------------------------
Prb_scr:12.448882
Action:31
Prb_scr:4.537806
Action:1700
Prb_scr:-1000000000.000000
Action:0
Gm
------------------------------------------------------------
Prb_scr:4.425487
Action:2400
Prb_scr:5.811253
Action:37
Prb_scr:0.782056
Action:15
Prb_scr:-4.371746
Action:3500
Prb_scr:-5.757682
Action:2627
Prb_scr:-1000000000.000000
Action:0
Gm
------------------------------------------------------------
Prb_scr:18.562905
Action:55
Prb_scr:0.815454
Action:1633
Prb_scr:-7.003422
Action:7263
Prb_scr:-8.496027
Action:1200
GG
------------------------------------------------------------
Prb_scr:7.650868
Action:54
Prb_scr:8.142389
Action:1100
Prb_scr:2.955214
Action:7112
Prb_scr:-1.263096
Action:1613
Prb_scr:-0.240343
Action:25
------------------------------------------------------------
Prb_scr:7.085368
Action:75
Prb_scr:-2.607975
Action:3441
Prb_scr:-2.248019
Action:5400
Prb_scr:-6.000616
Action:1617
GG
------------------------------------------------------------
Prb_scr:9.900072
Action:74
------------------------------------------------------------
Prb_scr:22.604960
Action:62
Prb_scr:20.758884
Action:66
------------------------------------------------------------
Prb_scr:10.761769
Action:67
Prb_scr:6.005071
Action:2431
Prb_scr:6.004213
Action:54
Prb_scr:0.982095
Action:33
Prb_scr:-5.071476
Action:16
Prb_scr:-1000000000.000000
Action:0
Gm
------------------------------------------------------------
Prb_scr:17.430378
Action:1464
Prb_scr:17.507679
Action:74
Prb_scr:18.982859
Action:54
Prb_scr:20.373205
Action:24
------------------------------------------------------------
Prb_scr:-3.015481
Action:5243
Prb_scr:0.010689
Action:34
------------------------------------------------------------
Prb_scr:16.255044
Action:53
Prb_scr:-0.939429
Action:3136
Prb_scr:-0.063404
Action:66
Prb_scr:7.297326
Action:75
Prb_scr:-1.516944
Action:12
Prb_scr:-1000000000.000000
Action:0
Gm
------------------------------------------------------------
Prb_scr:13.103591
Action:2500
Prb_scr:2.970135
Action:3226
Prb_scr:1.250853
Action:2243
Prb_scr:1.494482
Action:37
Prb_scr:-1000000000.000000
Action:0
Gm
------------------------------------------------------------
Prb_scr:1.598541
Action:4237
Prb_scr:0.457545
Action:45
Prb_scr:-0.562547
Action:57
Prb_scr:-3.806317
Action:66
Prb_scr:-11.591326
Action:2362
------------------------------------------------------------
Prb_scr:19.314464
Action:72
------------------------------------------------------------
Prb_scr:1.072839
Action:5400
Prb_scr:-0.604826
Action:6233
Prb_scr:-2.416003
Action:47
Prb_scr:0.686631
Action:15
Prb_scr:3.717895
Action:35
Prb_scr:-6.527930
Action:1300
------------------------------------------------------------
Prb_scr:6.389329
Action:55
Prb_scr:3.220074
Action:1125
Prb_scr:0.974984
Action:2100
Prb_scr:1.029296
Action:14
Prb_scr:-3.354378
Action:4246
------------------------------------------------------------
Prb_scr:15.159121
Action:54
------------------------------------------------------------
Prb_scr:15.648556
Action:74
------------------------------------------------------------
Prb_scr:14.210551
Action:75
------------------------------------------------------------
Prb_scr:14.565086
Action:2400
Prb_scr:14.616991
Action:65
Prb_scr:9.411183
Action:1377
Prb_scr:-0.513737
Action:51
Prb_scr:5.474155
Action:53
Prb_scr:-3.730203
Action:4300
------------------------------------------------------------
Prb_scr:8.699965
Action:71
Prb_scr:8.613800
Action:3142
Prb_scr:9.041355
Action:46
Prb_scr:7.995474
Action:25
Prb_scr:6.162957
Action:2400
Prb_scr:-1000000000.000000
Action:0
Gm
------------------------------------------------------------
Prb_scr:13.939706
Action:62
Prb_scr:12.789895
Action:75
------------------------------------------------------------
Prb_scr:11.227333
Action:76
Prb_scr:-2.329552
Action:4100
Prb_scr:-2.171396
Action:36
Prb_scr:5.351474
Action:34
Prb_scr:5.216018
Action:37
Prb_scr:5.067766
Action:43
Prb_scr:0.007180
Action:15
------------------------------------------------------------
Prb_scr:15.322863
Action:67
Prb_scr:21.161959
Action:74
------------------------------------------------------------
Prb_scr:11.745001
Action:71
Prb_scr:0.426747
Action:3123
Prb_scr:2.057611
Action:34
Prb_scr:3.510305
Action:27
Prb_scr:0.659724
Action:42
Prb_scr:-8.449722
Action:43
------------------------------------------------------------
Prb_scr:1.330365
Action:4124
Prb_scr:0.643588
Action:27
Prb_scr:-3.006822
Action:1600
Prb_scr:6.119494
Action:44
Prb_scr:-0.644983
Action:5100
Prb_scr:-1000000000.000000
Action:0
Gm
------------------------------------------------------------
Prb_scr:13.818972
Action:72
Prb_scr:11.562716
Action:5127
Prb_scr:8.336920
Action:2136
Prb_scr:1.475690
Action:6100
------------------------------------------------------------
Prb_scr:4.654537
Action:1100
Prb_scr:2.758805
Action:5100
Prb_scr:4.278876
Action:33
Prb_scr:5.792556
Action:23
Prb_scr:2.646716
Action:25
------------------------------------------------------------
Prb_scr:3.896867
Action:4100
Prb_scr:-1.231578
Action:15
Prb_scr:-1000000000.000000
Action:0
Gm
------------------------------------------------------------
Prb_scr:2.363835
Action:7261
Prb_scr:0.534985
Action:41
Prb_scr:-7.649793
Action:5465
Prb_scr:-7.596215
Action:2456
GG
------------------------------------------------------------
Prb_scr:17.956679
Action:5500
Prb_scr:11.709808
Action:7266
Prb_scr:1.858223
Action:5461
Prb_scr:-1000000000.000000
Action:0
Gm
------------------------------------------------------------
Prb_scr:12.031953
Action:75
------------------------------------------------------------
Prb_scr:21.093737
Action:1700
Prb_scr:21.241430
Action:3574
------------------------------------------------------------
Prb_scr:14.118349
Action:65
------------------------------------------------------------
Prb_scr:12.929153
Action:77
------------------------------------------------------------
Prb_scr:4.832785
Action:4447
Prb_scr:-6.030102
Action:6336
Prb_scr:-13.457710
Action:7323
Prb_scr:-1000000000.000000
Action:0
Gm
------------------------------------------------------------
Prb_scr:14.884471
Action:76
------------------------------------------------------------
Prb_scr:-3.910741
Action:2241
Prb_scr:-2.180350
Action:6200
Prb_scr:-6.806104
Action:4551
Prb_scr:1.254033
Action:1500
Prb_scr:-1000000000.000000
Action:0
Gm
------------------------------------------------------------
Prb_scr:7.731480
Action:1232
Prb_scr:7.980907
Action:45
Prb_scr:3.847883
Action:23
Prb_scr:-4.346565
Action:24
Prb_scr:-1000000000.000000
Action:0
Gm
------------------------------------------------------------
Prb_scr:1.752349
Action:3227
Prb_scr:3.922110
Action:67
Prb_scr:-5.467611
Action:4200
Prb_scr:-5.002940
Action:33
Prb_scr:-1000000000.000000
Action:0
Gm
------------------------------------------------------------
Prb_scr:8.785475
Action:73
Prb_scr:-2.201458
Action:1100
Prb_scr:-3.133841
Action:4126
Prb_scr:-4.985766
Action:6627
Prb_scr:-1000000000.000000
Action:0
Gm
------------------------------------------------------------
Prb_scr:12.830451
Action:74
------------------------------------------------------------
Prb_scr:10.718652
Action:64
------------------------------------------------------------
Prb_scr:14.121784
Action:34
Prb_scr:13.437087
Action:47
Prb_scr:12.182301
Action:12
Prb_scr:10.419064
Action:25
Prb_scr:6.804630
Action:7700
Prb_scr:8.110548
Action:73
Prb_scr:6.283069
Action:5300
------------------------------------------------------------
Prb_scr:12.481401
Action:51
Prb_scr:13.971577
Action:75
------------------------------------------------------------
Prb_scr:11.356307
Action:17
Prb_scr:2.711961
Action:2342
Prb_scr:6.707732
Action:15
Prb_scr:0.206252
Action:1600
Prb_scr:3.581506
Action:45
------------------------------------------------------------
Prb_scr:10.856691
Action:73
Prb_scr:12.694123
Action:65
Prb_scr:12.758144
Action:21
