S10[x_] := 0.004185272241 ( -4.000000000000 - x)^3 + -0.007968278172 (x - -5.000000000000)^3 + -0.001691506655 ( -4.000000000000 - x) + 0.011859328755 (x - -5.000000000000) /; -5.000000000000 <= x <= -4.000000000000
S10[x_] := -0.007968278172 ( -3.000000000000 - x)^3 + 0.029296056589 (x - -4.000000000000)^3 + 0.011859328755 ( -3.000000000000 - x) + -0.022399504865 (x - -4.000000000000) /; -4.000000000000 <= x <= -3.000000000000
S10[x_] := 0.029296056589 ( -2.000000000000 - x)^3 + -0.103733385664 (x - -3.000000000000)^3 + -0.022399504865 ( -2.000000000000 - x) + 0.119118001049 (x - -3.000000000000) /; -3.000000000000 <= x <= -2.000000000000
S10[x_] := -0.103733385664 ( -1.000000000000 - x)^3 + 0.420588336434 (x - -2.000000000000)^3 + 0.119118001049 ( -1.000000000000 - x) + -0.361764807022 (x - -2.000000000000) /; -2.000000000000 <= x <= -1.000000000000
S10[x_] := 0.420588336434 ( 0.000000000000 - x)^3 + -0.680882403511 (x - -1.000000000000)^3 + -0.361764807022 ( 0.000000000000 - x) + 1.680882403511 (x - -1.000000000000) /; -1.000000000000 <= x <= 0.000000000000
S10[x_] := -0.680882403511 ( 1.000000000000 - x)^3 + 0.420588336434 (x - 0.000000000000)^3 + 1.680882403511 ( 1.000000000000 - x) + -0.361764807022 (x - 0.000000000000) /; 0.000000000000 <= x <= 1.000000000000
S10[x_] := 0.420588336434 ( 2.000000000000 - x)^3 + -0.103733385664 (x - 1.000000000000)^3 + -0.361764807022 ( 2.000000000000 - x) + 0.119118001049 (x - 1.000000000000) /; 1.000000000000 <= x <= 2.000000000000
S10[x_] := -0.103733385664 ( 3.000000000000 - x)^3 + 0.029296056589 (x - 2.000000000000)^3 + 0.119118001049 ( 3.000000000000 - x) + -0.022399504865 (x - 2.000000000000) /; 2.000000000000 <= x <= 3.000000000000
S10[x_] := 0.029296056589 ( 4.000000000000 - x)^3 + -0.007968278172 (x - 3.000000000000)^3 + -0.022399504865 ( 4.000000000000 - x) + 0.011859328755 (x - 3.000000000000) /; 3.000000000000 <= x <= 4.000000000000
S10[x_] := -0.007968278172 ( 5.000000000000 - x)^3 + 0.004185272241 (x - 4.000000000000)^3 + 0.011859328755 ( 5.000000000000 - x) + -0.001691506655 (x - 4.000000000000) /; 4.000000000000 <= x <= 5.000000000000

the error is 0.000392438669



S20[x_] := 0.000166149219 ( -4.500000000000 - x)^3 + 0.000352886737 (x - -5.000000000000)^3 + 0.004945993867 ( -4.500000000000 - x) + 0.006065624469 (x - -5.000000000000) /; -5.000000000000 <= x <= -4.500000000000
S20[x_] := 0.000352886737 ( -4.000000000000 - x)^3 + 0.000270063958 (x - -4.500000000000)^3 + 0.006065624469 ( -4.000000000000 - x) + 0.007714585178 (x - -4.500000000000) /; -4.500000000000 <= x <= -4.000000000000
S20[x_] := 0.000270063958 ( -3.500000000000 - x)^3 + 0.001534569765 (x - -4.000000000000)^3 + 0.007714585178 ( -3.500000000000 - x) + 0.009768641823 (x - -4.000000000000) /; -4.000000000000 <= x <= -3.500000000000
S20[x_] := 0.001534569765 ( -3.000000000000 - x)^3 + -0.001325798666 (x - -3.500000000000)^3 + 0.009768641823 ( -3.000000000000 - x) + 0.014124553115 (x - -3.500000000000) /; -3.500000000000 <= x <= -3.000000000000
S20[x_] := -0.001325798666 ( -2.500000000000 - x)^3 + 0.013240855162 (x - -3.000000000000)^3 + 0.014124553115 ( -2.500000000000 - x) + 0.016491766408 (x - -3.000000000000) /; -3.000000000000 <= x <= -2.500000000000
S20[x_] := 0.013240855162 ( -2.000000000000 - x)^3 + -0.031804126694 (x - -2.500000000000)^3 + 0.016491766408 ( -2.000000000000 - x) + 0.038720262443 (x - -2.500000000000) /; -2.500000000000 <= x <= -2.000000000000
S20[x_] := -0.031804126694 ( -1.500000000000 - x)^3 + 0.163245942471 (x - -2.000000000000)^3 + 0.038720262443 ( -1.500000000000 - x) + 0.013242568436 (x - -2.000000000000) /; -2.000000000000 <= x <= -1.500000000000
S20[x_] := 0.163245942471 ( -1.000000000000 - x)^3 + -0.459946917249 (x - -1.500000000000)^3 + 0.013242568436 ( -1.000000000000 - x) + 0.232633788136 (x - -1.500000000000) /; -1.500000000000 <= x <= -1.000000000000
S20[x_] := -0.459946917249 ( -0.500000000000 - x)^3 + 2.551581472155 (x - -1.000000000000)^3 + 0.232633788136 ( -0.500000000000 - x) + -0.237895368039 (x - -1.000000000000) /; -1.000000000000 <= x <= -0.500000000000
S20[x_] := 2.551581472155 ( 0.000000000000 - x)^3 + -4.475790736078 (x - -0.500000000000)^3 + -0.237895368039 ( 0.000000000000 - x) + 3.118947684019 (x - -0.500000000000) /; -0.500000000000 <= x <= 0.000000000000
S20[x_] := -4.475790736078 ( 0.500000000000 - x)^3 + 2.551581472155 (x - 0.000000000000)^3 + 3.118947684019 ( 0.500000000000 - x) + -0.237895368039 (x - 0.000000000000) /; 0.000000000000 <= x <= 0.500000000000
S20[x_] := 2.551581472155 ( 1.000000000000 - x)^3 + -0.459946917249 (x - 0.500000000000)^3 + -0.237895368039 ( 1.000000000000 - x) + 0.232633788136 (x - 0.500000000000) /; 0.500000000000 <= x <= 1.000000000000
S20[x_] := -0.459946917249 ( 1.500000000000 - x)^3 + 0.163245942471 (x - 1.000000000000)^3 + 0.232633788136 ( 1.500000000000 - x) + 0.013242568436 (x - 1.000000000000) /; 1.000000000000 <= x <= 1.500000000000
S20[x_] := 0.163245942471 ( 2.000000000000 - x)^3 + -0.031804126694 (x - 1.500000000000)^3 + 0.013242568436 ( 2.000000000000 - x) + 0.038720262443 (x - 1.500000000000) /; 1.500000000000 <= x <= 2.000000000000
S20[x_] := -0.031804126694 ( 2.500000000000 - x)^3 + 0.013240855162 (x - 2.000000000000)^3 + 0.038720262443 ( 2.500000000000 - x) + 0.016491766408 (x - 2.000000000000) /; 2.000000000000 <= x <= 2.500000000000
S20[x_] := 0.013240855162 ( 3.000000000000 - x)^3 + -0.001325798666 (x - 2.500000000000)^3 + 0.016491766408 ( 3.000000000000 - x) + 0.014124553115 (x - 2.500000000000) /; 2.500000000000 <= x <= 3.000000000000
S20[x_] := -0.001325798666 ( 3.500000000000 - x)^3 + 0.001534569765 (x - 3.000000000000)^3 + 0.014124553115 ( 3.500000000000 - x) + 0.009768641823 (x - 3.000000000000) /; 3.000000000000 <= x <= 3.500000000000
S20[x_] := 0.001534569765 ( 4.000000000000 - x)^3 + 0.000270063958 (x - 3.500000000000)^3 + 0.009768641823 ( 4.000000000000 - x) + 0.007714585178 (x - 3.500000000000) /; 3.500000000000 <= x <= 4.000000000000
S20[x_] := 0.000270063958 ( 4.500000000000 - x)^3 + 0.000352886737 (x - 4.000000000000)^3 + 0.007714585178 ( 4.500000000000 - x) + 0.006065624469 (x - 4.000000000000) /; 4.000000000000 <= x <= 4.500000000000
S20[x_] := 0.000352886737 ( 5.000000000000 - x)^3 + 0.000166149219 (x - 4.500000000000)^3 + 0.006065624469 ( 5.000000000000 - x) + 0.004945993867 (x - 4.500000000000) /; 4.500000000000 <= x <= 5.000000000000

the error is 0.000001102744

