   0  $accept : Program $end

   1  Program : ClassList

   2  ClassList : ClassList ClassDef
   3            | ClassDef

   4  VariableDef : Variable ';'

   5  Variable : Type IDENTIFIER

   6  Type : INT
   7       | VOID
   8       | BOOL
   9       | STRING
  10       | COMPLEX
  11       | CLASS IDENTIFIER
  12       | Type '[' ']'

  13  ClassDef : CLASS IDENTIFIER ExtendsClause '{' FieldList '}'

  14  ExtendsClause : EXTENDS IDENTIFIER
  15                |

  16  FieldList : FieldList VariableDef
  17            | FieldList FunctionDef
  18            |

  19  Formals : VariableList
  20          |

  21  VariableList : VariableList ',' Variable
  22               | Variable

  23  FunctionDef : STATIC Type IDENTIFIER '(' Formals ')' StmtBlock
  24              | Type IDENTIFIER '(' Formals ')' StmtBlock

  25  StmtBlock : '{' StmtList '}'

  26  StmtList : StmtList Stmt
  27           |

  28  Stmt : VariableDef
  29       | SimpleStmt ';'
  30       | IfStmt
  31       | WhileStmt
  32       | ForStmt
  33       | ReturnStmt ';'
  34       | PrintStmt ';'
  35       | BreakStmt ';'
  36       | StmtBlock
  37       | PrintCompStmt ';'
  38       | DoStmt

  39  SimpleStmt : LValue '=' Expr
  40             | Call
  41             |

  42  Receiver : Expr '.'
  43           |

  44  LValue : Receiver IDENTIFIER
  45         | Expr '[' Expr ']'

  46  Call : Receiver IDENTIFIER '(' Actuals ')'

  47  Expr : LValue
  48       | Call
  49       | Constant
  50       | Expr '+' Expr
  51       | Expr '-' Expr
  52       | Expr '*' Expr
  53       | Expr '/' Expr
  54       | Expr '%' Expr
  55       | Expr EQUAL Expr
  56       | Expr NOT_EQUAL Expr
  57       | Expr '<' Expr
  58       | Expr '>' Expr
  59       | Expr LESS_EQUAL Expr
  60       | Expr GREATER_EQUAL Expr
  61       | Expr AND Expr
  62       | Expr OR Expr
  63       | '(' Expr ')'
  64       | '-' Expr
  65       | '!' Expr
  66       | '@' Expr
  67       | '$' Expr
  68       | '#' Expr
  69       | READ_INTEGER '(' ')'
  70       | READ_LINE '(' ')'
  71       | THIS
  72       | SUPER
  73       | NEW IDENTIFIER '(' ')'
  74       | NEW Type '[' Expr ']'
  75       | INSTANCEOF '(' Expr ',' IDENTIFIER ')'
  76       | '(' CLASS IDENTIFIER ')' Expr
  77       | CaseExpr
  78       | DCOPY '(' Expr ')'
  79       | SCOPY '(' Expr ')'

  80  CaseExpr : CASE '(' Expr ')' '{' ACaseExprList DefaultExpr '}'
  81           | CASE '(' Expr ')' '{' DefaultExpr '}'

  82  ACaseExprList : ACaseExprList ACaseExpr
  83                | ACaseExpr

  84  ACaseExpr : Constant ':' Expr ';'

  85  DefaultExpr : DEFAULT ':' Expr ';'

  86  Constant : LITERAL
  87           | NULL

  88  Actuals : ExprList
  89          |

  90  ExprList : ExprList ',' Expr
  91           | Expr

  92  WhileStmt : WHILE '(' Expr ')' Stmt

  93  ForStmt : FOR '(' SimpleStmt ';' Expr ';' SimpleStmt ')' Stmt

  94  BreakStmt : BREAK

  95  IfStmt : IF '(' Expr ')' Stmt ElseClause

  96  ElseClause : ELSE Stmt
  97             |

  98  ReturnStmt : RETURN Expr
  99             | RETURN

 100  PrintStmt : PRINT '(' ExprList ')'

 101  PrintCompStmt : PRINTCOMP '(' ExprList ')'

 102  DoSubStmt : Expr ':' Stmt

 103  DoBranch : DoSubStmt VERTS

 104  DoBranchList : DoBranchList DoBranch
 105               |

 106  DoList : DoBranchList DoSubStmt

 107  DoStmt : DO DoList OD ';'

state 0
	$accept : . Program $end  (0)

	CLASS  shift 1
	.  error

	Program  goto 2
	ClassList  goto 3
	ClassDef  goto 4


state 1
	ClassDef : CLASS . IDENTIFIER ExtendsClause '{' FieldList '}'  (13)

	IDENTIFIER  shift 5
	.  error


state 2
	$accept : Program . $end  (0)

	$end  accept


state 3
	Program : ClassList .  (1)
	ClassList : ClassList . ClassDef  (2)

	CLASS  shift 1
	$end  reduce 1

	ClassDef  goto 6


state 4
	ClassList : ClassDef .  (3)

	.  reduce 3


state 5
	ClassDef : CLASS IDENTIFIER . ExtendsClause '{' FieldList '}'  (13)
	ExtendsClause : .  (15)

	EXTENDS  shift 7
	'{'  reduce 15

	ExtendsClause  goto 8


state 6
	ClassList : ClassList ClassDef .  (2)

	.  reduce 2


state 7
	ExtendsClause : EXTENDS . IDENTIFIER  (14)

	IDENTIFIER  shift 9
	.  error


state 8
	ClassDef : CLASS IDENTIFIER ExtendsClause . '{' FieldList '}'  (13)

	'{'  shift 10
	.  error


state 9
	ExtendsClause : EXTENDS IDENTIFIER .  (14)

	.  reduce 14


state 10
	ClassDef : CLASS IDENTIFIER ExtendsClause '{' . FieldList '}'  (13)
	FieldList : .  (18)

	.  reduce 18

	FieldList  goto 11


state 11
	ClassDef : CLASS IDENTIFIER ExtendsClause '{' FieldList . '}'  (13)
	FieldList : FieldList . VariableDef  (16)
	FieldList : FieldList . FunctionDef  (17)

	VOID  shift 12
	BOOL  shift 13
	INT  shift 14
	STRING  shift 15
	COMPLEX  shift 16
	CLASS  shift 17
	STATIC  shift 18
	'}'  shift 19
	.  error

	VariableDef  goto 20
	Variable  goto 21
	Type  goto 22
	FunctionDef  goto 23


state 12
	Type : VOID .  (7)

	.  reduce 7


state 13
	Type : BOOL .  (8)

	.  reduce 8


state 14
	Type : INT .  (6)

	.  reduce 6


state 15
	Type : STRING .  (9)

	.  reduce 9


state 16
	Type : COMPLEX .  (10)

	.  reduce 10


state 17
	Type : CLASS . IDENTIFIER  (11)

	IDENTIFIER  shift 24
	.  error


state 18
	FunctionDef : STATIC . Type IDENTIFIER '(' Formals ')' StmtBlock  (23)

	VOID  shift 12
	BOOL  shift 13
	INT  shift 14
	STRING  shift 15
	COMPLEX  shift 16
	CLASS  shift 17
	.  error

	Type  goto 25


state 19
	ClassDef : CLASS IDENTIFIER ExtendsClause '{' FieldList '}' .  (13)

	.  reduce 13


state 20
	FieldList : FieldList VariableDef .  (16)

	.  reduce 16


state 21
	VariableDef : Variable . ';'  (4)

	';'  shift 26
	.  error


state 22
	Variable : Type . IDENTIFIER  (5)
	Type : Type . '[' ']'  (12)
	FunctionDef : Type . IDENTIFIER '(' Formals ')' StmtBlock  (24)

	IDENTIFIER  shift 27
	'['  shift 28
	.  error


state 23
	FieldList : FieldList FunctionDef .  (17)

	.  reduce 17


state 24
	Type : CLASS IDENTIFIER .  (11)

	.  reduce 11


state 25
	Type : Type . '[' ']'  (12)
	FunctionDef : STATIC Type . IDENTIFIER '(' Formals ')' StmtBlock  (23)

	IDENTIFIER  shift 29
	'['  shift 28
	.  error


state 26
	VariableDef : Variable ';' .  (4)

	.  reduce 4


state 27
	Variable : Type IDENTIFIER .  (5)
	FunctionDef : Type IDENTIFIER . '(' Formals ')' StmtBlock  (24)

	'('  shift 30
	';'  reduce 5


state 28
	Type : Type '[' . ']'  (12)

	']'  shift 31
	.  error


state 29
	FunctionDef : STATIC Type IDENTIFIER . '(' Formals ')' StmtBlock  (23)

	'('  shift 32
	.  error


state 30
	FunctionDef : Type IDENTIFIER '(' . Formals ')' StmtBlock  (24)
	Formals : .  (20)

	VOID  shift 12
	BOOL  shift 13
	INT  shift 14
	STRING  shift 15
	COMPLEX  shift 16
	CLASS  shift 17
	')'  reduce 20

	Variable  goto 33
	Type  goto 34
	Formals  goto 35
	VariableList  goto 36


state 31
	Type : Type '[' ']' .  (12)

	.  reduce 12


state 32
	FunctionDef : STATIC Type IDENTIFIER '(' . Formals ')' StmtBlock  (23)
	Formals : .  (20)

	VOID  shift 12
	BOOL  shift 13
	INT  shift 14
	STRING  shift 15
	COMPLEX  shift 16
	CLASS  shift 17
	')'  reduce 20

	Variable  goto 33
	Type  goto 34
	Formals  goto 37
	VariableList  goto 36


state 33
	VariableList : Variable .  (22)

	.  reduce 22


state 34
	Variable : Type . IDENTIFIER  (5)
	Type : Type . '[' ']'  (12)

	IDENTIFIER  shift 38
	'['  shift 28
	.  error


state 35
	FunctionDef : Type IDENTIFIER '(' Formals . ')' StmtBlock  (24)

	')'  shift 39
	.  error


state 36
	Formals : VariableList .  (19)
	VariableList : VariableList . ',' Variable  (21)

	','  shift 40
	')'  reduce 19


state 37
	FunctionDef : STATIC Type IDENTIFIER '(' Formals . ')' StmtBlock  (23)

	')'  shift 41
	.  error


state 38
	Variable : Type IDENTIFIER .  (5)

	.  reduce 5


state 39
	FunctionDef : Type IDENTIFIER '(' Formals ')' . StmtBlock  (24)

	'{'  shift 42
	.  error

	StmtBlock  goto 43


state 40
	VariableList : VariableList ',' . Variable  (21)

	VOID  shift 12
	BOOL  shift 13
	INT  shift 14
	STRING  shift 15
	COMPLEX  shift 16
	CLASS  shift 17
	.  error

	Variable  goto 44
	Type  goto 34


state 41
	FunctionDef : STATIC Type IDENTIFIER '(' Formals ')' . StmtBlock  (23)

	'{'  shift 42
	.  error

	StmtBlock  goto 45


state 42
	StmtBlock : '{' . StmtList '}'  (25)
	StmtList : .  (27)

	.  reduce 27

	StmtList  goto 46


state 43
	FunctionDef : Type IDENTIFIER '(' Formals ')' StmtBlock .  (24)

	.  reduce 24


state 44
	VariableList : VariableList ',' Variable .  (21)

	.  reduce 21


state 45
	FunctionDef : STATIC Type IDENTIFIER '(' Formals ')' StmtBlock .  (23)

	.  reduce 23


state 46
	StmtBlock : '{' StmtList . '}'  (25)
	StmtList : StmtList . Stmt  (26)
	SimpleStmt : .  (41)
	Receiver : .  (43)

	VOID  shift 12
	BOOL  shift 13
	INT  shift 14
	STRING  shift 15
	COMPLEX  shift 16
	CLASS  shift 17
	NULL  shift 47
	THIS  shift 48
	WHILE  shift 49
	FOR  shift 50
	SUPER  shift 51
	IF  shift 52
	RETURN  shift 53
	BREAK  shift 54
	NEW  shift 55
	DO  shift 56
	DCOPY  shift 57
	SCOPY  shift 58
	PRINT  shift 59
	READ_INTEGER  shift 60
	READ_LINE  shift 61
	PRINTCOMP  shift 62
	LITERAL  shift 63
	INSTANCEOF  shift 64
	'-'  shift 65
	'@'  shift 66
	'$'  shift 67
	'#'  shift 68
	'!'  shift 69
	'('  shift 70
	'{'  shift 42
	'}'  shift 71
	CASE  shift 72
	IDENTIFIER  reduce 43
	';'  reduce 41

	VariableDef  goto 73
	Variable  goto 21
	Type  goto 34
	StmtBlock  goto 74
	Stmt  goto 75
	SimpleStmt  goto 76
	IfStmt  goto 77
	WhileStmt  goto 78
	ForStmt  goto 79
	ReturnStmt  goto 80
	PrintStmt  goto 81
	BreakStmt  goto 82
	PrintCompStmt  goto 83
	DoStmt  goto 84
	LValue  goto 85
	Expr  goto 86
	Call  goto 87
	Receiver  goto 88
	Constant  goto 89
	CaseExpr  goto 90


state 47
	Constant : NULL .  (87)

	.  reduce 87


state 48
	Expr : THIS .  (71)

	.  reduce 71


state 49
	WhileStmt : WHILE . '(' Expr ')' Stmt  (92)

	'('  shift 91
	.  error


state 50
	ForStmt : FOR . '(' SimpleStmt ';' Expr ';' SimpleStmt ')' Stmt  (93)

	'('  shift 92
	.  error


state 51
	Expr : SUPER .  (72)

	.  reduce 72


state 52
	IfStmt : IF . '(' Expr ')' Stmt ElseClause  (95)

	'('  shift 93
	.  error


state 53
	ReturnStmt : RETURN . Expr  (98)
	ReturnStmt : RETURN .  (99)
	Receiver : .  (43)

	NULL  shift 47
	THIS  shift 48
	SUPER  shift 51
	NEW  shift 55
	DCOPY  shift 57
	SCOPY  shift 58
	READ_INTEGER  shift 60
	READ_LINE  shift 61
	LITERAL  shift 63
	INSTANCEOF  shift 64
	'-'  shift 65
	'@'  shift 66
	'$'  shift 67
	'#'  shift 68
	'!'  shift 69
	'('  shift 70
	CASE  shift 72
	IDENTIFIER  reduce 43
	';'  reduce 99

	LValue  goto 94
	Expr  goto 95
	Call  goto 96
	Receiver  goto 88
	Constant  goto 89
	CaseExpr  goto 90


state 54
	BreakStmt : BREAK .  (94)

	.  reduce 94


state 55
	Expr : NEW . IDENTIFIER '(' ')'  (73)
	Expr : NEW . Type '[' Expr ']'  (74)

	VOID  shift 12
	BOOL  shift 13
	INT  shift 14
	STRING  shift 15
	COMPLEX  shift 16
	CLASS  shift 17
	IDENTIFIER  shift 97
	.  error

	Type  goto 98


state 56
	DoStmt : DO . DoList OD ';'  (107)
	DoBranchList : .  (105)

	.  reduce 105

	DoBranchList  goto 99
	DoList  goto 100


state 57
	Expr : DCOPY . '(' Expr ')'  (78)

	'('  shift 101
	.  error


state 58
	Expr : SCOPY . '(' Expr ')'  (79)

	'('  shift 102
	.  error


state 59
	PrintStmt : PRINT . '(' ExprList ')'  (100)

	'('  shift 103
	.  error


state 60
	Expr : READ_INTEGER . '(' ')'  (69)

	'('  shift 104
	.  error


state 61
	Expr : READ_LINE . '(' ')'  (70)

	'('  shift 105
	.  error


state 62
	PrintCompStmt : PRINTCOMP . '(' ExprList ')'  (101)

	'('  shift 106
	.  error


state 63
	Constant : LITERAL .  (86)

	.  reduce 86


state 64
	Expr : INSTANCEOF . '(' Expr ',' IDENTIFIER ')'  (75)

	'('  shift 107
	.  error


state 65
	Expr : '-' . Expr  (64)
	Receiver : .  (43)

	NULL  shift 47
	THIS  shift 48
	SUPER  shift 51
	NEW  shift 55
	DCOPY  shift 57
	SCOPY  shift 58
	READ_INTEGER  shift 60
	READ_LINE  shift 61
	LITERAL  shift 63
	INSTANCEOF  shift 64
	'-'  shift 65
	'@'  shift 66
	'$'  shift 67
	'#'  shift 68
	'!'  shift 69
	'('  shift 70
	CASE  shift 72
	IDENTIFIER  reduce 43

	LValue  goto 94
	Expr  goto 108
	Call  goto 96
	Receiver  goto 88
	Constant  goto 89
	CaseExpr  goto 90


state 66
	Expr : '@' . Expr  (66)
	Receiver : .  (43)

	NULL  shift 47
	THIS  shift 48
	SUPER  shift 51
	NEW  shift 55
	DCOPY  shift 57
	SCOPY  shift 58
	READ_INTEGER  shift 60
	READ_LINE  shift 61
	LITERAL  shift 63
	INSTANCEOF  shift 64
	'-'  shift 65
	'@'  shift 66
	'$'  shift 67
	'#'  shift 68
	'!'  shift 69
	'('  shift 70
	CASE  shift 72
	IDENTIFIER  reduce 43

	LValue  goto 94
	Expr  goto 109
	Call  goto 96
	Receiver  goto 88
	Constant  goto 89
	CaseExpr  goto 90


state 67
	Expr : '$' . Expr  (67)
	Receiver : .  (43)

	NULL  shift 47
	THIS  shift 48
	SUPER  shift 51
	NEW  shift 55
	DCOPY  shift 57
	SCOPY  shift 58
	READ_INTEGER  shift 60
	READ_LINE  shift 61
	LITERAL  shift 63
	INSTANCEOF  shift 64
	'-'  shift 65
	'@'  shift 66
	'$'  shift 67
	'#'  shift 68
	'!'  shift 69
	'('  shift 70
	CASE  shift 72
	IDENTIFIER  reduce 43

	LValue  goto 94
	Expr  goto 110
	Call  goto 96
	Receiver  goto 88
	Constant  goto 89
	CaseExpr  goto 90


state 68
	Expr : '#' . Expr  (68)
	Receiver : .  (43)

	NULL  shift 47
	THIS  shift 48
	SUPER  shift 51
	NEW  shift 55
	DCOPY  shift 57
	SCOPY  shift 58
	READ_INTEGER  shift 60
	READ_LINE  shift 61
	LITERAL  shift 63
	INSTANCEOF  shift 64
	'-'  shift 65
	'@'  shift 66
	'$'  shift 67
	'#'  shift 68
	'!'  shift 69
	'('  shift 70
	CASE  shift 72
	IDENTIFIER  reduce 43

	LValue  goto 94
	Expr  goto 111
	Call  goto 96
	Receiver  goto 88
	Constant  goto 89
	CaseExpr  goto 90


state 69
	Expr : '!' . Expr  (65)
	Receiver : .  (43)

	NULL  shift 47
	THIS  shift 48
	SUPER  shift 51
	NEW  shift 55
	DCOPY  shift 57
	SCOPY  shift 58
	READ_INTEGER  shift 60
	READ_LINE  shift 61
	LITERAL  shift 63
	INSTANCEOF  shift 64
	'-'  shift 65
	'@'  shift 66
	'$'  shift 67
	'#'  shift 68
	'!'  shift 69
	'('  shift 70
	CASE  shift 72
	IDENTIFIER  reduce 43

	LValue  goto 94
	Expr  goto 112
	Call  goto 96
	Receiver  goto 88
	Constant  goto 89
	CaseExpr  goto 90


state 70
	Expr : '(' . Expr ')'  (63)
	Expr : '(' . CLASS IDENTIFIER ')' Expr  (76)
	Receiver : .  (43)

	CLASS  shift 113
	NULL  shift 47
	THIS  shift 48
	SUPER  shift 51
	NEW  shift 55
	DCOPY  shift 57
	SCOPY  shift 58
	READ_INTEGER  shift 60
	READ_LINE  shift 61
	LITERAL  shift 63
	INSTANCEOF  shift 64
	'-'  shift 65
	'@'  shift 66
	'$'  shift 67
	'#'  shift 68
	'!'  shift 69
	'('  shift 70
	CASE  shift 72
	IDENTIFIER  reduce 43

	LValue  goto 94
	Expr  goto 114
	Call  goto 96
	Receiver  goto 88
	Constant  goto 89
	CaseExpr  goto 90


state 71
	StmtBlock : '{' StmtList '}' .  (25)

	.  reduce 25


state 72
	CaseExpr : CASE . '(' Expr ')' '{' ACaseExprList DefaultExpr '}'  (80)
	CaseExpr : CASE . '(' Expr ')' '{' DefaultExpr '}'  (81)

	'('  shift 115
	.  error


state 73
	Stmt : VariableDef .  (28)

	.  reduce 28


state 74
	Stmt : StmtBlock .  (36)

	.  reduce 36


state 75
	StmtList : StmtList Stmt .  (26)

	.  reduce 26


state 76
	Stmt : SimpleStmt . ';'  (29)

	';'  shift 116
	.  error


state 77
	Stmt : IfStmt .  (30)

	.  reduce 30


state 78
	Stmt : WhileStmt .  (31)

	.  reduce 31


state 79
	Stmt : ForStmt .  (32)

	.  reduce 32


state 80
	Stmt : ReturnStmt . ';'  (33)

	';'  shift 117
	.  error


state 81
	Stmt : PrintStmt . ';'  (34)

	';'  shift 118
	.  error


state 82
	Stmt : BreakStmt . ';'  (35)

	';'  shift 119
	.  error


state 83
	Stmt : PrintCompStmt . ';'  (37)

	';'  shift 120
	.  error


state 84
	Stmt : DoStmt .  (38)

	.  reduce 38


state 85
	SimpleStmt : LValue . '=' Expr  (39)
	Expr : LValue .  (47)

	'='  shift 121
	AND  reduce 47
	OR  reduce 47
	LESS_EQUAL  reduce 47
	GREATER_EQUAL  reduce 47
	EQUAL  reduce 47
	NOT_EQUAL  reduce 47
	'+'  reduce 47
	'-'  reduce 47
	'*'  reduce 47
	'/'  reduce 47
	'%'  reduce 47
	'>'  reduce 47
	'<'  reduce 47
	'.'  reduce 47
	'['  reduce 47


state 86
	Receiver : Expr . '.'  (42)
	LValue : Expr . '[' Expr ']'  (45)
	Expr : Expr . '+' Expr  (50)
	Expr : Expr . '-' Expr  (51)
	Expr : Expr . '*' Expr  (52)
	Expr : Expr . '/' Expr  (53)
	Expr : Expr . '%' Expr  (54)
	Expr : Expr . EQUAL Expr  (55)
	Expr : Expr . NOT_EQUAL Expr  (56)
	Expr : Expr . '<' Expr  (57)
	Expr : Expr . '>' Expr  (58)
	Expr : Expr . LESS_EQUAL Expr  (59)
	Expr : Expr . GREATER_EQUAL Expr  (60)
	Expr : Expr . AND Expr  (61)
	Expr : Expr . OR Expr  (62)

	AND  shift 122
	OR  shift 123
	LESS_EQUAL  shift 124
	GREATER_EQUAL  shift 125
	EQUAL  shift 126
	NOT_EQUAL  shift 127
	'+'  shift 128
	'-'  shift 129
	'*'  shift 130
	'/'  shift 131
	'%'  shift 132
	'>'  shift 133
	'<'  shift 134
	'.'  shift 135
	'['  shift 136
	.  error


state 87
	SimpleStmt : Call .  (40)
	Expr : Call .  (48)

	AND  reduce 48
	OR  reduce 48
	LESS_EQUAL  reduce 48
	GREATER_EQUAL  reduce 48
	EQUAL  reduce 48
	NOT_EQUAL  reduce 48
	'+'  reduce 48
	'-'  reduce 48
	'*'  reduce 48
	'/'  reduce 48
	'%'  reduce 48
	'>'  reduce 48
	'<'  reduce 48
	'.'  reduce 48
	';'  reduce 40
	')'  reduce 40
	'['  reduce 48


state 88
	LValue : Receiver . IDENTIFIER  (44)
	Call : Receiver . IDENTIFIER '(' Actuals ')'  (46)

	IDENTIFIER  shift 137
	.  error


state 89
	Expr : Constant .  (49)

	.  reduce 49


state 90
	Expr : CaseExpr .  (77)

	.  reduce 77


state 91
	WhileStmt : WHILE '(' . Expr ')' Stmt  (92)
	Receiver : .  (43)

	NULL  shift 47
	THIS  shift 48
	SUPER  shift 51
	NEW  shift 55
	DCOPY  shift 57
	SCOPY  shift 58
	READ_INTEGER  shift 60
	READ_LINE  shift 61
	LITERAL  shift 63
	INSTANCEOF  shift 64
	'-'  shift 65
	'@'  shift 66
	'$'  shift 67
	'#'  shift 68
	'!'  shift 69
	'('  shift 70
	CASE  shift 72
	IDENTIFIER  reduce 43

	LValue  goto 94
	Expr  goto 138
	Call  goto 96
	Receiver  goto 88
	Constant  goto 89
	CaseExpr  goto 90


state 92
	ForStmt : FOR '(' . SimpleStmt ';' Expr ';' SimpleStmt ')' Stmt  (93)
	SimpleStmt : .  (41)
	Receiver : .  (43)

	NULL  shift 47
	THIS  shift 48
	SUPER  shift 51
	NEW  shift 55
	DCOPY  shift 57
	SCOPY  shift 58
	READ_INTEGER  shift 60
	READ_LINE  shift 61
	LITERAL  shift 63
	INSTANCEOF  shift 64
	'-'  shift 65
	'@'  shift 66
	'$'  shift 67
	'#'  shift 68
	'!'  shift 69
	'('  shift 70
	CASE  shift 72
	IDENTIFIER  reduce 43
	';'  reduce 41

	SimpleStmt  goto 139
	LValue  goto 85
	Expr  goto 86
	Call  goto 87
	Receiver  goto 88
	Constant  goto 89
	CaseExpr  goto 90


state 93
	IfStmt : IF '(' . Expr ')' Stmt ElseClause  (95)
	Receiver : .  (43)

	NULL  shift 47
	THIS  shift 48
	SUPER  shift 51
	NEW  shift 55
	DCOPY  shift 57
	SCOPY  shift 58
	READ_INTEGER  shift 60
	READ_LINE  shift 61
	LITERAL  shift 63
	INSTANCEOF  shift 64
	'-'  shift 65
	'@'  shift 66
	'$'  shift 67
	'#'  shift 68
	'!'  shift 69
	'('  shift 70
	CASE  shift 72
	IDENTIFIER  reduce 43

	LValue  goto 94
	Expr  goto 140
	Call  goto 96
	Receiver  goto 88
	Constant  goto 89
	CaseExpr  goto 90


state 94
	Expr : LValue .  (47)

	.  reduce 47


state 95
	Receiver : Expr . '.'  (42)
	LValue : Expr . '[' Expr ']'  (45)
	Expr : Expr . '+' Expr  (50)
	Expr : Expr . '-' Expr  (51)
	Expr : Expr . '*' Expr  (52)
	Expr : Expr . '/' Expr  (53)
	Expr : Expr . '%' Expr  (54)
	Expr : Expr . EQUAL Expr  (55)
	Expr : Expr . NOT_EQUAL Expr  (56)
	Expr : Expr . '<' Expr  (57)
	Expr : Expr . '>' Expr  (58)
	Expr : Expr . LESS_EQUAL Expr  (59)
	Expr : Expr . GREATER_EQUAL Expr  (60)
	Expr : Expr . AND Expr  (61)
	Expr : Expr . OR Expr  (62)
	ReturnStmt : RETURN Expr .  (98)

	AND  shift 122
	OR  shift 123
	LESS_EQUAL  shift 124
	GREATER_EQUAL  shift 125
	EQUAL  shift 126
	NOT_EQUAL  shift 127
	'+'  shift 128
	'-'  shift 129
	'*'  shift 130
	'/'  shift 131
	'%'  shift 132
	'>'  shift 133
	'<'  shift 134
	'.'  shift 135
	'['  shift 136
	';'  reduce 98


state 96
	Expr : Call .  (48)

	.  reduce 48


state 97
	Expr : NEW IDENTIFIER . '(' ')'  (73)

	'('  shift 141
	.  error


state 98
	Type : Type . '[' ']'  (12)
	Expr : NEW Type . '[' Expr ']'  (74)

	'['  shift 142
	.  error


state 99
	DoBranchList : DoBranchList . DoBranch  (104)
	DoList : DoBranchList . DoSubStmt  (106)
	Receiver : .  (43)

	NULL  shift 47
	THIS  shift 48
	SUPER  shift 51
	NEW  shift 55
	DCOPY  shift 57
	SCOPY  shift 58
	READ_INTEGER  shift 60
	READ_LINE  shift 61
	LITERAL  shift 63
	INSTANCEOF  shift 64
	'-'  shift 65
	'@'  shift 66
	'$'  shift 67
	'#'  shift 68
	'!'  shift 69
	'('  shift 70
	CASE  shift 72
	IDENTIFIER  reduce 43

	LValue  goto 94
	Expr  goto 143
	Call  goto 96
	Receiver  goto 88
	Constant  goto 89
	CaseExpr  goto 90
	DoSubStmt  goto 144
	DoBranch  goto 145


state 100
	DoStmt : DO DoList . OD ';'  (107)

	OD  shift 146
	.  error


state 101
	Expr : DCOPY '(' . Expr ')'  (78)
	Receiver : .  (43)

	NULL  shift 47
	THIS  shift 48
	SUPER  shift 51
	NEW  shift 55
	DCOPY  shift 57
	SCOPY  shift 58
	READ_INTEGER  shift 60
	READ_LINE  shift 61
	LITERAL  shift 63
	INSTANCEOF  shift 64
	'-'  shift 65
	'@'  shift 66
	'$'  shift 67
	'#'  shift 68
	'!'  shift 69
	'('  shift 70
	CASE  shift 72
	IDENTIFIER  reduce 43

	LValue  goto 94
	Expr  goto 147
	Call  goto 96
	Receiver  goto 88
	Constant  goto 89
	CaseExpr  goto 90


state 102
	Expr : SCOPY '(' . Expr ')'  (79)
	Receiver : .  (43)

	NULL  shift 47
	THIS  shift 48
	SUPER  shift 51
	NEW  shift 55
	DCOPY  shift 57
	SCOPY  shift 58
	READ_INTEGER  shift 60
	READ_LINE  shift 61
	LITERAL  shift 63
	INSTANCEOF  shift 64
	'-'  shift 65
	'@'  shift 66
	'$'  shift 67
	'#'  shift 68
	'!'  shift 69
	'('  shift 70
	CASE  shift 72
	IDENTIFIER  reduce 43

	LValue  goto 94
	Expr  goto 148
	Call  goto 96
	Receiver  goto 88
	Constant  goto 89
	CaseExpr  goto 90


state 103
	PrintStmt : PRINT '(' . ExprList ')'  (100)
	Receiver : .  (43)

	NULL  shift 47
	THIS  shift 48
	SUPER  shift 51
	NEW  shift 55
	DCOPY  shift 57
	SCOPY  shift 58
	READ_INTEGER  shift 60
	READ_LINE  shift 61
	LITERAL  shift 63
	INSTANCEOF  shift 64
	'-'  shift 65
	'@'  shift 66
	'$'  shift 67
	'#'  shift 68
	'!'  shift 69
	'('  shift 70
	CASE  shift 72
	IDENTIFIER  reduce 43

	LValue  goto 94
	Expr  goto 149
	Call  goto 96
	Receiver  goto 88
	Constant  goto 89
	CaseExpr  goto 90
	ExprList  goto 150


state 104
	Expr : READ_INTEGER '(' . ')'  (69)

	')'  shift 151
	.  error


state 105
	Expr : READ_LINE '(' . ')'  (70)

	')'  shift 152
	.  error


state 106
	PrintCompStmt : PRINTCOMP '(' . ExprList ')'  (101)
	Receiver : .  (43)

	NULL  shift 47
	THIS  shift 48
	SUPER  shift 51
	NEW  shift 55
	DCOPY  shift 57
	SCOPY  shift 58
	READ_INTEGER  shift 60
	READ_LINE  shift 61
	LITERAL  shift 63
	INSTANCEOF  shift 64
	'-'  shift 65
	'@'  shift 66
	'$'  shift 67
	'#'  shift 68
	'!'  shift 69
	'('  shift 70
	CASE  shift 72
	IDENTIFIER  reduce 43

	LValue  goto 94
	Expr  goto 149
	Call  goto 96
	Receiver  goto 88
	Constant  goto 89
	CaseExpr  goto 90
	ExprList  goto 153


state 107
	Expr : INSTANCEOF '(' . Expr ',' IDENTIFIER ')'  (75)
	Receiver : .  (43)

	NULL  shift 47
	THIS  shift 48
	SUPER  shift 51
	NEW  shift 55
	DCOPY  shift 57
	SCOPY  shift 58
	READ_INTEGER  shift 60
	READ_LINE  shift 61
	LITERAL  shift 63
	INSTANCEOF  shift 64
	'-'  shift 65
	'@'  shift 66
	'$'  shift 67
	'#'  shift 68
	'!'  shift 69
	'('  shift 70
	CASE  shift 72
	IDENTIFIER  reduce 43

	LValue  goto 94
	Expr  goto 154
	Call  goto 96
	Receiver  goto 88
	Constant  goto 89
	CaseExpr  goto 90


state 108
	Receiver : Expr . '.'  (42)
	LValue : Expr . '[' Expr ']'  (45)
	Expr : Expr . '+' Expr  (50)
	Expr : Expr . '-' Expr  (51)
	Expr : Expr . '*' Expr  (52)
	Expr : Expr . '/' Expr  (53)
	Expr : Expr . '%' Expr  (54)
	Expr : Expr . EQUAL Expr  (55)
	Expr : Expr . NOT_EQUAL Expr  (56)
	Expr : Expr . '<' Expr  (57)
	Expr : Expr . '>' Expr  (58)
	Expr : Expr . LESS_EQUAL Expr  (59)
	Expr : Expr . GREATER_EQUAL Expr  (60)
	Expr : Expr . AND Expr  (61)
	Expr : Expr . OR Expr  (62)
	Expr : '-' Expr .  (64)

	'.'  shift 135
	'['  shift 136
	AND  reduce 64
	OR  reduce 64
	LESS_EQUAL  reduce 64
	GREATER_EQUAL  reduce 64
	EQUAL  reduce 64
	NOT_EQUAL  reduce 64
	'+'  reduce 64
	'-'  reduce 64
	'*'  reduce 64
	'/'  reduce 64
	'%'  reduce 64
	'>'  reduce 64
	'<'  reduce 64
	':'  reduce 64
	','  reduce 64
	';'  reduce 64
	')'  reduce 64
	']'  reduce 64


state 109
	Receiver : Expr . '.'  (42)
	LValue : Expr . '[' Expr ']'  (45)
	Expr : Expr . '+' Expr  (50)
	Expr : Expr . '-' Expr  (51)
	Expr : Expr . '*' Expr  (52)
	Expr : Expr . '/' Expr  (53)
	Expr : Expr . '%' Expr  (54)
	Expr : Expr . EQUAL Expr  (55)
	Expr : Expr . NOT_EQUAL Expr  (56)
	Expr : Expr . '<' Expr  (57)
	Expr : Expr . '>' Expr  (58)
	Expr : Expr . LESS_EQUAL Expr  (59)
	Expr : Expr . GREATER_EQUAL Expr  (60)
	Expr : Expr . AND Expr  (61)
	Expr : Expr . OR Expr  (62)
	Expr : '@' Expr .  (66)

	.  reduce 66


state 110
	Receiver : Expr . '.'  (42)
	LValue : Expr . '[' Expr ']'  (45)
	Expr : Expr . '+' Expr  (50)
	Expr : Expr . '-' Expr  (51)
	Expr : Expr . '*' Expr  (52)
	Expr : Expr . '/' Expr  (53)
	Expr : Expr . '%' Expr  (54)
	Expr : Expr . EQUAL Expr  (55)
	Expr : Expr . NOT_EQUAL Expr  (56)
	Expr : Expr . '<' Expr  (57)
	Expr : Expr . '>' Expr  (58)
	Expr : Expr . LESS_EQUAL Expr  (59)
	Expr : Expr . GREATER_EQUAL Expr  (60)
	Expr : Expr . AND Expr  (61)
	Expr : Expr . OR Expr  (62)
	Expr : '$' Expr .  (67)

	.  reduce 67


state 111
	Receiver : Expr . '.'  (42)
	LValue : Expr . '[' Expr ']'  (45)
	Expr : Expr . '+' Expr  (50)
	Expr : Expr . '-' Expr  (51)
	Expr : Expr . '*' Expr  (52)
	Expr : Expr . '/' Expr  (53)
	Expr : Expr . '%' Expr  (54)
	Expr : Expr . EQUAL Expr  (55)
	Expr : Expr . NOT_EQUAL Expr  (56)
	Expr : Expr . '<' Expr  (57)
	Expr : Expr . '>' Expr  (58)
	Expr : Expr . LESS_EQUAL Expr  (59)
	Expr : Expr . GREATER_EQUAL Expr  (60)
	Expr : Expr . AND Expr  (61)
	Expr : Expr . OR Expr  (62)
	Expr : '#' Expr .  (68)

	.  reduce 68


state 112
	Receiver : Expr . '.'  (42)
	LValue : Expr . '[' Expr ']'  (45)
	Expr : Expr . '+' Expr  (50)
	Expr : Expr . '-' Expr  (51)
	Expr : Expr . '*' Expr  (52)
	Expr : Expr . '/' Expr  (53)
	Expr : Expr . '%' Expr  (54)
	Expr : Expr . EQUAL Expr  (55)
	Expr : Expr . NOT_EQUAL Expr  (56)
	Expr : Expr . '<' Expr  (57)
	Expr : Expr . '>' Expr  (58)
	Expr : Expr . LESS_EQUAL Expr  (59)
	Expr : Expr . GREATER_EQUAL Expr  (60)
	Expr : Expr . AND Expr  (61)
	Expr : Expr . OR Expr  (62)
	Expr : '!' Expr .  (65)

	'.'  shift 135
	'['  shift 136
	AND  reduce 65
	OR  reduce 65
	LESS_EQUAL  reduce 65
	GREATER_EQUAL  reduce 65
	EQUAL  reduce 65
	NOT_EQUAL  reduce 65
	'+'  reduce 65
	'-'  reduce 65
	'*'  reduce 65
	'/'  reduce 65
	'%'  reduce 65
	'>'  reduce 65
	'<'  reduce 65
	':'  reduce 65
	','  reduce 65
	';'  reduce 65
	')'  reduce 65
	']'  reduce 65


state 113
	Expr : '(' CLASS . IDENTIFIER ')' Expr  (76)

	IDENTIFIER  shift 155
	.  error


state 114
	Receiver : Expr . '.'  (42)
	LValue : Expr . '[' Expr ']'  (45)
	Expr : Expr . '+' Expr  (50)
	Expr : Expr . '-' Expr  (51)
	Expr : Expr . '*' Expr  (52)
	Expr : Expr . '/' Expr  (53)
	Expr : Expr . '%' Expr  (54)
	Expr : Expr . EQUAL Expr  (55)
	Expr : Expr . NOT_EQUAL Expr  (56)
	Expr : Expr . '<' Expr  (57)
	Expr : Expr . '>' Expr  (58)
	Expr : Expr . LESS_EQUAL Expr  (59)
	Expr : Expr . GREATER_EQUAL Expr  (60)
	Expr : Expr . AND Expr  (61)
	Expr : Expr . OR Expr  (62)
	Expr : '(' Expr . ')'  (63)

	AND  shift 122
	OR  shift 123
	LESS_EQUAL  shift 124
	GREATER_EQUAL  shift 125
	EQUAL  shift 126
	NOT_EQUAL  shift 127
	'+'  shift 128
	'-'  shift 129
	'*'  shift 130
	'/'  shift 131
	'%'  shift 132
	'>'  shift 133
	'<'  shift 134
	'.'  shift 135
	')'  shift 156
	'['  shift 136
	.  error


state 115
	CaseExpr : CASE '(' . Expr ')' '{' ACaseExprList DefaultExpr '}'  (80)
	CaseExpr : CASE '(' . Expr ')' '{' DefaultExpr '}'  (81)
	Receiver : .  (43)

	NULL  shift 47
	THIS  shift 48
	SUPER  shift 51
	NEW  shift 55
	DCOPY  shift 57
	SCOPY  shift 58
	READ_INTEGER  shift 60
	READ_LINE  shift 61
	LITERAL  shift 63
	INSTANCEOF  shift 64
	'-'  shift 65
	'@'  shift 66
	'$'  shift 67
	'#'  shift 68
	'!'  shift 69
	'('  shift 70
	CASE  shift 72
	IDENTIFIER  reduce 43

	LValue  goto 94
	Expr  goto 157
	Call  goto 96
	Receiver  goto 88
	Constant  goto 89
	CaseExpr  goto 90


state 116
	Stmt : SimpleStmt ';' .  (29)

	.  reduce 29


state 117
	Stmt : ReturnStmt ';' .  (33)

	.  reduce 33


state 118
	Stmt : PrintStmt ';' .  (34)

	.  reduce 34


state 119
	Stmt : BreakStmt ';' .  (35)

	.  reduce 35


state 120
	Stmt : PrintCompStmt ';' .  (37)

	.  reduce 37


state 121
	SimpleStmt : LValue '=' . Expr  (39)
	Receiver : .  (43)

	NULL  shift 47
	THIS  shift 48
	SUPER  shift 51
	NEW  shift 55
	DCOPY  shift 57
	SCOPY  shift 58
	READ_INTEGER  shift 60
	READ_LINE  shift 61
	LITERAL  shift 63
	INSTANCEOF  shift 64
	'-'  shift 65
	'@'  shift 66
	'$'  shift 67
	'#'  shift 68
	'!'  shift 69
	'('  shift 70
	CASE  shift 72
	IDENTIFIER  reduce 43

	LValue  goto 94
	Expr  goto 158
	Call  goto 96
	Receiver  goto 88
	Constant  goto 89
	CaseExpr  goto 90


state 122
	Expr : Expr AND . Expr  (61)
	Receiver : .  (43)

	NULL  shift 47
	THIS  shift 48
	SUPER  shift 51
	NEW  shift 55
	DCOPY  shift 57
	SCOPY  shift 58
	READ_INTEGER  shift 60
	READ_LINE  shift 61
	LITERAL  shift 63
	INSTANCEOF  shift 64
	'-'  shift 65
	'@'  shift 66
	'$'  shift 67
	'#'  shift 68
	'!'  shift 69
	'('  shift 70
	CASE  shift 72
	IDENTIFIER  reduce 43

	LValue  goto 94
	Expr  goto 159
	Call  goto 96
	Receiver  goto 88
	Constant  goto 89
	CaseExpr  goto 90


state 123
	Expr : Expr OR . Expr  (62)
	Receiver : .  (43)

	NULL  shift 47
	THIS  shift 48
	SUPER  shift 51
	NEW  shift 55
	DCOPY  shift 57
	SCOPY  shift 58
	READ_INTEGER  shift 60
	READ_LINE  shift 61
	LITERAL  shift 63
	INSTANCEOF  shift 64
	'-'  shift 65
	'@'  shift 66
	'$'  shift 67
	'#'  shift 68
	'!'  shift 69
	'('  shift 70
	CASE  shift 72
	IDENTIFIER  reduce 43

	LValue  goto 94
	Expr  goto 160
	Call  goto 96
	Receiver  goto 88
	Constant  goto 89
	CaseExpr  goto 90


state 124
	Expr : Expr LESS_EQUAL . Expr  (59)
	Receiver : .  (43)

	NULL  shift 47
	THIS  shift 48
	SUPER  shift 51
	NEW  shift 55
	DCOPY  shift 57
	SCOPY  shift 58
	READ_INTEGER  shift 60
	READ_LINE  shift 61
	LITERAL  shift 63
	INSTANCEOF  shift 64
	'-'  shift 65
	'@'  shift 66
	'$'  shift 67
	'#'  shift 68
	'!'  shift 69
	'('  shift 70
	CASE  shift 72
	IDENTIFIER  reduce 43

	LValue  goto 94
	Expr  goto 161
	Call  goto 96
	Receiver  goto 88
	Constant  goto 89
	CaseExpr  goto 90


state 125
	Expr : Expr GREATER_EQUAL . Expr  (60)
	Receiver : .  (43)

	NULL  shift 47
	THIS  shift 48
	SUPER  shift 51
	NEW  shift 55
	DCOPY  shift 57
	SCOPY  shift 58
	READ_INTEGER  shift 60
	READ_LINE  shift 61
	LITERAL  shift 63
	INSTANCEOF  shift 64
	'-'  shift 65
	'@'  shift 66
	'$'  shift 67
	'#'  shift 68
	'!'  shift 69
	'('  shift 70
	CASE  shift 72
	IDENTIFIER  reduce 43

	LValue  goto 94
	Expr  goto 162
	Call  goto 96
	Receiver  goto 88
	Constant  goto 89
	CaseExpr  goto 90


state 126
	Expr : Expr EQUAL . Expr  (55)
	Receiver : .  (43)

	NULL  shift 47
	THIS  shift 48
	SUPER  shift 51
	NEW  shift 55
	DCOPY  shift 57
	SCOPY  shift 58
	READ_INTEGER  shift 60
	READ_LINE  shift 61
	LITERAL  shift 63
	INSTANCEOF  shift 64
	'-'  shift 65
	'@'  shift 66
	'$'  shift 67
	'#'  shift 68
	'!'  shift 69
	'('  shift 70
	CASE  shift 72
	IDENTIFIER  reduce 43

	LValue  goto 94
	Expr  goto 163
	Call  goto 96
	Receiver  goto 88
	Constant  goto 89
	CaseExpr  goto 90


state 127
	Expr : Expr NOT_EQUAL . Expr  (56)
	Receiver : .  (43)

	NULL  shift 47
	THIS  shift 48
	SUPER  shift 51
	NEW  shift 55
	DCOPY  shift 57
	SCOPY  shift 58
	READ_INTEGER  shift 60
	READ_LINE  shift 61
	LITERAL  shift 63
	INSTANCEOF  shift 64
	'-'  shift 65
	'@'  shift 66
	'$'  shift 67
	'#'  shift 68
	'!'  shift 69
	'('  shift 70
	CASE  shift 72
	IDENTIFIER  reduce 43

	LValue  goto 94
	Expr  goto 164
	Call  goto 96
	Receiver  goto 88
	Constant  goto 89
	CaseExpr  goto 90


state 128
	Expr : Expr '+' . Expr  (50)
	Receiver : .  (43)

	NULL  shift 47
	THIS  shift 48
	SUPER  shift 51
	NEW  shift 55
	DCOPY  shift 57
	SCOPY  shift 58
	READ_INTEGER  shift 60
	READ_LINE  shift 61
	LITERAL  shift 63
	INSTANCEOF  shift 64
	'-'  shift 65
	'@'  shift 66
	'$'  shift 67
	'#'  shift 68
	'!'  shift 69
	'('  shift 70
	CASE  shift 72
	IDENTIFIER  reduce 43

	LValue  goto 94
	Expr  goto 165
	Call  goto 96
	Receiver  goto 88
	Constant  goto 89
	CaseExpr  goto 90


state 129
	Expr : Expr '-' . Expr  (51)
	Receiver : .  (43)

	NULL  shift 47
	THIS  shift 48
	SUPER  shift 51
	NEW  shift 55
	DCOPY  shift 57
	SCOPY  shift 58
	READ_INTEGER  shift 60
	READ_LINE  shift 61
	LITERAL  shift 63
	INSTANCEOF  shift 64
	'-'  shift 65
	'@'  shift 66
	'$'  shift 67
	'#'  shift 68
	'!'  shift 69
	'('  shift 70
	CASE  shift 72
	IDENTIFIER  reduce 43

	LValue  goto 94
	Expr  goto 166
	Call  goto 96
	Receiver  goto 88
	Constant  goto 89
	CaseExpr  goto 90


state 130
	Expr : Expr '*' . Expr  (52)
	Receiver : .  (43)

	NULL  shift 47
	THIS  shift 48
	SUPER  shift 51
	NEW  shift 55
	DCOPY  shift 57
	SCOPY  shift 58
	READ_INTEGER  shift 60
	READ_LINE  shift 61
	LITERAL  shift 63
	INSTANCEOF  shift 64
	'-'  shift 65
	'@'  shift 66
	'$'  shift 67
	'#'  shift 68
	'!'  shift 69
	'('  shift 70
	CASE  shift 72
	IDENTIFIER  reduce 43

	LValue  goto 94
	Expr  goto 167
	Call  goto 96
	Receiver  goto 88
	Constant  goto 89
	CaseExpr  goto 90


state 131
	Expr : Expr '/' . Expr  (53)
	Receiver : .  (43)

	NULL  shift 47
	THIS  shift 48
	SUPER  shift 51
	NEW  shift 55
	DCOPY  shift 57
	SCOPY  shift 58
	READ_INTEGER  shift 60
	READ_LINE  shift 61
	LITERAL  shift 63
	INSTANCEOF  shift 64
	'-'  shift 65
	'@'  shift 66
	'$'  shift 67
	'#'  shift 68
	'!'  shift 69
	'('  shift 70
	CASE  shift 72
	IDENTIFIER  reduce 43

	LValue  goto 94
	Expr  goto 168
	Call  goto 96
	Receiver  goto 88
	Constant  goto 89
	CaseExpr  goto 90


state 132
	Expr : Expr '%' . Expr  (54)
	Receiver : .  (43)

	NULL  shift 47
	THIS  shift 48
	SUPER  shift 51
	NEW  shift 55
	DCOPY  shift 57
	SCOPY  shift 58
	READ_INTEGER  shift 60
	READ_LINE  shift 61
	LITERAL  shift 63
	INSTANCEOF  shift 64
	'-'  shift 65
	'@'  shift 66
	'$'  shift 67
	'#'  shift 68
	'!'  shift 69
	'('  shift 70
	CASE  shift 72
	IDENTIFIER  reduce 43

	LValue  goto 94
	Expr  goto 169
	Call  goto 96
	Receiver  goto 88
	Constant  goto 89
	CaseExpr  goto 90


state 133
	Expr : Expr '>' . Expr  (58)
	Receiver : .  (43)

	NULL  shift 47
	THIS  shift 48
	SUPER  shift 51
	NEW  shift 55
	DCOPY  shift 57
	SCOPY  shift 58
	READ_INTEGER  shift 60
	READ_LINE  shift 61
	LITERAL  shift 63
	INSTANCEOF  shift 64
	'-'  shift 65
	'@'  shift 66
	'$'  shift 67
	'#'  shift 68
	'!'  shift 69
	'('  shift 70
	CASE  shift 72
	IDENTIFIER  reduce 43

	LValue  goto 94
	Expr  goto 170
	Call  goto 96
	Receiver  goto 88
	Constant  goto 89
	CaseExpr  goto 90


state 134
	Expr : Expr '<' . Expr  (57)
	Receiver : .  (43)

	NULL  shift 47
	THIS  shift 48
	SUPER  shift 51
	NEW  shift 55
	DCOPY  shift 57
	SCOPY  shift 58
	READ_INTEGER  shift 60
	READ_LINE  shift 61
	LITERAL  shift 63
	INSTANCEOF  shift 64
	'-'  shift 65
	'@'  shift 66
	'$'  shift 67
	'#'  shift 68
	'!'  shift 69
	'('  shift 70
	CASE  shift 72
	IDENTIFIER  reduce 43

	LValue  goto 94
	Expr  goto 171
	Call  goto 96
	Receiver  goto 88
	Constant  goto 89
	CaseExpr  goto 90


state 135
	Receiver : Expr '.' .  (42)

	.  reduce 42


state 136
	LValue : Expr '[' . Expr ']'  (45)
	Receiver : .  (43)

	NULL  shift 47
	THIS  shift 48
	SUPER  shift 51
	NEW  shift 55
	DCOPY  shift 57
	SCOPY  shift 58
	READ_INTEGER  shift 60
	READ_LINE  shift 61
	LITERAL  shift 63
	INSTANCEOF  shift 64
	'-'  shift 65
	'@'  shift 66
	'$'  shift 67
	'#'  shift 68
	'!'  shift 69
	'('  shift 70
	CASE  shift 72
	IDENTIFIER  reduce 43

	LValue  goto 94
	Expr  goto 172
	Call  goto 96
	Receiver  goto 88
	Constant  goto 89
	CaseExpr  goto 90


state 137
	LValue : Receiver IDENTIFIER .  (44)
	Call : Receiver IDENTIFIER . '(' Actuals ')'  (46)

	'('  shift 173
	AND  reduce 44
	OR  reduce 44
	LESS_EQUAL  reduce 44
	GREATER_EQUAL  reduce 44
	EQUAL  reduce 44
	NOT_EQUAL  reduce 44
	'+'  reduce 44
	'-'  reduce 44
	'*'  reduce 44
	'/'  reduce 44
	'%'  reduce 44
	'='  reduce 44
	'>'  reduce 44
	'<'  reduce 44
	'.'  reduce 44
	':'  reduce 44
	','  reduce 44
	';'  reduce 44
	')'  reduce 44
	'['  reduce 44
	']'  reduce 44


state 138
	Receiver : Expr . '.'  (42)
	LValue : Expr . '[' Expr ']'  (45)
	Expr : Expr . '+' Expr  (50)
	Expr : Expr . '-' Expr  (51)
	Expr : Expr . '*' Expr  (52)
	Expr : Expr . '/' Expr  (53)
	Expr : Expr . '%' Expr  (54)
	Expr : Expr . EQUAL Expr  (55)
	Expr : Expr . NOT_EQUAL Expr  (56)
	Expr : Expr . '<' Expr  (57)
	Expr : Expr . '>' Expr  (58)
	Expr : Expr . LESS_EQUAL Expr  (59)
	Expr : Expr . GREATER_EQUAL Expr  (60)
	Expr : Expr . AND Expr  (61)
	Expr : Expr . OR Expr  (62)
	WhileStmt : WHILE '(' Expr . ')' Stmt  (92)

	AND  shift 122
	OR  shift 123
	LESS_EQUAL  shift 124
	GREATER_EQUAL  shift 125
	EQUAL  shift 126
	NOT_EQUAL  shift 127
	'+'  shift 128
	'-'  shift 129
	'*'  shift 130
	'/'  shift 131
	'%'  shift 132
	'>'  shift 133
	'<'  shift 134
	'.'  shift 135
	')'  shift 174
	'['  shift 136
	.  error


state 139
	ForStmt : FOR '(' SimpleStmt . ';' Expr ';' SimpleStmt ')' Stmt  (93)

	';'  shift 175
	.  error


state 140
	Receiver : Expr . '.'  (42)
	LValue : Expr . '[' Expr ']'  (45)
	Expr : Expr . '+' Expr  (50)
	Expr : Expr . '-' Expr  (51)
	Expr : Expr . '*' Expr  (52)
	Expr : Expr . '/' Expr  (53)
	Expr : Expr . '%' Expr  (54)
	Expr : Expr . EQUAL Expr  (55)
	Expr : Expr . NOT_EQUAL Expr  (56)
	Expr : Expr . '<' Expr  (57)
	Expr : Expr . '>' Expr  (58)
	Expr : Expr . LESS_EQUAL Expr  (59)
	Expr : Expr . GREATER_EQUAL Expr  (60)
	Expr : Expr . AND Expr  (61)
	Expr : Expr . OR Expr  (62)
	IfStmt : IF '(' Expr . ')' Stmt ElseClause  (95)

	AND  shift 122
	OR  shift 123
	LESS_EQUAL  shift 124
	GREATER_EQUAL  shift 125
	EQUAL  shift 126
	NOT_EQUAL  shift 127
	'+'  shift 128
	'-'  shift 129
	'*'  shift 130
	'/'  shift 131
	'%'  shift 132
	'>'  shift 133
	'<'  shift 134
	'.'  shift 135
	')'  shift 176
	'['  shift 136
	.  error


state 141
	Expr : NEW IDENTIFIER '(' . ')'  (73)

	')'  shift 177
	.  error


state 142
	Type : Type '[' . ']'  (12)
	Expr : NEW Type '[' . Expr ']'  (74)
	Receiver : .  (43)

	NULL  shift 47
	THIS  shift 48
	SUPER  shift 51
	NEW  shift 55
	DCOPY  shift 57
	SCOPY  shift 58
	READ_INTEGER  shift 60
	READ_LINE  shift 61
	LITERAL  shift 63
	INSTANCEOF  shift 64
	'-'  shift 65
	'@'  shift 66
	'$'  shift 67
	'#'  shift 68
	'!'  shift 69
	'('  shift 70
	']'  shift 31
	CASE  shift 72
	IDENTIFIER  reduce 43

	LValue  goto 94
	Expr  goto 178
	Call  goto 96
	Receiver  goto 88
	Constant  goto 89
	CaseExpr  goto 90


state 143
	Receiver : Expr . '.'  (42)
	LValue : Expr . '[' Expr ']'  (45)
	Expr : Expr . '+' Expr  (50)
	Expr : Expr . '-' Expr  (51)
	Expr : Expr . '*' Expr  (52)
	Expr : Expr . '/' Expr  (53)
	Expr : Expr . '%' Expr  (54)
	Expr : Expr . EQUAL Expr  (55)
	Expr : Expr . NOT_EQUAL Expr  (56)
	Expr : Expr . '<' Expr  (57)
	Expr : Expr . '>' Expr  (58)
	Expr : Expr . LESS_EQUAL Expr  (59)
	Expr : Expr . GREATER_EQUAL Expr  (60)
	Expr : Expr . AND Expr  (61)
	Expr : Expr . OR Expr  (62)
	DoSubStmt : Expr . ':' Stmt  (102)

	AND  shift 122
	OR  shift 123
	LESS_EQUAL  shift 124
	GREATER_EQUAL  shift 125
	EQUAL  shift 126
	NOT_EQUAL  shift 127
	'+'  shift 128
	'-'  shift 129
	'*'  shift 130
	'/'  shift 131
	'%'  shift 132
	'>'  shift 133
	'<'  shift 134
	'.'  shift 135
	':'  shift 179
	'['  shift 136
	.  error


state 144
	DoBranch : DoSubStmt . VERTS  (103)
	DoList : DoBranchList DoSubStmt .  (106)

	VERTS  shift 180
	OD  reduce 106


state 145
	DoBranchList : DoBranchList DoBranch .  (104)

	.  reduce 104


state 146
	DoStmt : DO DoList OD . ';'  (107)

	';'  shift 181
	.  error


state 147
	Receiver : Expr . '.'  (42)
	LValue : Expr . '[' Expr ']'  (45)
	Expr : Expr . '+' Expr  (50)
	Expr : Expr . '-' Expr  (51)
	Expr : Expr . '*' Expr  (52)
	Expr : Expr . '/' Expr  (53)
	Expr : Expr . '%' Expr  (54)
	Expr : Expr . EQUAL Expr  (55)
	Expr : Expr . NOT_EQUAL Expr  (56)
	Expr : Expr . '<' Expr  (57)
	Expr : Expr . '>' Expr  (58)
	Expr : Expr . LESS_EQUAL Expr  (59)
	Expr : Expr . GREATER_EQUAL Expr  (60)
	Expr : Expr . AND Expr  (61)
	Expr : Expr . OR Expr  (62)
	Expr : DCOPY '(' Expr . ')'  (78)

	AND  shift 122
	OR  shift 123
	LESS_EQUAL  shift 124
	GREATER_EQUAL  shift 125
	EQUAL  shift 126
	NOT_EQUAL  shift 127
	'+'  shift 128
	'-'  shift 129
	'*'  shift 130
	'/'  shift 131
	'%'  shift 132
	'>'  shift 133
	'<'  shift 134
	'.'  shift 135
	')'  shift 182
	'['  shift 136
	.  error


state 148
	Receiver : Expr . '.'  (42)
	LValue : Expr . '[' Expr ']'  (45)
	Expr : Expr . '+' Expr  (50)
	Expr : Expr . '-' Expr  (51)
	Expr : Expr . '*' Expr  (52)
	Expr : Expr . '/' Expr  (53)
	Expr : Expr . '%' Expr  (54)
	Expr : Expr . EQUAL Expr  (55)
	Expr : Expr . NOT_EQUAL Expr  (56)
	Expr : Expr . '<' Expr  (57)
	Expr : Expr . '>' Expr  (58)
	Expr : Expr . LESS_EQUAL Expr  (59)
	Expr : Expr . GREATER_EQUAL Expr  (60)
	Expr : Expr . AND Expr  (61)
	Expr : Expr . OR Expr  (62)
	Expr : SCOPY '(' Expr . ')'  (79)

	AND  shift 122
	OR  shift 123
	LESS_EQUAL  shift 124
	GREATER_EQUAL  shift 125
	EQUAL  shift 126
	NOT_EQUAL  shift 127
	'+'  shift 128
	'-'  shift 129
	'*'  shift 130
	'/'  shift 131
	'%'  shift 132
	'>'  shift 133
	'<'  shift 134
	'.'  shift 135
	')'  shift 183
	'['  shift 136
	.  error


state 149
	Receiver : Expr . '.'  (42)
	LValue : Expr . '[' Expr ']'  (45)
	Expr : Expr . '+' Expr  (50)
	Expr : Expr . '-' Expr  (51)
	Expr : Expr . '*' Expr  (52)
	Expr : Expr . '/' Expr  (53)
	Expr : Expr . '%' Expr  (54)
	Expr : Expr . EQUAL Expr  (55)
	Expr : Expr . NOT_EQUAL Expr  (56)
	Expr : Expr . '<' Expr  (57)
	Expr : Expr . '>' Expr  (58)
	Expr : Expr . LESS_EQUAL Expr  (59)
	Expr : Expr . GREATER_EQUAL Expr  (60)
	Expr : Expr . AND Expr  (61)
	Expr : Expr . OR Expr  (62)
	ExprList : Expr .  (91)

	AND  shift 122
	OR  shift 123
	LESS_EQUAL  shift 124
	GREATER_EQUAL  shift 125
	EQUAL  shift 126
	NOT_EQUAL  shift 127
	'+'  shift 128
	'-'  shift 129
	'*'  shift 130
	'/'  shift 131
	'%'  shift 132
	'>'  shift 133
	'<'  shift 134
	'.'  shift 135
	'['  shift 136
	','  reduce 91
	')'  reduce 91


state 150
	ExprList : ExprList . ',' Expr  (90)
	PrintStmt : PRINT '(' ExprList . ')'  (100)

	','  shift 184
	')'  shift 185
	.  error


state 151
	Expr : READ_INTEGER '(' ')' .  (69)

	.  reduce 69


state 152
	Expr : READ_LINE '(' ')' .  (70)

	.  reduce 70


state 153
	ExprList : ExprList . ',' Expr  (90)
	PrintCompStmt : PRINTCOMP '(' ExprList . ')'  (101)

	','  shift 184
	')'  shift 186
	.  error


state 154
	Receiver : Expr . '.'  (42)
	LValue : Expr . '[' Expr ']'  (45)
	Expr : Expr . '+' Expr  (50)
	Expr : Expr . '-' Expr  (51)
	Expr : Expr . '*' Expr  (52)
	Expr : Expr . '/' Expr  (53)
	Expr : Expr . '%' Expr  (54)
	Expr : Expr . EQUAL Expr  (55)
	Expr : Expr . NOT_EQUAL Expr  (56)
	Expr : Expr . '<' Expr  (57)
	Expr : Expr . '>' Expr  (58)
	Expr : Expr . LESS_EQUAL Expr  (59)
	Expr : Expr . GREATER_EQUAL Expr  (60)
	Expr : Expr . AND Expr  (61)
	Expr : Expr . OR Expr  (62)
	Expr : INSTANCEOF '(' Expr . ',' IDENTIFIER ')'  (75)

	AND  shift 122
	OR  shift 123
	LESS_EQUAL  shift 124
	GREATER_EQUAL  shift 125
	EQUAL  shift 126
	NOT_EQUAL  shift 127
	'+'  shift 128
	'-'  shift 129
	'*'  shift 130
	'/'  shift 131
	'%'  shift 132
	'>'  shift 133
	'<'  shift 134
	'.'  shift 135
	','  shift 187
	'['  shift 136
	.  error


state 155
	Expr : '(' CLASS IDENTIFIER . ')' Expr  (76)

	')'  shift 188
	.  error


state 156
	Expr : '(' Expr ')' .  (63)

	.  reduce 63


state 157
	Receiver : Expr . '.'  (42)
	LValue : Expr . '[' Expr ']'  (45)
	Expr : Expr . '+' Expr  (50)
	Expr : Expr . '-' Expr  (51)
	Expr : Expr . '*' Expr  (52)
	Expr : Expr . '/' Expr  (53)
	Expr : Expr . '%' Expr  (54)
	Expr : Expr . EQUAL Expr  (55)
	Expr : Expr . NOT_EQUAL Expr  (56)
	Expr : Expr . '<' Expr  (57)
	Expr : Expr . '>' Expr  (58)
	Expr : Expr . LESS_EQUAL Expr  (59)
	Expr : Expr . GREATER_EQUAL Expr  (60)
	Expr : Expr . AND Expr  (61)
	Expr : Expr . OR Expr  (62)
	CaseExpr : CASE '(' Expr . ')' '{' ACaseExprList DefaultExpr '}'  (80)
	CaseExpr : CASE '(' Expr . ')' '{' DefaultExpr '}'  (81)

	AND  shift 122
	OR  shift 123
	LESS_EQUAL  shift 124
	GREATER_EQUAL  shift 125
	EQUAL  shift 126
	NOT_EQUAL  shift 127
	'+'  shift 128
	'-'  shift 129
	'*'  shift 130
	'/'  shift 131
	'%'  shift 132
	'>'  shift 133
	'<'  shift 134
	'.'  shift 135
	')'  shift 189
	'['  shift 136
	.  error


state 158
	SimpleStmt : LValue '=' Expr .  (39)
	Receiver : Expr . '.'  (42)
	LValue : Expr . '[' Expr ']'  (45)
	Expr : Expr . '+' Expr  (50)
	Expr : Expr . '-' Expr  (51)
	Expr : Expr . '*' Expr  (52)
	Expr : Expr . '/' Expr  (53)
	Expr : Expr . '%' Expr  (54)
	Expr : Expr . EQUAL Expr  (55)
	Expr : Expr . NOT_EQUAL Expr  (56)
	Expr : Expr . '<' Expr  (57)
	Expr : Expr . '>' Expr  (58)
	Expr : Expr . LESS_EQUAL Expr  (59)
	Expr : Expr . GREATER_EQUAL Expr  (60)
	Expr : Expr . AND Expr  (61)
	Expr : Expr . OR Expr  (62)

	AND  shift 122
	OR  shift 123
	LESS_EQUAL  shift 124
	GREATER_EQUAL  shift 125
	EQUAL  shift 126
	NOT_EQUAL  shift 127
	'+'  shift 128
	'-'  shift 129
	'*'  shift 130
	'/'  shift 131
	'%'  shift 132
	'>'  shift 133
	'<'  shift 134
	'.'  shift 135
	'['  shift 136
	';'  reduce 39
	')'  reduce 39


state 159
	Receiver : Expr . '.'  (42)
	LValue : Expr . '[' Expr ']'  (45)
	Expr : Expr . '+' Expr  (50)
	Expr : Expr . '-' Expr  (51)
	Expr : Expr . '*' Expr  (52)
	Expr : Expr . '/' Expr  (53)
	Expr : Expr . '%' Expr  (54)
	Expr : Expr . EQUAL Expr  (55)
	Expr : Expr . NOT_EQUAL Expr  (56)
	Expr : Expr . '<' Expr  (57)
	Expr : Expr . '>' Expr  (58)
	Expr : Expr . LESS_EQUAL Expr  (59)
	Expr : Expr . GREATER_EQUAL Expr  (60)
	Expr : Expr . AND Expr  (61)
	Expr : Expr AND Expr .  (61)
	Expr : Expr . OR Expr  (62)

	LESS_EQUAL  shift 124
	GREATER_EQUAL  shift 125
	EQUAL  shift 126
	NOT_EQUAL  shift 127
	'+'  shift 128
	'-'  shift 129
	'*'  shift 130
	'/'  shift 131
	'%'  shift 132
	'>'  shift 133
	'<'  shift 134
	'.'  shift 135
	'['  shift 136
	AND  reduce 61
	OR  reduce 61
	':'  reduce 61
	','  reduce 61
	';'  reduce 61
	')'  reduce 61
	']'  reduce 61


state 160
	Receiver : Expr . '.'  (42)
	LValue : Expr . '[' Expr ']'  (45)
	Expr : Expr . '+' Expr  (50)
	Expr : Expr . '-' Expr  (51)
	Expr : Expr . '*' Expr  (52)
	Expr : Expr . '/' Expr  (53)
	Expr : Expr . '%' Expr  (54)
	Expr : Expr . EQUAL Expr  (55)
	Expr : Expr . NOT_EQUAL Expr  (56)
	Expr : Expr . '<' Expr  (57)
	Expr : Expr . '>' Expr  (58)
	Expr : Expr . LESS_EQUAL Expr  (59)
	Expr : Expr . GREATER_EQUAL Expr  (60)
	Expr : Expr . AND Expr  (61)
	Expr : Expr . OR Expr  (62)
	Expr : Expr OR Expr .  (62)

	AND  shift 122
	LESS_EQUAL  shift 124
	GREATER_EQUAL  shift 125
	EQUAL  shift 126
	NOT_EQUAL  shift 127
	'+'  shift 128
	'-'  shift 129
	'*'  shift 130
	'/'  shift 131
	'%'  shift 132
	'>'  shift 133
	'<'  shift 134
	'.'  shift 135
	'['  shift 136
	OR  reduce 62
	':'  reduce 62
	','  reduce 62
	';'  reduce 62
	')'  reduce 62
	']'  reduce 62


state 161
	Receiver : Expr . '.'  (42)
	LValue : Expr . '[' Expr ']'  (45)
	Expr : Expr . '+' Expr  (50)
	Expr : Expr . '-' Expr  (51)
	Expr : Expr . '*' Expr  (52)
	Expr : Expr . '/' Expr  (53)
	Expr : Expr . '%' Expr  (54)
	Expr : Expr . EQUAL Expr  (55)
	Expr : Expr . NOT_EQUAL Expr  (56)
	Expr : Expr . '<' Expr  (57)
	Expr : Expr . '>' Expr  (58)
	Expr : Expr . LESS_EQUAL Expr  (59)
	Expr : Expr LESS_EQUAL Expr .  (59)
	Expr : Expr . GREATER_EQUAL Expr  (60)
	Expr : Expr . AND Expr  (61)
	Expr : Expr . OR Expr  (62)

	'+'  shift 128
	'-'  shift 129
	'*'  shift 130
	'/'  shift 131
	'%'  shift 132
	'.'  shift 135
	'['  shift 136
	AND  reduce 59
	OR  reduce 59
	EQUAL  reduce 59
	NOT_EQUAL  reduce 59
	':'  reduce 59
	','  reduce 59
	';'  reduce 59
	')'  reduce 59
	']'  reduce 59


state 162
	Receiver : Expr . '.'  (42)
	LValue : Expr . '[' Expr ']'  (45)
	Expr : Expr . '+' Expr  (50)
	Expr : Expr . '-' Expr  (51)
	Expr : Expr . '*' Expr  (52)
	Expr : Expr . '/' Expr  (53)
	Expr : Expr . '%' Expr  (54)
	Expr : Expr . EQUAL Expr  (55)
	Expr : Expr . NOT_EQUAL Expr  (56)
	Expr : Expr . '<' Expr  (57)
	Expr : Expr . '>' Expr  (58)
	Expr : Expr . LESS_EQUAL Expr  (59)
	Expr : Expr . GREATER_EQUAL Expr  (60)
	Expr : Expr GREATER_EQUAL Expr .  (60)
	Expr : Expr . AND Expr  (61)
	Expr : Expr . OR Expr  (62)

	'+'  shift 128
	'-'  shift 129
	'*'  shift 130
	'/'  shift 131
	'%'  shift 132
	'.'  shift 135
	'['  shift 136
	AND  reduce 60
	OR  reduce 60
	EQUAL  reduce 60
	NOT_EQUAL  reduce 60
	':'  reduce 60
	','  reduce 60
	';'  reduce 60
	')'  reduce 60
	']'  reduce 60


state 163
	Receiver : Expr . '.'  (42)
	LValue : Expr . '[' Expr ']'  (45)
	Expr : Expr . '+' Expr  (50)
	Expr : Expr . '-' Expr  (51)
	Expr : Expr . '*' Expr  (52)
	Expr : Expr . '/' Expr  (53)
	Expr : Expr . '%' Expr  (54)
	Expr : Expr . EQUAL Expr  (55)
	Expr : Expr EQUAL Expr .  (55)
	Expr : Expr . NOT_EQUAL Expr  (56)
	Expr : Expr . '<' Expr  (57)
	Expr : Expr . '>' Expr  (58)
	Expr : Expr . LESS_EQUAL Expr  (59)
	Expr : Expr . GREATER_EQUAL Expr  (60)
	Expr : Expr . AND Expr  (61)
	Expr : Expr . OR Expr  (62)

	LESS_EQUAL  shift 124
	GREATER_EQUAL  shift 125
	'+'  shift 128
	'-'  shift 129
	'*'  shift 130
	'/'  shift 131
	'%'  shift 132
	'>'  shift 133
	'<'  shift 134
	'.'  shift 135
	'['  shift 136
	AND  reduce 55
	OR  reduce 55
	':'  reduce 55
	','  reduce 55
	';'  reduce 55
	')'  reduce 55
	']'  reduce 55


state 164
	Receiver : Expr . '.'  (42)
	LValue : Expr . '[' Expr ']'  (45)
	Expr : Expr . '+' Expr  (50)
	Expr : Expr . '-' Expr  (51)
	Expr : Expr . '*' Expr  (52)
	Expr : Expr . '/' Expr  (53)
	Expr : Expr . '%' Expr  (54)
	Expr : Expr . EQUAL Expr  (55)
	Expr : Expr . NOT_EQUAL Expr  (56)
	Expr : Expr NOT_EQUAL Expr .  (56)
	Expr : Expr . '<' Expr  (57)
	Expr : Expr . '>' Expr  (58)
	Expr : Expr . LESS_EQUAL Expr  (59)
	Expr : Expr . GREATER_EQUAL Expr  (60)
	Expr : Expr . AND Expr  (61)
	Expr : Expr . OR Expr  (62)

	LESS_EQUAL  shift 124
	GREATER_EQUAL  shift 125
	'+'  shift 128
	'-'  shift 129
	'*'  shift 130
	'/'  shift 131
	'%'  shift 132
	'>'  shift 133
	'<'  shift 134
	'.'  shift 135
	'['  shift 136
	AND  reduce 56
	OR  reduce 56
	':'  reduce 56
	','  reduce 56
	';'  reduce 56
	')'  reduce 56
	']'  reduce 56


state 165
	Receiver : Expr . '.'  (42)
	LValue : Expr . '[' Expr ']'  (45)
	Expr : Expr . '+' Expr  (50)
	Expr : Expr '+' Expr .  (50)
	Expr : Expr . '-' Expr  (51)
	Expr : Expr . '*' Expr  (52)
	Expr : Expr . '/' Expr  (53)
	Expr : Expr . '%' Expr  (54)
	Expr : Expr . EQUAL Expr  (55)
	Expr : Expr . NOT_EQUAL Expr  (56)
	Expr : Expr . '<' Expr  (57)
	Expr : Expr . '>' Expr  (58)
	Expr : Expr . LESS_EQUAL Expr  (59)
	Expr : Expr . GREATER_EQUAL Expr  (60)
	Expr : Expr . AND Expr  (61)
	Expr : Expr . OR Expr  (62)

	'*'  shift 130
	'/'  shift 131
	'%'  shift 132
	'.'  shift 135
	'['  shift 136
	AND  reduce 50
	OR  reduce 50
	LESS_EQUAL  reduce 50
	GREATER_EQUAL  reduce 50
	EQUAL  reduce 50
	NOT_EQUAL  reduce 50
	'+'  reduce 50
	'-'  reduce 50
	'>'  reduce 50
	'<'  reduce 50
	':'  reduce 50
	','  reduce 50
	';'  reduce 50
	')'  reduce 50
	']'  reduce 50


state 166
	Receiver : Expr . '.'  (42)
	LValue : Expr . '[' Expr ']'  (45)
	Expr : Expr . '+' Expr  (50)
	Expr : Expr . '-' Expr  (51)
	Expr : Expr '-' Expr .  (51)
	Expr : Expr . '*' Expr  (52)
	Expr : Expr . '/' Expr  (53)
	Expr : Expr . '%' Expr  (54)
	Expr : Expr . EQUAL Expr  (55)
	Expr : Expr . NOT_EQUAL Expr  (56)
	Expr : Expr . '<' Expr  (57)
	Expr : Expr . '>' Expr  (58)
	Expr : Expr . LESS_EQUAL Expr  (59)
	Expr : Expr . GREATER_EQUAL Expr  (60)
	Expr : Expr . AND Expr  (61)
	Expr : Expr . OR Expr  (62)

	'*'  shift 130
	'/'  shift 131
	'%'  shift 132
	'.'  shift 135
	'['  shift 136
	AND  reduce 51
	OR  reduce 51
	LESS_EQUAL  reduce 51
	GREATER_EQUAL  reduce 51
	EQUAL  reduce 51
	NOT_EQUAL  reduce 51
	'+'  reduce 51
	'-'  reduce 51
	'>'  reduce 51
	'<'  reduce 51
	':'  reduce 51
	','  reduce 51
	';'  reduce 51
	')'  reduce 51
	']'  reduce 51


state 167
	Receiver : Expr . '.'  (42)
	LValue : Expr . '[' Expr ']'  (45)
	Expr : Expr . '+' Expr  (50)
	Expr : Expr . '-' Expr  (51)
	Expr : Expr . '*' Expr  (52)
	Expr : Expr '*' Expr .  (52)
	Expr : Expr . '/' Expr  (53)
	Expr : Expr . '%' Expr  (54)
	Expr : Expr . EQUAL Expr  (55)
	Expr : Expr . NOT_EQUAL Expr  (56)
	Expr : Expr . '<' Expr  (57)
	Expr : Expr . '>' Expr  (58)
	Expr : Expr . LESS_EQUAL Expr  (59)
	Expr : Expr . GREATER_EQUAL Expr  (60)
	Expr : Expr . AND Expr  (61)
	Expr : Expr . OR Expr  (62)

	'.'  shift 135
	'['  shift 136
	AND  reduce 52
	OR  reduce 52
	LESS_EQUAL  reduce 52
	GREATER_EQUAL  reduce 52
	EQUAL  reduce 52
	NOT_EQUAL  reduce 52
	'+'  reduce 52
	'-'  reduce 52
	'*'  reduce 52
	'/'  reduce 52
	'%'  reduce 52
	'>'  reduce 52
	'<'  reduce 52
	':'  reduce 52
	','  reduce 52
	';'  reduce 52
	')'  reduce 52
	']'  reduce 52


state 168
	Receiver : Expr . '.'  (42)
	LValue : Expr . '[' Expr ']'  (45)
	Expr : Expr . '+' Expr  (50)
	Expr : Expr . '-' Expr  (51)
	Expr : Expr . '*' Expr  (52)
	Expr : Expr . '/' Expr  (53)
	Expr : Expr '/' Expr .  (53)
	Expr : Expr . '%' Expr  (54)
	Expr : Expr . EQUAL Expr  (55)
	Expr : Expr . NOT_EQUAL Expr  (56)
	Expr : Expr . '<' Expr  (57)
	Expr : Expr . '>' Expr  (58)
	Expr : Expr . LESS_EQUAL Expr  (59)
	Expr : Expr . GREATER_EQUAL Expr  (60)
	Expr : Expr . AND Expr  (61)
	Expr : Expr . OR Expr  (62)

	'.'  shift 135
	'['  shift 136
	AND  reduce 53
	OR  reduce 53
	LESS_EQUAL  reduce 53
	GREATER_EQUAL  reduce 53
	EQUAL  reduce 53
	NOT_EQUAL  reduce 53
	'+'  reduce 53
	'-'  reduce 53
	'*'  reduce 53
	'/'  reduce 53
	'%'  reduce 53
	'>'  reduce 53
	'<'  reduce 53
	':'  reduce 53
	','  reduce 53
	';'  reduce 53
	')'  reduce 53
	']'  reduce 53


state 169
	Receiver : Expr . '.'  (42)
	LValue : Expr . '[' Expr ']'  (45)
	Expr : Expr . '+' Expr  (50)
	Expr : Expr . '-' Expr  (51)
	Expr : Expr . '*' Expr  (52)
	Expr : Expr . '/' Expr  (53)
	Expr : Expr . '%' Expr  (54)
	Expr : Expr '%' Expr .  (54)
	Expr : Expr . EQUAL Expr  (55)
	Expr : Expr . NOT_EQUAL Expr  (56)
	Expr : Expr . '<' Expr  (57)
	Expr : Expr . '>' Expr  (58)
	Expr : Expr . LESS_EQUAL Expr  (59)
	Expr : Expr . GREATER_EQUAL Expr  (60)
	Expr : Expr . AND Expr  (61)
	Expr : Expr . OR Expr  (62)

	'.'  shift 135
	'['  shift 136
	AND  reduce 54
	OR  reduce 54
	LESS_EQUAL  reduce 54
	GREATER_EQUAL  reduce 54
	EQUAL  reduce 54
	NOT_EQUAL  reduce 54
	'+'  reduce 54
	'-'  reduce 54
	'*'  reduce 54
	'/'  reduce 54
	'%'  reduce 54
	'>'  reduce 54
	'<'  reduce 54
	':'  reduce 54
	','  reduce 54
	';'  reduce 54
	')'  reduce 54
	']'  reduce 54


state 170
	Receiver : Expr . '.'  (42)
	LValue : Expr . '[' Expr ']'  (45)
	Expr : Expr . '+' Expr  (50)
	Expr : Expr . '-' Expr  (51)
	Expr : Expr . '*' Expr  (52)
	Expr : Expr . '/' Expr  (53)
	Expr : Expr . '%' Expr  (54)
	Expr : Expr . EQUAL Expr  (55)
	Expr : Expr . NOT_EQUAL Expr  (56)
	Expr : Expr . '<' Expr  (57)
	Expr : Expr . '>' Expr  (58)
	Expr : Expr '>' Expr .  (58)
	Expr : Expr . LESS_EQUAL Expr  (59)
	Expr : Expr . GREATER_EQUAL Expr  (60)
	Expr : Expr . AND Expr  (61)
	Expr : Expr . OR Expr  (62)

	'+'  shift 128
	'-'  shift 129
	'*'  shift 130
	'/'  shift 131
	'%'  shift 132
	'.'  shift 135
	'['  shift 136
	AND  reduce 58
	OR  reduce 58
	EQUAL  reduce 58
	NOT_EQUAL  reduce 58
	':'  reduce 58
	','  reduce 58
	';'  reduce 58
	')'  reduce 58
	']'  reduce 58


state 171
	Receiver : Expr . '.'  (42)
	LValue : Expr . '[' Expr ']'  (45)
	Expr : Expr . '+' Expr  (50)
	Expr : Expr . '-' Expr  (51)
	Expr : Expr . '*' Expr  (52)
	Expr : Expr . '/' Expr  (53)
	Expr : Expr . '%' Expr  (54)
	Expr : Expr . EQUAL Expr  (55)
	Expr : Expr . NOT_EQUAL Expr  (56)
	Expr : Expr . '<' Expr  (57)
	Expr : Expr '<' Expr .  (57)
	Expr : Expr . '>' Expr  (58)
	Expr : Expr . LESS_EQUAL Expr  (59)
	Expr : Expr . GREATER_EQUAL Expr  (60)
	Expr : Expr . AND Expr  (61)
	Expr : Expr . OR Expr  (62)

	'+'  shift 128
	'-'  shift 129
	'*'  shift 130
	'/'  shift 131
	'%'  shift 132
	'.'  shift 135
	'['  shift 136
	AND  reduce 57
	OR  reduce 57
	EQUAL  reduce 57
	NOT_EQUAL  reduce 57
	':'  reduce 57
	','  reduce 57
	';'  reduce 57
	')'  reduce 57
	']'  reduce 57


state 172
	Receiver : Expr . '.'  (42)
	LValue : Expr . '[' Expr ']'  (45)
	LValue : Expr '[' Expr . ']'  (45)
	Expr : Expr . '+' Expr  (50)
	Expr : Expr . '-' Expr  (51)
	Expr : Expr . '*' Expr  (52)
	Expr : Expr . '/' Expr  (53)
	Expr : Expr . '%' Expr  (54)
	Expr : Expr . EQUAL Expr  (55)
	Expr : Expr . NOT_EQUAL Expr  (56)
	Expr : Expr . '<' Expr  (57)
	Expr : Expr . '>' Expr  (58)
	Expr : Expr . LESS_EQUAL Expr  (59)
	Expr : Expr . GREATER_EQUAL Expr  (60)
	Expr : Expr . AND Expr  (61)
	Expr : Expr . OR Expr  (62)

	AND  shift 122
	OR  shift 123
	LESS_EQUAL  shift 124
	GREATER_EQUAL  shift 125
	EQUAL  shift 126
	NOT_EQUAL  shift 127
	'+'  shift 128
	'-'  shift 129
	'*'  shift 130
	'/'  shift 131
	'%'  shift 132
	'>'  shift 133
	'<'  shift 134
	'.'  shift 135
	'['  shift 136
	']'  shift 190
	.  error


state 173
	Call : Receiver IDENTIFIER '(' . Actuals ')'  (46)
	Receiver : .  (43)
	Actuals : .  (89)

	NULL  shift 47
	THIS  shift 48
	SUPER  shift 51
	NEW  shift 55
	DCOPY  shift 57
	SCOPY  shift 58
	READ_INTEGER  shift 60
	READ_LINE  shift 61
	LITERAL  shift 63
	INSTANCEOF  shift 64
	'-'  shift 65
	'@'  shift 66
	'$'  shift 67
	'#'  shift 68
	'!'  shift 69
	'('  shift 70
	CASE  shift 72
	IDENTIFIER  reduce 43
	')'  reduce 89

	LValue  goto 94
	Expr  goto 149
	Call  goto 96
	Receiver  goto 88
	Actuals  goto 191
	Constant  goto 89
	CaseExpr  goto 90
	ExprList  goto 192


state 174
	WhileStmt : WHILE '(' Expr ')' . Stmt  (92)
	SimpleStmt : .  (41)
	Receiver : .  (43)

	VOID  shift 12
	BOOL  shift 13
	INT  shift 14
	STRING  shift 15
	COMPLEX  shift 16
	CLASS  shift 17
	NULL  shift 47
	THIS  shift 48
	WHILE  shift 49
	FOR  shift 50
	SUPER  shift 51
	IF  shift 52
	RETURN  shift 53
	BREAK  shift 54
	NEW  shift 55
	DO  shift 56
	DCOPY  shift 57
	SCOPY  shift 58
	PRINT  shift 59
	READ_INTEGER  shift 60
	READ_LINE  shift 61
	PRINTCOMP  shift 62
	LITERAL  shift 63
	INSTANCEOF  shift 64
	'-'  shift 65
	'@'  shift 66
	'$'  shift 67
	'#'  shift 68
	'!'  shift 69
	'('  shift 70
	'{'  shift 42
	CASE  shift 72
	IDENTIFIER  reduce 43
	';'  reduce 41

	VariableDef  goto 73
	Variable  goto 21
	Type  goto 34
	StmtBlock  goto 74
	Stmt  goto 193
	SimpleStmt  goto 76
	IfStmt  goto 77
	WhileStmt  goto 78
	ForStmt  goto 79
	ReturnStmt  goto 80
	PrintStmt  goto 81
	BreakStmt  goto 82
	PrintCompStmt  goto 83
	DoStmt  goto 84
	LValue  goto 85
	Expr  goto 86
	Call  goto 87
	Receiver  goto 88
	Constant  goto 89
	CaseExpr  goto 90


state 175
	ForStmt : FOR '(' SimpleStmt ';' . Expr ';' SimpleStmt ')' Stmt  (93)
	Receiver : .  (43)

	NULL  shift 47
	THIS  shift 48
	SUPER  shift 51
	NEW  shift 55
	DCOPY  shift 57
	SCOPY  shift 58
	READ_INTEGER  shift 60
	READ_LINE  shift 61
	LITERAL  shift 63
	INSTANCEOF  shift 64
	'-'  shift 65
	'@'  shift 66
	'$'  shift 67
	'#'  shift 68
	'!'  shift 69
	'('  shift 70
	CASE  shift 72
	IDENTIFIER  reduce 43

	LValue  goto 94
	Expr  goto 194
	Call  goto 96
	Receiver  goto 88
	Constant  goto 89
	CaseExpr  goto 90


state 176
	IfStmt : IF '(' Expr ')' . Stmt ElseClause  (95)
	SimpleStmt : .  (41)
	Receiver : .  (43)

	VOID  shift 12
	BOOL  shift 13
	INT  shift 14
	STRING  shift 15
	COMPLEX  shift 16
	CLASS  shift 17
	NULL  shift 47
	THIS  shift 48
	WHILE  shift 49
	FOR  shift 50
	SUPER  shift 51
	IF  shift 52
	RETURN  shift 53
	BREAK  shift 54
	NEW  shift 55
	DO  shift 56
	DCOPY  shift 57
	SCOPY  shift 58
	PRINT  shift 59
	READ_INTEGER  shift 60
	READ_LINE  shift 61
	PRINTCOMP  shift 62
	LITERAL  shift 63
	INSTANCEOF  shift 64
	'-'  shift 65
	'@'  shift 66
	'$'  shift 67
	'#'  shift 68
	'!'  shift 69
	'('  shift 70
	'{'  shift 42
	CASE  shift 72
	IDENTIFIER  reduce 43
	';'  reduce 41

	VariableDef  goto 73
	Variable  goto 21
	Type  goto 34
	StmtBlock  goto 74
	Stmt  goto 195
	SimpleStmt  goto 76
	IfStmt  goto 77
	WhileStmt  goto 78
	ForStmt  goto 79
	ReturnStmt  goto 80
	PrintStmt  goto 81
	BreakStmt  goto 82
	PrintCompStmt  goto 83
	DoStmt  goto 84
	LValue  goto 85
	Expr  goto 86
	Call  goto 87
	Receiver  goto 88
	Constant  goto 89
	CaseExpr  goto 90


state 177
	Expr : NEW IDENTIFIER '(' ')' .  (73)

	.  reduce 73


state 178
	Receiver : Expr . '.'  (42)
	LValue : Expr . '[' Expr ']'  (45)
	Expr : Expr . '+' Expr  (50)
	Expr : Expr . '-' Expr  (51)
	Expr : Expr . '*' Expr  (52)
	Expr : Expr . '/' Expr  (53)
	Expr : Expr . '%' Expr  (54)
	Expr : Expr . EQUAL Expr  (55)
	Expr : Expr . NOT_EQUAL Expr  (56)
	Expr : Expr . '<' Expr  (57)
	Expr : Expr . '>' Expr  (58)
	Expr : Expr . LESS_EQUAL Expr  (59)
	Expr : Expr . GREATER_EQUAL Expr  (60)
	Expr : Expr . AND Expr  (61)
	Expr : Expr . OR Expr  (62)
	Expr : NEW Type '[' Expr . ']'  (74)

	AND  shift 122
	OR  shift 123
	LESS_EQUAL  shift 124
	GREATER_EQUAL  shift 125
	EQUAL  shift 126
	NOT_EQUAL  shift 127
	'+'  shift 128
	'-'  shift 129
	'*'  shift 130
	'/'  shift 131
	'%'  shift 132
	'>'  shift 133
	'<'  shift 134
	'.'  shift 135
	'['  shift 136
	']'  shift 196
	.  error


state 179
	DoSubStmt : Expr ':' . Stmt  (102)
	SimpleStmt : .  (41)
	Receiver : .  (43)

	VOID  shift 12
	BOOL  shift 13
	INT  shift 14
	STRING  shift 15
	COMPLEX  shift 16
	CLASS  shift 17
	NULL  shift 47
	THIS  shift 48
	WHILE  shift 49
	FOR  shift 50
	SUPER  shift 51
	IF  shift 52
	RETURN  shift 53
	BREAK  shift 54
	NEW  shift 55
	DO  shift 56
	DCOPY  shift 57
	SCOPY  shift 58
	PRINT  shift 59
	READ_INTEGER  shift 60
	READ_LINE  shift 61
	PRINTCOMP  shift 62
	LITERAL  shift 63
	INSTANCEOF  shift 64
	'-'  shift 65
	'@'  shift 66
	'$'  shift 67
	'#'  shift 68
	'!'  shift 69
	'('  shift 70
	'{'  shift 42
	CASE  shift 72
	IDENTIFIER  reduce 43
	';'  reduce 41

	VariableDef  goto 73
	Variable  goto 21
	Type  goto 34
	StmtBlock  goto 74
	Stmt  goto 197
	SimpleStmt  goto 76
	IfStmt  goto 77
	WhileStmt  goto 78
	ForStmt  goto 79
	ReturnStmt  goto 80
	PrintStmt  goto 81
	BreakStmt  goto 82
	PrintCompStmt  goto 83
	DoStmt  goto 84
	LValue  goto 85
	Expr  goto 86
	Call  goto 87
	Receiver  goto 88
	Constant  goto 89
	CaseExpr  goto 90


state 180
	DoBranch : DoSubStmt VERTS .  (103)

	.  reduce 103


state 181
	DoStmt : DO DoList OD ';' .  (107)

	.  reduce 107


state 182
	Expr : DCOPY '(' Expr ')' .  (78)

	.  reduce 78


state 183
	Expr : SCOPY '(' Expr ')' .  (79)

	.  reduce 79


state 184
	ExprList : ExprList ',' . Expr  (90)
	Receiver : .  (43)

	NULL  shift 47
	THIS  shift 48
	SUPER  shift 51
	NEW  shift 55
	DCOPY  shift 57
	SCOPY  shift 58
	READ_INTEGER  shift 60
	READ_LINE  shift 61
	LITERAL  shift 63
	INSTANCEOF  shift 64
	'-'  shift 65
	'@'  shift 66
	'$'  shift 67
	'#'  shift 68
	'!'  shift 69
	'('  shift 70
	CASE  shift 72
	IDENTIFIER  reduce 43

	LValue  goto 94
	Expr  goto 198
	Call  goto 96
	Receiver  goto 88
	Constant  goto 89
	CaseExpr  goto 90


state 185
	PrintStmt : PRINT '(' ExprList ')' .  (100)

	.  reduce 100


state 186
	PrintCompStmt : PRINTCOMP '(' ExprList ')' .  (101)

	.  reduce 101


state 187
	Expr : INSTANCEOF '(' Expr ',' . IDENTIFIER ')'  (75)

	IDENTIFIER  shift 199
	.  error


state 188
	Expr : '(' CLASS IDENTIFIER ')' . Expr  (76)
	Receiver : .  (43)

	NULL  shift 47
	THIS  shift 48
	SUPER  shift 51
	NEW  shift 55
	DCOPY  shift 57
	SCOPY  shift 58
	READ_INTEGER  shift 60
	READ_LINE  shift 61
	LITERAL  shift 63
	INSTANCEOF  shift 64
	'-'  shift 65
	'@'  shift 66
	'$'  shift 67
	'#'  shift 68
	'!'  shift 69
	'('  shift 70
	CASE  shift 72
	IDENTIFIER  reduce 43

	LValue  goto 94
	Expr  goto 200
	Call  goto 96
	Receiver  goto 88
	Constant  goto 89
	CaseExpr  goto 90


state 189
	CaseExpr : CASE '(' Expr ')' . '{' ACaseExprList DefaultExpr '}'  (80)
	CaseExpr : CASE '(' Expr ')' . '{' DefaultExpr '}'  (81)

	'{'  shift 201
	.  error


state 190
	LValue : Expr '[' Expr ']' .  (45)

	.  reduce 45


state 191
	Call : Receiver IDENTIFIER '(' Actuals . ')'  (46)

	')'  shift 202
	.  error


state 192
	Actuals : ExprList .  (88)
	ExprList : ExprList . ',' Expr  (90)

	','  shift 184
	')'  reduce 88


state 193
	WhileStmt : WHILE '(' Expr ')' Stmt .  (92)

	.  reduce 92


state 194
	Receiver : Expr . '.'  (42)
	LValue : Expr . '[' Expr ']'  (45)
	Expr : Expr . '+' Expr  (50)
	Expr : Expr . '-' Expr  (51)
	Expr : Expr . '*' Expr  (52)
	Expr : Expr . '/' Expr  (53)
	Expr : Expr . '%' Expr  (54)
	Expr : Expr . EQUAL Expr  (55)
	Expr : Expr . NOT_EQUAL Expr  (56)
	Expr : Expr . '<' Expr  (57)
	Expr : Expr . '>' Expr  (58)
	Expr : Expr . LESS_EQUAL Expr  (59)
	Expr : Expr . GREATER_EQUAL Expr  (60)
	Expr : Expr . AND Expr  (61)
	Expr : Expr . OR Expr  (62)
	ForStmt : FOR '(' SimpleStmt ';' Expr . ';' SimpleStmt ')' Stmt  (93)

	AND  shift 122
	OR  shift 123
	LESS_EQUAL  shift 124
	GREATER_EQUAL  shift 125
	EQUAL  shift 126
	NOT_EQUAL  shift 127
	'+'  shift 128
	'-'  shift 129
	'*'  shift 130
	'/'  shift 131
	'%'  shift 132
	'>'  shift 133
	'<'  shift 134
	'.'  shift 135
	';'  shift 203
	'['  shift 136
	.  error


state 195
	IfStmt : IF '(' Expr ')' Stmt . ElseClause  (95)
	ElseClause : .  (97)

	ELSE  shift 204
	VOID  reduce 97
	BOOL  reduce 97
	INT  reduce 97
	STRING  reduce 97
	COMPLEX  reduce 97
	CLASS  reduce 97
	NULL  reduce 97
	THIS  reduce 97
	WHILE  reduce 97
	FOR  reduce 97
	SUPER  reduce 97
	IF  reduce 97
	RETURN  reduce 97
	BREAK  reduce 97
	NEW  reduce 97
	DO  reduce 97
	OD  reduce 97
	DCOPY  reduce 97
	SCOPY  reduce 97
	PRINT  reduce 97
	READ_INTEGER  reduce 97
	READ_LINE  reduce 97
	PRINTCOMP  reduce 97
	LITERAL  reduce 97
	IDENTIFIER  reduce 97
	INSTANCEOF  reduce 97
	VERTS  reduce 97
	'-'  reduce 97
	'@'  reduce 97
	'$'  reduce 97
	'#'  reduce 97
	';'  reduce 97
	'!'  reduce 97
	'('  reduce 97
	'{'  reduce 97
	'}'  reduce 97
	CASE  reduce 97

	ElseClause  goto 205


state 196
	Expr : NEW Type '[' Expr ']' .  (74)

	.  reduce 74


state 197
	DoSubStmt : Expr ':' Stmt .  (102)

	.  reduce 102


state 198
	Receiver : Expr . '.'  (42)
	LValue : Expr . '[' Expr ']'  (45)
	Expr : Expr . '+' Expr  (50)
	Expr : Expr . '-' Expr  (51)
	Expr : Expr . '*' Expr  (52)
	Expr : Expr . '/' Expr  (53)
	Expr : Expr . '%' Expr  (54)
	Expr : Expr . EQUAL Expr  (55)
	Expr : Expr . NOT_EQUAL Expr  (56)
	Expr : Expr . '<' Expr  (57)
	Expr : Expr . '>' Expr  (58)
	Expr : Expr . LESS_EQUAL Expr  (59)
	Expr : Expr . GREATER_EQUAL Expr  (60)
	Expr : Expr . AND Expr  (61)
	Expr : Expr . OR Expr  (62)
	ExprList : ExprList ',' Expr .  (90)

	AND  shift 122
	OR  shift 123
	LESS_EQUAL  shift 124
	GREATER_EQUAL  shift 125
	EQUAL  shift 126
	NOT_EQUAL  shift 127
	'+'  shift 128
	'-'  shift 129
	'*'  shift 130
	'/'  shift 131
	'%'  shift 132
	'>'  shift 133
	'<'  shift 134
	'.'  shift 135
	'['  shift 136
	','  reduce 90
	')'  reduce 90


state 199
	Expr : INSTANCEOF '(' Expr ',' IDENTIFIER . ')'  (75)

	')'  shift 206
	.  error


state 200
	Receiver : Expr . '.'  (42)
	LValue : Expr . '[' Expr ']'  (45)
	Expr : Expr . '+' Expr  (50)
	Expr : Expr . '-' Expr  (51)
	Expr : Expr . '*' Expr  (52)
	Expr : Expr . '/' Expr  (53)
	Expr : Expr . '%' Expr  (54)
	Expr : Expr . EQUAL Expr  (55)
	Expr : Expr . NOT_EQUAL Expr  (56)
	Expr : Expr . '<' Expr  (57)
	Expr : Expr . '>' Expr  (58)
	Expr : Expr . LESS_EQUAL Expr  (59)
	Expr : Expr . GREATER_EQUAL Expr  (60)
	Expr : Expr . AND Expr  (61)
	Expr : Expr . OR Expr  (62)
	Expr : '(' CLASS IDENTIFIER ')' Expr .  (76)

	.  reduce 76


state 201
	CaseExpr : CASE '(' Expr ')' '{' . ACaseExprList DefaultExpr '}'  (80)
	CaseExpr : CASE '(' Expr ')' '{' . DefaultExpr '}'  (81)

	NULL  shift 47
	LITERAL  shift 63
	DEFAULT  shift 207
	.  error

	Constant  goto 208
	ACaseExprList  goto 209
	DefaultExpr  goto 210
	ACaseExpr  goto 211


state 202
	Call : Receiver IDENTIFIER '(' Actuals ')' .  (46)

	.  reduce 46


state 203
	ForStmt : FOR '(' SimpleStmt ';' Expr ';' . SimpleStmt ')' Stmt  (93)
	SimpleStmt : .  (41)
	Receiver : .  (43)

	NULL  shift 47
	THIS  shift 48
	SUPER  shift 51
	NEW  shift 55
	DCOPY  shift 57
	SCOPY  shift 58
	READ_INTEGER  shift 60
	READ_LINE  shift 61
	LITERAL  shift 63
	INSTANCEOF  shift 64
	'-'  shift 65
	'@'  shift 66
	'$'  shift 67
	'#'  shift 68
	'!'  shift 69
	'('  shift 70
	CASE  shift 72
	IDENTIFIER  reduce 43
	')'  reduce 41

	SimpleStmt  goto 212
	LValue  goto 85
	Expr  goto 86
	Call  goto 87
	Receiver  goto 88
	Constant  goto 89
	CaseExpr  goto 90


state 204
	ElseClause : ELSE . Stmt  (96)
	SimpleStmt : .  (41)
	Receiver : .  (43)

	VOID  shift 12
	BOOL  shift 13
	INT  shift 14
	STRING  shift 15
	COMPLEX  shift 16
	CLASS  shift 17
	NULL  shift 47
	THIS  shift 48
	WHILE  shift 49
	FOR  shift 50
	SUPER  shift 51
	IF  shift 52
	RETURN  shift 53
	BREAK  shift 54
	NEW  shift 55
	DO  shift 56
	DCOPY  shift 57
	SCOPY  shift 58
	PRINT  shift 59
	READ_INTEGER  shift 60
	READ_LINE  shift 61
	PRINTCOMP  shift 62
	LITERAL  shift 63
	INSTANCEOF  shift 64
	'-'  shift 65
	'@'  shift 66
	'$'  shift 67
	'#'  shift 68
	'!'  shift 69
	'('  shift 70
	'{'  shift 42
	CASE  shift 72
	IDENTIFIER  reduce 43
	';'  reduce 41

	VariableDef  goto 73
	Variable  goto 21
	Type  goto 34
	StmtBlock  goto 74
	Stmt  goto 213
	SimpleStmt  goto 76
	IfStmt  goto 77
	WhileStmt  goto 78
	ForStmt  goto 79
	ReturnStmt  goto 80
	PrintStmt  goto 81
	BreakStmt  goto 82
	PrintCompStmt  goto 83
	DoStmt  goto 84
	LValue  goto 85
	Expr  goto 86
	Call  goto 87
	Receiver  goto 88
	Constant  goto 89
	CaseExpr  goto 90


state 205
	IfStmt : IF '(' Expr ')' Stmt ElseClause .  (95)

	.  reduce 95


state 206
	Expr : INSTANCEOF '(' Expr ',' IDENTIFIER ')' .  (75)

	.  reduce 75


state 207
	DefaultExpr : DEFAULT . ':' Expr ';'  (85)

	':'  shift 214
	.  error


state 208
	ACaseExpr : Constant . ':' Expr ';'  (84)

	':'  shift 215
	.  error


state 209
	CaseExpr : CASE '(' Expr ')' '{' ACaseExprList . DefaultExpr '}'  (80)
	ACaseExprList : ACaseExprList . ACaseExpr  (82)

	NULL  shift 47
	LITERAL  shift 63
	DEFAULT  shift 207
	.  error

	Constant  goto 208
	DefaultExpr  goto 216
	ACaseExpr  goto 217


state 210
	CaseExpr : CASE '(' Expr ')' '{' DefaultExpr . '}'  (81)

	'}'  shift 218
	.  error


state 211
	ACaseExprList : ACaseExpr .  (83)

	.  reduce 83


state 212
	ForStmt : FOR '(' SimpleStmt ';' Expr ';' SimpleStmt . ')' Stmt  (93)

	')'  shift 219
	.  error


state 213
	ElseClause : ELSE Stmt .  (96)

	.  reduce 96


state 214
	DefaultExpr : DEFAULT ':' . Expr ';'  (85)
	Receiver : .  (43)

	NULL  shift 47
	THIS  shift 48
	SUPER  shift 51
	NEW  shift 55
	DCOPY  shift 57
	SCOPY  shift 58
	READ_INTEGER  shift 60
	READ_LINE  shift 61
	LITERAL  shift 63
	INSTANCEOF  shift 64
	'-'  shift 65
	'@'  shift 66
	'$'  shift 67
	'#'  shift 68
	'!'  shift 69
	'('  shift 70
	CASE  shift 72
	IDENTIFIER  reduce 43

	LValue  goto 94
	Expr  goto 220
	Call  goto 96
	Receiver  goto 88
	Constant  goto 89
	CaseExpr  goto 90


state 215
	ACaseExpr : Constant ':' . Expr ';'  (84)
	Receiver : .  (43)

	NULL  shift 47
	THIS  shift 48
	SUPER  shift 51
	NEW  shift 55
	DCOPY  shift 57
	SCOPY  shift 58
	READ_INTEGER  shift 60
	READ_LINE  shift 61
	LITERAL  shift 63
	INSTANCEOF  shift 64
	'-'  shift 65
	'@'  shift 66
	'$'  shift 67
	'#'  shift 68
	'!'  shift 69
	'('  shift 70
	CASE  shift 72
	IDENTIFIER  reduce 43

	LValue  goto 94
	Expr  goto 221
	Call  goto 96
	Receiver  goto 88
	Constant  goto 89
	CaseExpr  goto 90


state 216
	CaseExpr : CASE '(' Expr ')' '{' ACaseExprList DefaultExpr . '}'  (80)

	'}'  shift 222
	.  error


state 217
	ACaseExprList : ACaseExprList ACaseExpr .  (82)

	.  reduce 82


state 218
	CaseExpr : CASE '(' Expr ')' '{' DefaultExpr '}' .  (81)

	.  reduce 81


state 219
	ForStmt : FOR '(' SimpleStmt ';' Expr ';' SimpleStmt ')' . Stmt  (93)
	SimpleStmt : .  (41)
	Receiver : .  (43)

	VOID  shift 12
	BOOL  shift 13
	INT  shift 14
	STRING  shift 15
	COMPLEX  shift 16
	CLASS  shift 17
	NULL  shift 47
	THIS  shift 48
	WHILE  shift 49
	FOR  shift 50
	SUPER  shift 51
	IF  shift 52
	RETURN  shift 53
	BREAK  shift 54
	NEW  shift 55
	DO  shift 56
	DCOPY  shift 57
	SCOPY  shift 58
	PRINT  shift 59
	READ_INTEGER  shift 60
	READ_LINE  shift 61
	PRINTCOMP  shift 62
	LITERAL  shift 63
	INSTANCEOF  shift 64
	'-'  shift 65
	'@'  shift 66
	'$'  shift 67
	'#'  shift 68
	'!'  shift 69
	'('  shift 70
	'{'  shift 42
	CASE  shift 72
	IDENTIFIER  reduce 43
	';'  reduce 41

	VariableDef  goto 73
	Variable  goto 21
	Type  goto 34
	StmtBlock  goto 74
	Stmt  goto 223
	SimpleStmt  goto 76
	IfStmt  goto 77
	WhileStmt  goto 78
	ForStmt  goto 79
	ReturnStmt  goto 80
	PrintStmt  goto 81
	BreakStmt  goto 82
	PrintCompStmt  goto 83
	DoStmt  goto 84
	LValue  goto 85
	Expr  goto 86
	Call  goto 87
	Receiver  goto 88
	Constant  goto 89
	CaseExpr  goto 90


state 220
	Receiver : Expr . '.'  (42)
	LValue : Expr . '[' Expr ']'  (45)
	Expr : Expr . '+' Expr  (50)
	Expr : Expr . '-' Expr  (51)
	Expr : Expr . '*' Expr  (52)
	Expr : Expr . '/' Expr  (53)
	Expr : Expr . '%' Expr  (54)
	Expr : Expr . EQUAL Expr  (55)
	Expr : Expr . NOT_EQUAL Expr  (56)
	Expr : Expr . '<' Expr  (57)
	Expr : Expr . '>' Expr  (58)
	Expr : Expr . LESS_EQUAL Expr  (59)
	Expr : Expr . GREATER_EQUAL Expr  (60)
	Expr : Expr . AND Expr  (61)
	Expr : Expr . OR Expr  (62)
	DefaultExpr : DEFAULT ':' Expr . ';'  (85)

	AND  shift 122
	OR  shift 123
	LESS_EQUAL  shift 124
	GREATER_EQUAL  shift 125
	EQUAL  shift 126
	NOT_EQUAL  shift 127
	'+'  shift 128
	'-'  shift 129
	'*'  shift 130
	'/'  shift 131
	'%'  shift 132
	'>'  shift 133
	'<'  shift 134
	'.'  shift 135
	';'  shift 224
	'['  shift 136
	.  error


state 221
	Receiver : Expr . '.'  (42)
	LValue : Expr . '[' Expr ']'  (45)
	Expr : Expr . '+' Expr  (50)
	Expr : Expr . '-' Expr  (51)
	Expr : Expr . '*' Expr  (52)
	Expr : Expr . '/' Expr  (53)
	Expr : Expr . '%' Expr  (54)
	Expr : Expr . EQUAL Expr  (55)
	Expr : Expr . NOT_EQUAL Expr  (56)
	Expr : Expr . '<' Expr  (57)
	Expr : Expr . '>' Expr  (58)
	Expr : Expr . LESS_EQUAL Expr  (59)
	Expr : Expr . GREATER_EQUAL Expr  (60)
	Expr : Expr . AND Expr  (61)
	Expr : Expr . OR Expr  (62)
	ACaseExpr : Constant ':' Expr . ';'  (84)

	AND  shift 122
	OR  shift 123
	LESS_EQUAL  shift 124
	GREATER_EQUAL  shift 125
	EQUAL  shift 126
	NOT_EQUAL  shift 127
	'+'  shift 128
	'-'  shift 129
	'*'  shift 130
	'/'  shift 131
	'%'  shift 132
	'>'  shift 133
	'<'  shift 134
	'.'  shift 135
	';'  shift 225
	'['  shift 136
	.  error


state 222
	CaseExpr : CASE '(' Expr ')' '{' ACaseExprList DefaultExpr '}' .  (80)

	.  reduce 80


state 223
	ForStmt : FOR '(' SimpleStmt ';' Expr ';' SimpleStmt ')' Stmt .  (93)

	.  reduce 93


state 224
	DefaultExpr : DEFAULT ':' Expr ';' .  (85)

	.  reduce 85


state 225
	ACaseExpr : Constant ':' Expr ';' .  (84)

	.  reduce 84


64 terminals, 40 nonterminals
108 grammar rules, 226 states
