Problem 1
hilb3, cond under inf norm is: 748.0000
hilb4, cond under inf norm is: 28375.0000

Problem 2
the solution is: 
1.000000 1.000000 0.999998 1.000020 0.999903 1.000267 0.999563 1.000421 0.999779 1.000048 
r is : 0.000000000000, the deltax is: 0.000436911530

Problem 3
the solution is: 
1.000000 1.000000 0.999998 1.000021 0.999901 1.000272 0.999555 1.000429 0.999775 1.000049 
r is : 0.000000000000, the deltax is: 0.000444585071

Problem 4
the solution is: 
0.999999 1.000099 0.997621 1.024049 0.873755 1.378703 0.326796 1.700641 0.605909 1.092437 
r is : 0.000000000000, the deltax is: 0.700640814414

Problem 5
i = 5: r is : 0.000000000000, the deltax is: 0.000000000003
i = 6: r is : 0.000000000000, the deltax is: 0.000000000425
i = 7: r is : 0.000000000000, the deltax is: 0.000000015222
i = 8: r is : 0.000000000000, the deltax is: 0.000000487042
i = 9: r is : 0.000000000000, the deltax is: 0.000016869114
i = 10: r is : 0.000000000000, the deltax is: 0.000436911530
i = 11: r is : 0.000000000000, the deltax is: 0.009726486882
i = 12: r is : 0.000000000000, the deltax is: 0.204232243715
i = 13: r is : 0.000000000000, the deltax is: 6.493529661418
i = 14: r is : 0.000000000000, the deltax is: 10.428207690148
i = 15: r is : 0.000000000000, the deltax is: 8.355047567109
i = 16: r is : 0.000000000000, the deltax is: 9.180072412591
i = 17: r is : 0.000000000000, the deltax is: 18.416462283497
i = 18: r is : 0.000000000000, the deltax is: 46.128917552869
i = 19: r is : 0.000000000000, the deltax is: 13.341959391111
i = 20: r is : 0.000000000000, the deltax is: 58.516277170010
i = 21: r is : 0.000000000000, the deltax is: 61.697589597599
i = 22: r is : 0.000000000000, the deltax is: 67.008000514975
i = 23: r is : 0.000000000000, the deltax is: 171.558350683744
i = 24: r is : 0.000000000000, the deltax is: 46.170493102604
i = 25: r is : 0.000000000000, the deltax is: 151.476438012963
i = 26: r is : 0.000000000000, the deltax is: 122.603044468031
i = 27: r is : 0.000000000000, the deltax is: 61.096976107076
i = 28: r is : 0.000000000000, the deltax is: 548.858039252004
i = 29: r is : 0.000000000000, the deltax is: 82.203974368480
