2 7
S1:72 53 66 44 23 11 
P1:25 
P2:73 
0 0
Prb_scr:0.000000
Action:0
41
12 13 14 15 16 17 21 22 24 26 27 31 32 33 34 35 36 37 41 42 43 45 46 47 51 52 54 55 56 57 61 62 63 64 65 67 71 74 75 76 77 

2 7
S1:72 53 66 44 23 11 
P1:25 
P2:73 
0 0
Prb_scr:0.000000
Action:0
41
12 13 14 15 16 17 21 22 24 26 27 31 32 33 34 35 36 37 41 42 43 45 46 47 51 52 54 55 56 57 61 62 63 64 65 67 71 74 75 76 77 

2 7
S1:72 53 66 44 23 11 
P1:25 
P2:73 
0 0
Prb_scr:0.000000
Action:0
41
12 13 14 15 16 17 21 22 24 26 27 31 32 33 34 35 36 37 41 42 43 45 46 47 51 52 54 55 56 57 61 62 63 64 65 67 71 74 75 76 77 

2 7
S1:72 53 66 44 23 11 
P1:25 
P2:73 
0 0
Prb_scr:0.000000
Action:0
41
12 13 14 15 16 17 21 22 24 26 27 31 32 33 34 35 36 37 41 42 43 45 46 47 51 52 54 55 56 57 61 62 63 64 65 67 71 74 75 76 77 

2 7
S1:72 53 66 44 23 11 
P1:25 
P2:73 
0 0
Prb_scr:0.000000
Action:0
41
12 13 14 15 16 17 21 22 24 26 27 31 32 33 34 35 36 37 41 42 43 45 46 47 51 52 54 55 56 57 61 62 63 64 65 67 71 74 75 76 77 

2 7
S1:72 53 66 44 23 11 
P1:25 
P2:73 
0 0
Prb_scr:0.000000
Action:0
41
12 13 14 15 16 17 21 22 24 26 27 31 32 33 34 35 36 37 41 42 43 45 46 47 51 52 54 55 56 57 61 62 63 64 65 67 71 74 75 76 77 

2 7
S1:72 53 66 44 23 11 
P1:25 
P2:73 
0 0
Prb_scr:0.000000
Action:0
41
12 13 14 15 16 17 21 22 24 26 27 31 32 33 34 35 36 37 41 42 43 45 46 47 51 52 54 55 56 57 61 62 63 64 65 67 71 74 75 76 77 

2 7
S1:72 53 66 44 23 11 
P1:25 
P2:73 
0 0
Prb_scr:0.000000
Action:0
41
12 13 14 15 16 17 21 22 24 26 27 31 32 33 34 35 36 37 41 42 43 45 46 47 51 52 54 55 56 57 61 62 63 64 65 67 71 74 75 76 77 

2 7
S1:53 66 44 23 11 
P1:25 
P2:73 
0 0
Prb_scr:-10.158122
Action:1100
42
12 13 14 15 16 17 21 22 24 26 27 31 32 33 34 35 36 37 41 42 43 45 46 47 51 52 54 55 56 57 61 62 63 64 65 67 71 72 74 75 76 77 

2 7
S1:66 44 23 11 
P1:25 
P2:73 
0 0
Prb_scr:-10.090833
Action:1100
43
12 13 14 15 16 17 21 22 24 26 27 31 32 33 34 35 36 37 41 42 43 45 46 47 51 52 53 54 55 56 57 61 62 63 64 65 67 71 72 74 75 76 77 

2 7
S1:66 44 23 
P1:25 
P2:73 
0 0
Prb_scr:-8.091134
Action:4423
44
11 12 13 14 15 16 17 21 22 24 26 27 31 32 33 34 35 36 37 41 42 43 45 46 47 51 52 53 54 55 56 57 61 62 63 64 65 67 71 72 74 75 76 77 

