2 7
S1:71 45 32 44 33 22 11 
P1:25 
P2:73 
0 0
Prb_win:0.000000
Prb_scr:-1000000000.000000
Action:0

2 7
S1:71 45 32 44 33 22 11 
P1:25 
P2:73 
0 0
Prb_win:0.000000
Prb_scr:-1000000000.000000
Action:0

2 7
S1:71 45 32 44 33 22 11 
P1:25 
P2:73 
0 0
Prb_win:0.000000
Prb_scr:-1000000000.000000
Action:0

2 7
S1:71 45 32 44 33 22 11 
P1:25 
P2:73 
0 0
Prb_win:0.000000
Prb_scr:-1000000000.000000
Action:0

2 7
S1:71 45 32 44 33 22 11 
P1:25 
P2:73 
0 0
Prb_win:0.000000
Prb_scr:-1000000000.000000
Action:0

2 7
S1:71 45 32 44 33 22 11 
P1:25 
P2:73 
0 0
Prb_win:0.830139
Prb_scr:6.118450
Action:1100

